#
# A fatal error has been detected by the Java Runtime Environment:
#
#  EXCEPTION_ACCESS_VIOLATION (0xc0000005) at pc=0x0000000062713608, pid=1328, tid=0x0000000000005d20
#
# JRE version: Java(TM) SE Runtime Environment (8.0_111-b14) (build 1.8.0_111-b14)
# Java VM: Java HotSpot(TM) 64-Bit Server VM (25.111-b14 mixed mode windows-amd64 compressed oops)
# Problematic frame:
# V  [jvm.dll+0x43608]
#
# Failed to write core dump. Minidumps are not enabled by default on client versions of Windows
#
# If you would like to submit a bug report, please visit:
#   http://bugreport.java.com/bugreport/crash.jsp
#

---------------  T H R E A D  ---------------

Current thread (0x00000000168d8800):  JavaThread "C1 CompilerThread3" daemon [_thread_in_vm, id=23840, stack(0x0000000017470000,0x0000000017570000)]

siginfo: ExceptionCode=0xc0000005, reading address 0xffffffffffffffff

Registers:
RAX=0x00000000168d8800, RBX=0x0000000002ff5620, RCX=0x0000000002ff5620, RDX=0x0000000002ff5620
RSP=0x000000001756d430, RBP=0x000000001696feb0, RSI=0x0000000002ff5620, RDI=0x0000000000000000
R8 =0x3cccc588ffff0013, R9 =0x0000000000000000, R10=0x00000000169700e0, R11=0x0000000018c43050
R12=0x00000000168d8800, R13=0x000000001696feb0, R14=0x0000000017d55ad0, R15=0x0000000000000000
RIP=0x0000000062713608, EFLAGS=0x0000000000010202

Top of Stack: (sp=0x000000001756d430)
0x000000001756d430:   00000000000000b6 000000001756f9e0
0x000000001756d440:   0000000000000000 0000000000000077
0x000000001756d450:   000000001d3b1828 000000001756f9e0
0x000000001756d460:   000000001756d540 00000000626ffe25
0x000000001756d470:   00000000000000ea 0000000062713999
0x000000001756d480:   0000000000000077 0000000000000077
0x000000001756d490:   0000000000000000 0000000000000000
0x000000001756d4a0:   00000000000000b6 000000001a703b70
0x000000001756d4b0:   0000000002fa9ea0 0000000062711c6b
0x000000001756d4c0:   0000000000000000 00000000168d8800
0x000000001756d4d0:   0000000017d57290 00000000626fce0f
0x000000001756d4e0:   00000000168d8800 0000000062716f80
0x000000001756d4f0:   00000000168d8800 00000000168d8800
0x000000001756d500:   000000001a703b70 0000000062af0aeb
0x000000001756d510:   0000000000000000 0000000000000000
0x000000001756d520:   0000000017d57290 0000000000000000 

Instructions: (pc=0x0000000062713608)
0x00000000627135e8:   00 48 8b da ff 15 fe 7d 59 00 44 0f b6 05 5a d9
0x00000000627135f8:   7a 00 4c 8b e0 45 84 c0 74 39 4c 8b 03 48 8b cb
0x0000000062713608:   41 ff 50 08 84 c0 74 2b 83 7b 08 00 7e 25 0f b6
0x0000000062713618:   83 0e 01 00 00 c0 e8 03 a8 01 74 17 48 8b 03 48 


Register to memory mapping:

RAX=0x00000000168d8800 is a thread
RBX=0x0000000002ff5620 is an unknown value
RCX=0x0000000002ff5620 is an unknown value
RDX=0x0000000002ff5620 is an unknown value
RSP=0x000000001756d430 is pointing into the stack for thread: 0x00000000168d8800
RBP=0x000000001696feb0 is an unknown value
RSI=0x0000000002ff5620 is an unknown value
RDI=0x0000000000000000 is an unknown value
R8 =0x3cccc588ffff0013 is an unknown value
R9 =0x0000000000000000 is an unknown value
R10=0x00000000169700e0 is an unknown value
R11=0x0000000018c43050 is an unknown value
R12=0x00000000168d8800 is a thread
R13=0x000000001696feb0 is an unknown value
R14=0x0000000017d55ad0 is an unknown value
R15=0x0000000000000000 is an unknown value


Stack: [0x0000000017470000,0x0000000017570000],  sp=0x000000001756d430,  free space=1013k
Native frames: (J=compiled Java code, j=interpreted, Vv=VM code, C=native code)
V  [jvm.dll+0x43608]
V  [jvm.dll+0x43999]
V  [jvm.dll+0x41c6b]
V  [jvm.dll+0x420aeb]
V  [jvm.dll+0x41b8da]
V  [jvm.dll+0x41e727]
V  [jvm.dll+0x41eeeb]
V  [jvm.dll+0x41fde6]
V  [jvm.dll+0x420048]
V  [jvm.dll+0x42047b]
V  [jvm.dll+0x41ffd5]
V  [jvm.dll+0x41bd3b]
V  [jvm.dll+0x41e727]
V  [jvm.dll+0x41eeeb]
V  [jvm.dll+0x41fde6]
V  [jvm.dll+0x420048]
V  [jvm.dll+0x42047b]
V  [jvm.dll+0x41ffd5]
V  [jvm.dll+0x41bd3b]
V  [jvm.dll+0x41e727]
V  [jvm.dll+0x41f01d]
V  [jvm.dll+0x41fde6]
V  [jvm.dll+0x420048]
V  [jvm.dll+0x42047b]
V  [jvm.dll+0x41ffd5]
V  [jvm.dll+0x41bd3b]
V  [jvm.dll+0x41e727]
V  [jvm.dll+0x41eeeb]
V  [jvm.dll+0x41fde6]
V  [jvm.dll+0x420048]
V  [jvm.dll+0x42047b]
V  [jvm.dll+0x41ffd5]
V  [jvm.dll+0x41bd3b]
V  [jvm.dll+0x41e727]
V  [jvm.dll+0x41f01d]
V  [jvm.dll+0x41fde6]
V  [jvm.dll+0x420048]
V  [jvm.dll+0x42047b]
V  [jvm.dll+0x41ffd5]
V  [jvm.dll+0x41bd3b]
V  [jvm.dll+0x41e727]
V  [jvm.dll+0x41eeeb]
V  [jvm.dll+0x41fde6]
V  [jvm.dll+0x420048]
V  [jvm.dll+0x41bd3b]
V  [jvm.dll+0x41e727]
V  [jvm.dll+0x41eeeb]
V  [jvm.dll+0x41fde6]
V  [jvm.dll+0x420048]
V  [jvm.dll+0x41bd3b]
V  [jvm.dll+0x41e727]
V  [jvm.dll+0x41f01d]
V  [jvm.dll+0x41f412]
V  [jvm.dll+0x4244f5]
V  [jvm.dll+0x424600]
V  [jvm.dll+0x40ddb8]
V  [jvm.dll+0x40e021]
V  [jvm.dll+0x40e1e2]
V  [jvm.dll+0x40e3b1]
V  [jvm.dll+0x40e5bf]
V  [jvm.dll+0xa5742]
V  [jvm.dll+0xa607f]
V  [jvm.dll+0x244b7f]
V  [jvm.dll+0x29c43a]
C  [msvcr100.dll+0x21d9f]
C  [msvcr100.dll+0x21e3b]
C  [KERNEL32.DLL+0x17034]
C  [ntdll.dll+0x52651]


Current CompileTask:
C1:  37342 6592       3       android.content.res.TypedArray::$$robo$$android_content_res_TypedArray$loadStringValueAt (51 bytes)


---------------  P R O C E S S  ---------------

Java Threads: ( => current thread )
  0x00000000168da000 JavaThread "Java2D Disposer" daemon [_thread_blocked, id=22796, stack(0x000000001cef0000,0x000000001cff0000)]
  0x00000000181cc800 JavaThread "SDK 28 Main Thread" [_thread_in_Java, id=19956, stack(0x000000001aa50000,0x000000001ab50000)]
  0x000000001823f800 JavaThread "/127.0.0.1:56507 to /127.0.0.1:56506 workers Thread 3" [_thread_in_native, id=8384, stack(0x0000000019580000,0x0000000019680000)]
  0x00000000181d3000 JavaThread "/127.0.0.1:56507 to /127.0.0.1:56506 workers Thread 2" [_thread_blocked, id=22876, stack(0x0000000019480000,0x0000000019580000)]
  0x0000000018217000 JavaThread "Test worker" [_thread_blocked, id=20132, stack(0x0000000019040000,0x0000000019140000)]
  0x0000000016965000 JavaThread "Service Thread" daemon [_thread_blocked, id=21276, stack(0x0000000017570000,0x0000000017670000)]
=>0x00000000168d8800 JavaThread "C1 CompilerThread3" daemon [_thread_in_vm, id=23840, stack(0x0000000017470000,0x0000000017570000)]
  0x00000000168cb800 JavaThread "C2 CompilerThread2" daemon [_thread_blocked, id=17984, stack(0x0000000017370000,0x0000000017470000)]
  0x00000000168c5000 JavaThread "C2 CompilerThread1" daemon [_thread_blocked, id=22928, stack(0x0000000017270000,0x0000000017370000)]
  0x00000000168c4000 JavaThread "C2 CompilerThread0" daemon [_thread_blocked, id=16328, stack(0x0000000017170000,0x0000000017270000)]
  0x00000000168bd800 JavaThread "Attach Listener" daemon [_thread_blocked, id=11096, stack(0x0000000017070000,0x0000000017170000)]
  0x00000000168bc800 JavaThread "Signal Dispatcher" daemon [_thread_blocked, id=18208, stack(0x0000000016f70000,0x0000000017070000)]
  0x0000000003099000 JavaThread "Finalizer" daemon [_thread_blocked, id=23596, stack(0x0000000016c20000,0x0000000016d20000)]
  0x0000000003096000 JavaThread "Reference Handler" daemon [_thread_blocked, id=17884, stack(0x0000000016720000,0x0000000016820000)]
  0x000000000315e000 JavaThread "main" [_thread_blocked, id=19052, stack(0x0000000002e70000,0x0000000002f70000)]

Other Threads:
  0x0000000014929800 VMThread [stack: 0x0000000016620000,0x0000000016720000] [id=2476]
  0x0000000016a43000 WatcherThread [stack: 0x0000000017670000,0x0000000017770000] [id=23200]

VM state:not at safepoint (normal execution)

VM Mutex/Monitor currently owned by a thread: None

Heap:
 PSYoungGen      total 154112K, used 86829K [0x00000000f5580000, 0x0000000100000000, 0x0000000100000000)
  eden space 137728K, 51% used [0x00000000f5580000,0x00000000f9ad8e70,0x00000000fdc00000)
  from space 16384K, 96% used [0x00000000ff000000,0x00000000fff727a8,0x0000000100000000)
  to   space 18432K, 0% used [0x00000000fdc00000,0x00000000fdc00000,0x00000000fee00000)
 ParOldGen       total 157696K, used 65756K [0x00000000e0000000, 0x00000000e9a00000, 0x00000000f5580000)
  object space 157696K, 41% used [0x00000000e0000000,0x00000000e40372e0,0x00000000e9a00000)
 Metaspace       used 62479K, capacity 71693K, committed 71856K, reserved 1110016K
  class space    used 7786K, capacity 10343K, committed 10416K, reserved 1048576K

Card table byte_map: [0x0000000012520000,0x0000000012630000] byte_map_base: 0x0000000011e20000

Marking Bits: (ParMarkBitMap*) 0x0000000062eea6c0
 Begin Bits: [0x0000000012e30000, 0x0000000013630000)
 End Bits:   [0x0000000013630000, 0x0000000013e30000)

Polling page: 0x00000000017c0000

CodeCache: size=245760Kb used=20002Kb max_used=20014Kb free=225757Kb
 bounds [0x0000000003160000, 0x0000000004500000, 0x0000000012160000]
 total_blobs=7144 nmethods=5600 adapters=1456
 compilation: enabled

Compilation events (10 events):
Event: 37.258 Thread 0x00000000168d8800 nmethod 6589 0x00000000044f5990 code [0x00000000044f5b20, 0x00000000044f61a8]
Event: 37.258 Thread 0x00000000168d8800 6591       3       org.robolectric.shadows.ShadowTrace::isTagEnabled (43 bytes)
Event: 37.260 Thread 0x00000000168d8800 nmethod 6591 0x00000000044f6350 code [0x00000000044f6540, 0x00000000044f6ed8]
Event: 37.260 Thread 0x00000000168d8800 6590       3       java.lang.invoke.LambdaForm$MH/1284722750::guard (109 bytes)
Event: 37.262 Thread 0x00000000168d8800 nmethod 6590 0x00000000044f7390 code [0x00000000044f75a0, 0x00000000044f8568]
Event: 37.262 Thread 0x00000000168d8800 6593       3       android.graphics.drawable.Drawable::$$robo$$android_graphics_drawable_Drawable$setLayoutDirection (21 bytes)
Event: 37.263 Thread 0x00000000168d8800 nmethod 6593 0x00000000044f8dd0 code [0x00000000044f8f40, 0x00000000044f91a8]
Event: 37.263 Thread 0x00000000168d8800 6592       3       android.content.res.TypedArray::$$robo$$android_content_res_TypedArray$loadStringValueAt (51 bytes)
Event: 37.273 Thread 0x00000000168c5000 6596       4       java.lang.invoke.LambdaForm$DMH/1551681595::invokeSpecial_LL_I (15 bytes)
Event: 37.275 Thread 0x00000000168c5000 nmethod 6596 0x00000000044fbf10 code [0x00000000044fc060, 0x00000000044fc108]

GC Heap History (10 events):
Event: 28.096 GC heap before
{Heap before GC invocations=19 (full 3):
 PSYoungGen      total 160768K, used 153902K [0x00000000f5580000, 0x0000000100000000, 0x0000000100000000)
  eden space 148480K, 100% used [0x00000000f5580000,0x00000000fe680000,0x00000000fe680000)
  from space 12288K, 44% used [0x00000000fe680000,0x00000000febcb9a0,0x00000000ff280000)
  to   space 12288K, 0% used [0x00000000ff400000,0x00000000ff400000,0x0000000100000000)
 ParOldGen       total 157696K, used 60220K [0x00000000e0000000, 0x00000000e9a00000, 0x00000000f5580000)
  object space 157696K, 38% used [0x00000000e0000000,0x00000000e3acf228,0x00000000e9a00000)
 Metaspace       used 53342K, capacity 59285K, committed 59440K, reserved 1099776K
  class space    used 6332K, capacity 8138K, committed 8240K, reserved 1048576K
Event: 28.118 GC heap after
Heap after GC invocations=19 (full 3):
 PSYoungGen      total 162304K, used 7988K [0x00000000f5580000, 0x0000000100000000, 0x0000000100000000)
  eden space 150016K, 0% used [0x00000000f5580000,0x00000000f5580000,0x00000000fe800000)
  from space 12288K, 65% used [0x00000000ff400000,0x00000000ffbcd3a0,0x0000000100000000)
  to   space 12288K, 0% used [0x00000000fe800000,0x00000000fe800000,0x00000000ff400000)
 ParOldGen       total 157696K, used 60228K [0x00000000e0000000, 0x00000000e9a00000, 0x00000000f5580000)
  object space 157696K, 38% used [0x00000000e0000000,0x00000000e3ad1228,0x00000000e9a00000)
 Metaspace       used 53342K, capacity 59285K, committed 59440K, reserved 1099776K
  class space    used 6332K, capacity 8138K, committed 8240K, reserved 1048576K
}
Event: 30.499 GC heap before
{Heap before GC invocations=20 (full 3):
 PSYoungGen      total 162304K, used 158004K [0x00000000f5580000, 0x0000000100000000, 0x0000000100000000)
  eden space 150016K, 100% used [0x00000000f5580000,0x00000000fe800000,0x00000000fe800000)
  from space 12288K, 65% used [0x00000000ff400000,0x00000000ffbcd3a0,0x0000000100000000)
  to   space 12288K, 0% used [0x00000000fe800000,0x00000000fe800000,0x00000000ff400000)
 ParOldGen       total 157696K, used 60228K [0x00000000e0000000, 0x00000000e9a00000, 0x00000000f5580000)
  object space 157696K, 38% used [0x00000000e0000000,0x00000000e3ad1228,0x00000000e9a00000)
 Metaspace       used 56314K, capacity 62975K, committed 63024K, reserved 1103872K
  class space    used 6728K, capacity 8733K, committed 8752K, reserved 1048576K
Event: 30.526 GC heap after
Heap after GC invocations=20 (full 3):
 PSYoungGen      total 161792K, used 11344K [0x00000000f5580000, 0x0000000100000000, 0x0000000100000000)
  eden space 150016K, 0% used [0x00000000f5580000,0x00000000f5580000,0x00000000fe800000)
  from space 11776K, 96% used [0x00000000fe800000,0x00000000ff314330,0x00000000ff380000)
  to   space 12800K, 0% used [0x00000000ff380000,0x00000000ff380000,0x0000000100000000)
 ParOldGen       total 157696K, used 60236K [0x00000000e0000000, 0x00000000e9a00000, 0x00000000f5580000)
  object space 157696K, 38% used [0x00000000e0000000,0x00000000e3ad3228,0x00000000e9a00000)
 Metaspace       used 56314K, capacity 62975K, committed 63024K, reserved 1103872K
  class space    used 6728K, capacity 8733K, committed 8752K, reserved 1048576K
}
Event: 33.164 GC heap before
{Heap before GC invocations=21 (full 3):
 PSYoungGen      total 161792K, used 161360K [0x00000000f5580000, 0x0000000100000000, 0x0000000100000000)
  eden space 150016K, 100% used [0x00000000f5580000,0x00000000fe800000,0x00000000fe800000)
  from space 11776K, 96% used [0x00000000fe800000,0x00000000ff314330,0x00000000ff380000)
  to   space 12800K, 0% used [0x00000000ff380000,0x00000000ff380000,0x0000000100000000)
 ParOldGen       total 157696K, used 60236K [0x00000000e0000000, 0x00000000e9a00000, 0x00000000f5580000)
  object space 157696K, 38% used [0x00000000e0000000,0x00000000e3ad3228,0x00000000e9a00000)
 Metaspace       used 60073K, capacity 68671K, committed 68912K, reserved 1107968K
  class space    used 7498K, capacity 9966K, committed 10032K, reserved 1048576K
Event: 33.200 GC heap after
Heap after GC invocations=21 (full 3):
 PSYoungGen      total 156672K, used 12787K [0x00000000f5580000, 0x0000000100000000, 0x0000000100000000)
  eden space 143872K, 0% used [0x00000000f5580000,0x00000000f5580000,0x00000000fe200000)
  from space 12800K, 99% used [0x00000000ff380000,0x00000000ffffcee0,0x0000000100000000)
  to   space 15360K, 0% used [0x00000000fe200000,0x00000000fe200000,0x00000000ff100000)
 ParOldGen       total 157696K, used 62286K [0x00000000e0000000, 0x00000000e9a00000, 0x00000000f5580000)
  object space 157696K, 39% used [0x00000000e0000000,0x00000000e3cd3af0,0x00000000e9a00000)
 Metaspace       used 60073K, capacity 68671K, committed 68912K, reserved 1107968K
  class space    used 7498K, capacity 9966K, committed 10032K, reserved 1048576K
}
Event: 35.472 GC heap before
{Heap before GC invocations=22 (full 3):
 PSYoungGen      total 156672K, used 156659K [0x00000000f5580000, 0x0000000100000000, 0x0000000100000000)
  eden space 143872K, 100% used [0x00000000f5580000,0x00000000fe200000,0x00000000fe200000)
  from space 12800K, 99% used [0x00000000ff380000,0x00000000ffffcee0,0x0000000100000000)
  to   space 15360K, 0% used [0x00000000fe200000,0x00000000fe200000,0x00000000ff100000)
 ParOldGen       total 157696K, used 62286K [0x00000000e0000000, 0x00000000e9a00000, 0x00000000f5580000)
  object space 157696K, 39% used [0x00000000e0000000,0x00000000e3cd3af0,0x00000000e9a00000)
 Metaspace       used 62060K, capacity 70963K, committed 71216K, reserved 1110016K
  class space    used 7763K, capacity 10288K, committed 10288K, reserved 1048576K
Event: 35.512 GC heap after
Heap after GC invocations=22 (full 3):
 PSYoungGen      total 157184K, used 13128K [0x00000000f5580000, 0x0000000100000000, 0x0000000100000000)
  eden space 143872K, 0% used [0x00000000f5580000,0x00000000f5580000,0x00000000fe200000)
  from space 13312K, 98% used [0x00000000fe200000,0x00000000feed2030,0x00000000fef00000)
  to   space 16384K, 0% used [0x00000000ff000000,0x00000000ff000000,0x0000000100000000)
 ParOldGen       total 157696K, used 65748K [0x00000000e0000000, 0x00000000e9a00000, 0x00000000f5580000)
  object space 157696K, 41% used [0x00000000e0000000,0x00000000e40352e0,0x00000000e9a00000)
 Metaspace       used 62060K, capacity 70963K, committed 71216K, reserved 1110016K
  class space    used 7763K, capacity 10288K, committed 10288K, reserved 1048576K
}
Event: 36.847 GC heap before
{Heap before GC invocations=23 (full 3):
 PSYoungGen      total 157184K, used 157000K [0x00000000f5580000, 0x0000000100000000, 0x0000000100000000)
  eden space 143872K, 100% used [0x00000000f5580000,0x00000000fe200000,0x00000000fe200000)
  from space 13312K, 98% used [0x00000000fe200000,0x00000000feed2030,0x00000000fef00000)
  to   space 16384K, 0% used [0x00000000ff000000,0x00000000ff000000,0x0000000100000000)
 ParOldGen       total 157696K, used 65748K [0x00000000e0000000, 0x00000000e9a00000, 0x00000000f5580000)
  object space 157696K, 41% used [0x00000000e0000000,0x00000000e40352e0,0x00000000e9a00000)
 Metaspace       used 62416K, capacity 71627K, committed 71856K, reserved 1110016K
  class space    used 7782K, capacity 10338K, committed 10416K, reserved 1048576K
Event: 36.875 GC heap after
Heap after GC invocations=23 (full 3):
 PSYoungGen      total 154112K, used 15817K [0x00000000f5580000, 0x0000000100000000, 0x0000000100000000)
  eden space 137728K, 0% used [0x00000000f5580000,0x00000000f5580000,0x00000000fdc00000)
  from space 16384K, 96% used [0x00000000ff000000,0x00000000fff727a8,0x0000000100000000)
  to   space 18432K, 0% used [0x00000000fdc00000,0x00000000fdc00000,0x00000000fee00000)
 ParOldGen       total 157696K, used 65756K [0x00000000e0000000, 0x00000000e9a00000, 0x00000000f5580000)
  object space 157696K, 41% used [0x00000000e0000000,0x00000000e40372e0,0x00000000e9a00000)
 Metaspace       used 62416K, capacity 71627K, committed 71856K, reserved 1110016K
  class space    used 7782K, capacity 10338K, committed 10416K, reserved 1048576K
}

Deoptimization events (10 events):
Event: 35.255 Thread 0x0000000018217000 Uncommon trap: reason=class_check action=maybe_recompile pc=0x0000000003ac68a4 method=com.google.common.collect.ImmutableSet$RegularSetBuilderImpl.add(Ljava/lang/Object;)Lcom/google/common/collect/ImmutableSet$SetBuilderImpl; @ 6
Event: 35.256 Thread 0x0000000018217000 Uncommon trap: reason=class_check action=maybe_recompile pc=0x0000000003ac68a4 method=com.google.common.collect.ImmutableSet$RegularSetBuilderImpl.add(Ljava/lang/Object;)Lcom/google/common/collect/ImmutableSet$SetBuilderImpl; @ 6
Event: 35.256 Thread 0x0000000018217000 Uncommon trap: reason=class_check action=maybe_recompile pc=0x0000000003ac68a4 method=com.google.common.collect.ImmutableSet$RegularSetBuilderImpl.add(Ljava/lang/Object;)Lcom/google/common/collect/ImmutableSet$SetBuilderImpl; @ 6
Event: 35.256 Thread 0x0000000018217000 Uncommon trap: reason=class_check action=maybe_recompile pc=0x0000000003ac68a4 method=com.google.common.collect.ImmutableSet$RegularSetBuilderImpl.add(Ljava/lang/Object;)Lcom/google/common/collect/ImmutableSet$SetBuilderImpl; @ 6
Event: 35.256 Thread 0x0000000018217000 Uncommon trap: reason=unstable_if action=reinterpret pc=0x00000000037c93a4 method=org.robolectric.internal.bytecode.MethodRef.equals(Ljava/lang/Object;)Z @ 2
Event: 35.302 Thread 0x00000000181cc800 Uncommon trap: reason=unstable_if action=reinterpret pc=0x00000000040fd418 method=org.robolectric.res.android.ResTable_config.isBetterThan(Lorg/robolectric/res/android/ResTable_config;Lorg/robolectric/res/android/ResTable_config;)Z @ 898
Event: 35.349 Thread 0x00000000181cc800 Uncommon trap: reason=unstable_if action=reinterpret pc=0x00000000033b10e8 method=org.robolectric.res.android.ResTable_config.match(Lorg/robolectric/res/android/ResTable_config;)Z @ 252
Event: 35.404 Thread 0x00000000181cc800 Uncommon trap: reason=unstable_if action=reinterpret pc=0x000000000409329c method=org.robolectric.res.android.CppAssetManager2$Theme.SetTo(Lorg/robolectric/res/android/CppAssetManager2$Theme;)Z @ 53
Event: 35.405 Thread 0x00000000181cc800 Uncommon trap: reason=unstable_if action=reinterpret pc=0x000000000342d614 method=org.robolectric.res.android.CppAssetManager2$Theme.SetTo(Lorg/robolectric/res/android/CppAssetManager2$Theme;)Z @ 53
Event: 35.433 Thread 0x00000000181cc800 Uncommon trap: reason=unstable_if action=reinterpret pc=0x000000000405e9cc method=org.robolectric.res.android.CppAssetManager2$Theme.SetTo(Lorg/robolectric/res/android/CppAssetManager2$Theme;)Z @ 53

Internal exceptions (10 events):
Event: 22.617 Thread 0x00000000181cc800 Exception <a 'java/lang/NoSuchFieldError': method resolution failed> (0x00000000f7cb3340) thrown at [C:\re\workspace\8-2-build-windows-amd64-cygwin\jdk8u111\7883\hotspot\src\share\vm\prims\methodHandles.cpp, line 1146]
Event: 24.401 Thread 0x00000000181cc800 Exception <a 'java/io/FileNotFoundException'> (0x00000000f6fc01b0) thrown at [C:\re\workspace\8-2-build-windows-amd64-cygwin\jdk8u111\7883\hotspot\src\share\vm\prims\jni.cpp, line 709]
Event: 24.550 Thread 0x00000000181cc800 Implicit null exception at 0x00000000033db9d5 to 0x00000000033dbbb1
Event: 26.331 Thread 0x00000000181cc800 Exception <a 'java/lang/NoSuchMethodError': java.lang.Object.lambda$comparingDouble$8dcf42ea$1(Ljava/util/function/ToDoubleFunction;Ljava/lang/Object;Ljava/lang/Object;)I> (0x00000000f6a4c320) thrown at [C:\re\workspace\8-2-build-windows-amd64-cygwin\jdk8
Event: 30.300 Thread 0x00000000168d7800 Exception <a 'java/lang/NoSuchFieldError': method resolution failed> (0x00000000fde09448) thrown at [C:\re\workspace\8-2-build-windows-amd64-cygwin\jdk8u111\7883\hotspot\src\share\vm\prims\methodHandles.cpp, line 1146]
Event: 31.433 Thread 0x00000000181cc800 Exception <a 'java/lang/NoSuchFieldError': method resolution failed> (0x00000000f7f709a0) thrown at [C:\re\workspace\8-2-build-windows-amd64-cygwin\jdk8u111\7883\hotspot\src\share\vm\prims\methodHandles.cpp, line 1146]
Event: 31.670 Thread 0x00000000181cc800 Exception <a 'java/lang/NoSuchFieldError': method resolution failed> (0x00000000f8b43fd0) thrown at [C:\re\workspace\8-2-build-windows-amd64-cygwin\jdk8u111\7883\hotspot\src\share\vm\prims\methodHandles.cpp, line 1146]
Event: 34.809 Thread 0x00000000181cc800 Implicit null exception at 0x0000000003347617 to 0x00000000033476f5
Event: 35.150 Thread 0x00000000181cc800 Exception <a 'java/lang/NoSuchMethodError': java.lang.Object.lambda$get$0(Ljava/lang/Object;)V> (0x00000000fcf332b8) thrown at [C:\re\workspace\8-2-build-windows-amd64-cygwin\jdk8u111\7883\hotspot\src\share\vm\interpreter\linkResolver.cpp, line 582]
Event: 35.352 Thread 0x00000000181cc800 Exception <a 'sun/nio/fs/WindowsException'> (0x00000000fda6ea48) thrown at [C:\re\workspace\8-2-build-windows-amd64-cygwin\jdk8u111\7883\hotspot\src\share\vm\prims\jni.cpp, line 709]

Events (10 events):
Event: 36.282 Executing VM operation: RevokeBias done
Event: 36.282 Thread 0x00000000168d9000 Thread exited: 0x00000000168d9000
Event: 36.417 loading class org/aplas/mylibrary/MainActivity
Event: 36.417 loading class org/aplas/mylibrary/MainActivity done
Event: 36.418 loading class org/aplas/mylibrary/TestC1MyData081
Event: 36.418 loading class org/aplas/mylibrary/TestC1MyData081 done
Event: 36.847 Executing VM operation: ParallelGCFailedAllocation
Event: 36.876 Executing VM operation: ParallelGCFailedAllocation done
Event: 36.877 Executing VM operation: RevokeBias
Event: 36.877 Executing VM operation: RevokeBias done


Dynamic libraries:
0x00007ff62e4a0000 - 0x00007ff62e4d7000 	C:\Program Files\Java\jdk1.8.0_111\bin\java.exe
0x00007ffdb2090000 - 0x00007ffdb2285000 	C:\WINDOWS\SYSTEM32\ntdll.dll
0x00007ffdb1180000 - 0x00007ffdb123e000 	C:\WINDOWS\System32\KERNEL32.DLL
0x00007ffdafc20000 - 0x00007ffdafee9000 	C:\WINDOWS\System32\KERNELBASE.dll
0x00007ffdb02f0000 - 0x00007ffdb039c000 	C:\WINDOWS\System32\ADVAPI32.dll
0x00007ffdb1910000 - 0x00007ffdb19ae000 	C:\WINDOWS\System32\msvcrt.dll
0x00007ffdb1390000 - 0x00007ffdb142b000 	C:\WINDOWS\System32\sechost.dll
0x00007ffdb17e0000 - 0x00007ffdb190a000 	C:\WINDOWS\System32\RPCRT4.dll
0x00007ffdb0890000 - 0x00007ffdb0a31000 	C:\WINDOWS\System32\USER32.dll
0x00007ffdaf7b0000 - 0x00007ffdaf7d2000 	C:\WINDOWS\System32\win32u.dll
0x00007ffdb02c0000 - 0x00007ffdb02eb000 	C:\WINDOWS\System32\GDI32.dll
0x00007ffdaff40000 - 0x00007ffdb004b000 	C:\WINDOWS\System32\gdi32full.dll
0x00007ffdaf920000 - 0x00007ffdaf9bd000 	C:\WINDOWS\System32\msvcp_win.dll
0x00007ffdaf9c0000 - 0x00007ffdafac0000 	C:\WINDOWS\System32\ucrtbase.dll
0x00007ffd6dee0000 - 0x00007ffd6e17a000 	C:\WINDOWS\WinSxS\amd64_microsoft.windows.common-controls_6595b64144ccf1df_6.0.19041.1110_none_60b5254171f9507e\COMCTL32.dll
0x00007ffdb1fc0000 - 0x00007ffdb1ff0000 	C:\WINDOWS\System32\IMM32.DLL
0x0000000064950000 - 0x0000000064a22000 	C:\Program Files\Java\jdk1.8.0_111\jre\bin\msvcr100.dll
0x00000000626d0000 - 0x0000000062f6a000 	C:\Program Files\Java\jdk1.8.0_111\jre\bin\server\jvm.dll
0x00007ffdb1f20000 - 0x00007ffdb1f28000 	C:\WINDOWS\System32\PSAPI.DLL
0x00007ffd9cb90000 - 0x00007ffd9cbb7000 	C:\WINDOWS\SYSTEM32\WINMM.dll
0x00007ffdab1d0000 - 0x00007ffdab1d9000 	C:\WINDOWS\SYSTEM32\WSOCK32.dll
0x00007ffda8eb0000 - 0x00007ffda8eba000 	C:\WINDOWS\SYSTEM32\VERSION.dll
0x00007ffdb1240000 - 0x00007ffdb12ab000 	C:\WINDOWS\System32\WS2_32.dll
0x0000000064940000 - 0x000000006494f000 	C:\Program Files\Java\jdk1.8.0_111\jre\bin\verify.dll
0x00000000626a0000 - 0x00000000626c9000 	C:\Program Files\Java\jdk1.8.0_111\jre\bin\java.dll
0x0000000062680000 - 0x0000000062696000 	C:\Program Files\Java\jdk1.8.0_111\jre\bin\zip.dll
0x00007ffdb0a40000 - 0x00007ffdb117f000 	C:\WINDOWS\System32\SHELL32.dll
0x00007ffdad870000 - 0x00007ffdae000000 	C:\WINDOWS\SYSTEM32\windows.storage.dll
0x00007ffdb03a0000 - 0x00007ffdb06f5000 	C:\WINDOWS\System32\combase.dll
0x00007ffdaf130000 - 0x00007ffdaf15c000 	C:\WINDOWS\SYSTEM32\Wldp.dll
0x00007ffdb16b0000 - 0x00007ffdb175d000 	C:\WINDOWS\System32\SHCORE.dll
0x00007ffdb1ff0000 - 0x00007ffdb2045000 	C:\WINDOWS\System32\shlwapi.dll
0x00007ffdaf6f0000 - 0x00007ffdaf70f000 	C:\WINDOWS\SYSTEM32\profapi.dll
0x0000000062660000 - 0x000000006267a000 	C:\Program Files\Java\jdk1.8.0_111\jre\bin\net.dll
0x00007ffdaee90000 - 0x00007ffdaeefa000 	C:\WINDOWS\system32\mswsock.dll
0x0000000062640000 - 0x0000000062651000 	C:\Program Files\Java\jdk1.8.0_111\jre\bin\nio.dll
0x00007ffdaf080000 - 0x00007ffdaf098000 	C:\WINDOWS\SYSTEM32\CRYPTSP.dll
0x00007ffdae810000 - 0x00007ffdae844000 	C:\WINDOWS\system32\rsaenh.dll
0x00007ffdb00b0000 - 0x00007ffdb00d7000 	C:\WINDOWS\System32\bcrypt.dll
0x00007ffdaf670000 - 0x00007ffdaf69e000 	C:\WINDOWS\SYSTEM32\USERENV.dll
0x00007ffdaf7e0000 - 0x00007ffdaf863000 	C:\WINDOWS\System32\bcryptprimitives.dll
0x00007ffdaf0a0000 - 0x00007ffdaf0ac000 	C:\WINDOWS\SYSTEM32\CRYPTBASE.dll
0x00007ffdaeb80000 - 0x00007ffdaebbb000 	C:\WINDOWS\SYSTEM32\IPHLPAPI.DLL
0x00007ffdb0880000 - 0x00007ffdb0888000 	C:\WINDOWS\System32\NSI.dll
0x00007ffdad450000 - 0x00007ffdad467000 	C:\WINDOWS\SYSTEM32\dhcpcsvc6.DLL
0x00007ffdad430000 - 0x00007ffdad44d000 	C:\WINDOWS\SYSTEM32\dhcpcsvc.DLL
0x00007ffdaebc0000 - 0x00007ffdaec8c000 	C:\WINDOWS\SYSTEM32\DNSAPI.dll
0x0000000062600000 - 0x0000000062624000 	C:\Program Files\Java\jdk1.8.0_111\jre\bin\sunec.dll
0x00000000625f0000 - 0x00000000625fb000 	C:\Program Files\Java\jdk1.8.0_111\jre\bin\sunmscapi.dll
0x00007ffdafac0000 - 0x00007ffdafc16000 	C:\WINDOWS\System32\CRYPT32.dll
0x00000000631c0000 - 0x0000000063358000 	C:\Program Files\Java\jdk1.8.0_111\jre\bin\awt.dll
0x00007ffdb19d0000 - 0x00007ffdb1a9d000 	C:\WINDOWS\System32\OLEAUT32.dll
0x00007ffdacbe0000 - 0x00007ffdacc70000 	C:\WINDOWS\SYSTEM32\apphelp.dll
0x00007ffdad680000 - 0x00007ffdad864000 	C:\WINDOWS\SYSTEM32\dbghelp.dll

VM Arguments:
jvm_args: -Djava.awt.headless=true -Djava.security.manager=worker.org.gradle.process.internal.worker.child.BootstrapSecurityManager -Dorg.gradle.native=false -Xmx512m -Dfile.encoding=windows-1252 -Duser.country=AU -Duser.language=en -Duser.variant -ea 
java_command: worker.org.gradle.process.internal.worker.GradleWorkerMain 'Gradle Test Executor 13'
java_class_path (initial): C:\Users\HP\.gradle\caches\6.1.1\workerMain\gradle-worker.jar
Launcher Type: SUN_STANDARD

Environment Variables:
PATH=C:\Program Files\Microsoft MPI\Bin\;C:\Program Files\Java\jdk-14.0.1\bin;C:\WINDOWS\system32;C:\WINDOWS;C:\WINDOWS\System32\Wbem;C:\WINDOWS\System32\WindowsPowerShell\v1.0\;C:\WINDOWS\System32\OpenSSH\;C:\Program Files\Git\cmd;C:\Program Files\Git\mingw64\bin;C:\Program Files\Git\usr\bin;C:\Program Files\Microsoft SQL Server\Client SDK\ODBC\170\Tools\Binn\;C:\Program Files (x86)\Microsoft SQL Server\150\Tools\Binn\;C:\Program Files\Microsoft SQL Server\150\Tools\Binn\;C:\Program Files\Microsoft SQL Server\150\DTS\Binn\;C:\Program Files (x86)\Microsoft SQL Server\150\DTS\Binn\;C:\Program Files\Microsoft SQL Server\Client SDK\ODBC\130\Tools\Binn\;C:\Users\HP\AppData\Roaming\Python\Python39\Scripts;C:\xampp\php;C:\ProgramData\ComposerSetup\bin;C:\Program Files\nodejs\;C:\Program Files\Microsoft SQL Server\130\Tools\Binn\;C:\Program Files (x86)\Microsoft SQL Server\110\DTS\Binn\;C:\Program Files (x86)\Microsoft SQL Server\120\DTS\Binn\;C:\Program Files (x86)\Microsoft SQL Server\130\DTS\Binn\;C:\Program Files (x86)\Microsoft SQL Server\140\DTS\Binn\;C:\Program Files\PuTTY\;D:\Flutter\flutter\bin;C:\Users\HP\AppData\Local\Programs\Microsoft VS Code\bin
USERNAME=HP
OS=Windows_NT
PROCESSOR_IDENTIFIER=AMD64 Family 23 Model 24 Stepping 1, AuthenticAMD



---------------  S Y S T E M  ---------------

OS: Windows 10.0 , 64 bit Build 19041 (10.0.19041.1202)

CPU:total 8 (8 cores per cpu, 1 threads per core) family 23 model 24 stepping 1, cmov, cx8, fxsr, mmx, sse, sse2, sse3, ssse3, sse4.1, sse4.2, popcnt, avx, avx2, aes, clmul, mmxext, 3dnowpref, lzcnt, sse4a, tsc, tscinvbit, tscinv, bmi1

Memory: 4k page, physical 6203584k(364392k free), swap 21407936k(7256056k free)

vm_info: Java HotSpot(TM) 64-Bit Server VM (25.111-b14) for windows-amd64 JRE (1.8.0_111-b14), built on Sep 22 2016 19:24:05 by "java_re" with MS VC++ 10.0 (VS2010)

time: Wed Nov 03 21:54:55 2021
elapsed time: 37 seconds (0d 0h 0m 37s)

