#
# A fatal error has been detected by the Java Runtime Environment:
#
#  EXCEPTION_ACCESS_VIOLATION (0xc0000005) at pc=0x0000000062713608, pid=21268, tid=0x0000000000000e0c
#
# JRE version: Java(TM) SE Runtime Environment (8.0_111-b14) (build 1.8.0_111-b14)
# Java VM: Java HotSpot(TM) 64-Bit Server VM (25.111-b14 mixed mode windows-amd64 compressed oops)
# Problematic frame:
# V  [jvm.dll+0x43608]
#
# Failed to write core dump. Minidumps are not enabled by default on client versions of Windows
#
# If you would like to submit a bug report, please visit:
#   http://bugreport.java.com/bugreport/crash.jsp
#

---------------  T H R E A D  ---------------

Current thread (0x0000000015cc5800):  JavaThread "C1 CompilerThread3" daemon [_thread_in_vm, id=3596, stack(0x00000000167f0000,0x00000000168f0000)]

siginfo: ExceptionCode=0xc0000005, reading address 0xffffffffffffffff

Registers:
RAX=0x0000000015cc5800, RBX=0x0000000002465350, RCX=0x0000000002465350, RDX=0x0000000002465350
RSP=0x00000000168ed020, RBP=0x00000000181dc6e0, RSI=0x0000000002465350, RDI=0x0000000000000000
R8 =0x3cccc588ffff0013, R9 =0x0000000000000000, R10=0x00000000181dc910, R11=0x0000000018147da0
R12=0x0000000015cc5800, R13=0x00000000181dc6e0, R14=0x000000001b068320, R15=0x0000000000000000
RIP=0x0000000062713608, EFLAGS=0x0000000000010202

Top of Stack: (sp=0x00000000168ed020)
0x00000000168ed020:   00000000000000b6 00000000168ef5d0
0x00000000168ed030:   0000000000000000 0000000000000077
0x00000000168ed040:   000000001c5ed468 00000000168ef5d0
0x00000000168ed050:   00000000168ed130 00000000626ffe25
0x00000000168ed060:   00000000000000e9 0000000062713999
0x00000000168ed070:   0000000000000077 0000000000000077
0x00000000168ed080:   0000000000000000 0000000000000000
0x00000000168ed090:   00000000000000b6 0000000017e7fa40
0x00000000168ed0a0:   0000000002419ea0 0000000062711c6b
0x00000000168ed0b0:   0000000000000000 0000000015cc5800
0x00000000168ed0c0:   000000001b069ae0 00000000626fce0f
0x00000000168ed0d0:   0000000015cc5800 0000000062716f80
0x00000000168ed0e0:   0000000015cc5800 0000000015cc5800
0x00000000168ed0f0:   0000000017e7fa40 0000000062af0aeb
0x00000000168ed100:   0000000000000000 0000000000000000
0x00000000168ed110:   000000001b069ae0 0000000000000000 

Instructions: (pc=0x0000000062713608)
0x00000000627135e8:   00 48 8b da ff 15 fe 7d 59 00 44 0f b6 05 5a d9
0x00000000627135f8:   7a 00 4c 8b e0 45 84 c0 74 39 4c 8b 03 48 8b cb
0x0000000062713608:   41 ff 50 08 84 c0 74 2b 83 7b 08 00 7e 25 0f b6
0x0000000062713618:   83 0e 01 00 00 c0 e8 03 a8 01 74 17 48 8b 03 48 


Register to memory mapping:

RAX=0x0000000015cc5800 is a thread
RBX=0x0000000002465350 is an unknown value
RCX=0x0000000002465350 is an unknown value
RDX=0x0000000002465350 is an unknown value
RSP=0x00000000168ed020 is pointing into the stack for thread: 0x0000000015cc5800
RBP=0x00000000181dc6e0 is an unknown value
RSI=0x0000000002465350 is an unknown value
RDI=0x0000000000000000 is an unknown value
R8 =0x3cccc588ffff0013 is an unknown value
R9 =0x0000000000000000 is an unknown value
R10=0x00000000181dc910 is an unknown value
R11=0x0000000018147da0 is an unknown value
R12=0x0000000015cc5800 is a thread
R13=0x00000000181dc6e0 is an unknown value
R14=0x000000001b068320 is an unknown value
R15=0x0000000000000000 is an unknown value


Stack: [0x00000000167f0000,0x00000000168f0000],  sp=0x00000000168ed020,  free space=1012k
Native frames: (J=compiled Java code, j=interpreted, Vv=VM code, C=native code)
V  [jvm.dll+0x43608]
V  [jvm.dll+0x43999]
V  [jvm.dll+0x41c6b]
V  [jvm.dll+0x420aeb]
V  [jvm.dll+0x41b8da]
V  [jvm.dll+0x41e727]
V  [jvm.dll+0x41eeeb]
V  [jvm.dll+0x41fde6]
V  [jvm.dll+0x420048]
V  [jvm.dll+0x42047b]
V  [jvm.dll+0x41ffd5]
V  [jvm.dll+0x41bd3b]
V  [jvm.dll+0x41e727]
V  [jvm.dll+0x41eeeb]
V  [jvm.dll+0x41fde6]
V  [jvm.dll+0x420048]
V  [jvm.dll+0x42047b]
V  [jvm.dll+0x41ffd5]
V  [jvm.dll+0x41bd3b]
V  [jvm.dll+0x41e727]
V  [jvm.dll+0x41f01d]
V  [jvm.dll+0x41fde6]
V  [jvm.dll+0x420048]
V  [jvm.dll+0x42047b]
V  [jvm.dll+0x41ffd5]
V  [jvm.dll+0x41bd3b]
V  [jvm.dll+0x41e727]
V  [jvm.dll+0x41eeeb]
V  [jvm.dll+0x41fde6]
V  [jvm.dll+0x420048]
V  [jvm.dll+0x42047b]
V  [jvm.dll+0x41ffd5]
V  [jvm.dll+0x41bd3b]
V  [jvm.dll+0x41e727]
V  [jvm.dll+0x41f01d]
V  [jvm.dll+0x41fde6]
V  [jvm.dll+0x420048]
V  [jvm.dll+0x42047b]
V  [jvm.dll+0x41ffd5]
V  [jvm.dll+0x41bd3b]
V  [jvm.dll+0x41e727]
V  [jvm.dll+0x41eeeb]
V  [jvm.dll+0x41fde6]
V  [jvm.dll+0x420048]
V  [jvm.dll+0x41bd3b]
V  [jvm.dll+0x41e727]
V  [jvm.dll+0x41eeeb]
V  [jvm.dll+0x41fde6]
V  [jvm.dll+0x420048]
V  [jvm.dll+0x41bd3b]
V  [jvm.dll+0x41e727]
V  [jvm.dll+0x41f01d]
V  [jvm.dll+0x41f412]
V  [jvm.dll+0x4244f5]
V  [jvm.dll+0x424600]
V  [jvm.dll+0x40ddb8]
V  [jvm.dll+0x40e021]
V  [jvm.dll+0x40e1e2]
V  [jvm.dll+0x40e3b1]
V  [jvm.dll+0x40e5bf]
V  [jvm.dll+0xa5742]
V  [jvm.dll+0xa607f]
V  [jvm.dll+0x244b7f]
V  [jvm.dll+0x29c43a]
C  [msvcr100.dll+0x21d9f]
C  [msvcr100.dll+0x21e3b]
C  [KERNEL32.DLL+0x17034]
C  [ntdll.dll+0x52651]


Current CompileTask:
C1:  53558 6360       3       android.content.res.TypedArray::$$robo$$android_content_res_TypedArray$loadStringValueAt (51 bytes)


---------------  P R O C E S S  ---------------

Java Threads: ( => current thread )
  0x0000000017201800 JavaThread "Java2D Disposer" daemon [_thread_blocked, id=20412, stack(0x000000001e080000,0x000000001e180000)]
  0x0000000017203800 JavaThread "SDK 28 Main Thread" [_thread_in_Java, id=18820, stack(0x0000000019dd0000,0x0000000019ed0000)]
  0x00000000174eb800 JavaThread "/127.0.0.1:57136 to /127.0.0.1:57135 workers Thread 3" [_thread_in_native, id=19664, stack(0x0000000018900000,0x0000000018a00000)]
  0x00000000172ab800 JavaThread "/127.0.0.1:57136 to /127.0.0.1:57135 workers Thread 2" [_thread_blocked, id=20344, stack(0x0000000018800000,0x0000000018900000)]
  0x0000000017085000 JavaThread "Test worker" [_thread_blocked, id=16628, stack(0x00000000183c0000,0x00000000184c0000)]
  0x0000000015d04800 JavaThread "Service Thread" daemon [_thread_blocked, id=24260, stack(0x00000000168f0000,0x00000000169f0000)]
=>0x0000000015cc5800 JavaThread "C1 CompilerThread3" daemon [_thread_in_vm, id=3596, stack(0x00000000167f0000,0x00000000168f0000)]
  0x0000000015c54000 JavaThread "C2 CompilerThread2" daemon [_thread_in_native, id=22552, stack(0x00000000166f0000,0x00000000167f0000)]
  0x0000000015c51000 JavaThread "C2 CompilerThread1" daemon [_thread_blocked, id=2612, stack(0x00000000165f0000,0x00000000166f0000)]
  0x0000000015c50000 JavaThread "C2 CompilerThread0" daemon [_thread_blocked, id=20940, stack(0x00000000164f0000,0x00000000165f0000)]
  0x0000000015c4c800 JavaThread "Attach Listener" daemon [_thread_blocked, id=644, stack(0x00000000163f0000,0x00000000164f0000)]
  0x0000000015c4b800 JavaThread "Signal Dispatcher" daemon [_thread_blocked, id=19832, stack(0x00000000162f0000,0x00000000163f0000)]
  0x0000000015bd0800 JavaThread "Finalizer" daemon [_thread_blocked, id=24504, stack(0x0000000015fb0000,0x00000000160b0000)]
  0x0000000002507800 JavaThread "Reference Handler" daemon [_thread_blocked, id=22532, stack(0x0000000015ab0000,0x0000000015bb0000)]
  0x000000000240e000 JavaThread "main" [_thread_blocked, id=8264, stack(0x0000000002250000,0x0000000002350000)]

Other Threads:
  0x0000000013cca800 VMThread [stack: 0x00000000159b0000,0x0000000015ab0000] [id=14988]
  0x0000000015da5800 WatcherThread [stack: 0x00000000169f0000,0x0000000016af0000] [id=2720]

VM state:not at safepoint (normal execution)

VM Mutex/Monitor currently owned by a thread: None

Heap:
 PSYoungGen      total 156160K, used 133936K [0x00000000f5580000, 0x0000000100000000, 0x0000000100000000)
  eden space 141312K, 84% used [0x00000000f5580000,0x00000000fc9e8298,0x00000000fdf80000)
  from space 14848K, 99% used [0x00000000fdf80000,0x00000000fede4008,0x00000000fee00000)
  to   space 17920K, 0% used [0x00000000fee80000,0x00000000fee80000,0x0000000100000000)
 ParOldGen       total 163840K, used 60548K [0x00000000e0000000, 0x00000000ea000000, 0x00000000f5580000)
  object space 163840K, 36% used [0x00000000e0000000,0x00000000e3b213b0,0x00000000ea000000)
 Metaspace       used 61309K, capacity 70320K, committed 70448K, reserved 1110016K
  class space    used 7687K, capacity 10239K, committed 10288K, reserved 1048576K

Card table byte_map: [0x00000000118d0000,0x00000000119e0000] byte_map_base: 0x00000000111d0000

Marking Bits: (ParMarkBitMap*) 0x0000000062eea6c0
 Begin Bits: [0x00000000121e0000, 0x00000000129e0000)
 End Bits:   [0x00000000129e0000, 0x00000000131e0000)

Polling page: 0x00000000009b0000

CodeCache: size=245760Kb used=17280Kb max_used=17292Kb free=228479Kb
 bounds [0x0000000002510000, 0x0000000003610000, 0x0000000011510000]
 total_blobs=6892 nmethods=5332 adapters=1473
 compilation: enabled

Compilation events (10 events):
Event: 53.373 Thread 0x0000000015cc5800 6348       3       java.lang.reflect.Method::getDeclaredAnnotations (5 bytes)
Event: 53.373 Thread 0x0000000015cc5800 nmethod 6348 0x000000000274c610 code [0x000000000274c7c0, 0x000000000274cc88]
Event: 53.373 Thread 0x0000000015cc5800 6349       3       java.lang.reflect.Executable::getDeclaredAnnotations (8 bytes)
Event: 53.374 Thread 0x0000000015cc5800 nmethod 6349 0x000000000274be90 code [0x000000000274c020, 0x000000000274c488]
Event: 53.375 Thread 0x0000000015c50000 6353  s    4       java.util.Hashtable::put (104 bytes)
Event: 53.395 Thread 0x0000000015cc5800 6357       3       android.content.res.TypedArray::loadStringValueAt (8 bytes)
Event: 53.400 Thread 0x0000000015cc5800 nmethod 6357 0x00000000035fd250 code [0x00000000035fd580, 0x00000000035ff068]
Event: 53.414 Thread 0x0000000015c50000 nmethod 6353 0x0000000002e03010 code [0x0000000002e031c0, 0x0000000002e03ba8]
Event: 53.414 Thread 0x0000000015c50000 6354       4       org.robolectric.res.android.ResTable_config::match (773 bytes)
Event: 53.450 Thread 0x0000000015cc5800 6360       3       android.content.res.TypedArray::$$robo$$android_content_res_TypedArray$loadStringValueAt (51 bytes)

GC Heap History (10 events):
Event: 39.531 GC heap before
{Heap before GC invocations=18 (full 3):
 PSYoungGen      total 155648K, used 140800K [0x00000000f5580000, 0x0000000100000000, 0x0000000100000000)
  eden space 140800K, 100% used [0x00000000f5580000,0x00000000fdf00000,0x00000000fdf00000)
  from space 14848K, 0% used [0x00000000ff180000,0x00000000ff180000,0x0000000100000000)
  to   space 16896K, 0% used [0x00000000fdf00000,0x00000000fdf00000,0x00000000fef80000)
 ParOldGen       total 163840K, used 60508K [0x00000000e0000000, 0x00000000ea000000, 0x00000000f5580000)
  object space 163840K, 36% used [0x00000000e0000000,0x00000000e3b173b0,0x00000000ea000000)
 Metaspace       used 49585K, capacity 55440K, committed 55472K, reserved 1097728K
  class space    used 6045K, capacity 7845K, committed 7856K, reserved 1048576K
Event: 39.549 GC heap after
Heap after GC invocations=18 (full 3):
 PSYoungGen      total 157696K, used 4816K [0x00000000f5580000, 0x0000000100000000, 0x0000000100000000)
  eden space 140800K, 0% used [0x00000000f5580000,0x00000000f5580000,0x00000000fdf00000)
  from space 16896K, 28% used [0x00000000fdf00000,0x00000000fe3b4150,0x00000000fef80000)
  to   space 16896K, 0% used [0x00000000fef80000,0x00000000fef80000,0x0000000100000000)
 ParOldGen       total 163840K, used 60516K [0x00000000e0000000, 0x00000000ea000000, 0x00000000f5580000)
  object space 163840K, 36% used [0x00000000e0000000,0x00000000e3b193b0,0x00000000ea000000)
 Metaspace       used 49585K, capacity 55440K, committed 55472K, reserved 1097728K
  class space    used 6045K, capacity 7845K, committed 7856K, reserved 1048576K
}
Event: 42.372 GC heap before
{Heap before GC invocations=19 (full 3):
 PSYoungGen      total 157696K, used 145616K [0x00000000f5580000, 0x0000000100000000, 0x0000000100000000)
  eden space 140800K, 100% used [0x00000000f5580000,0x00000000fdf00000,0x00000000fdf00000)
  from space 16896K, 28% used [0x00000000fdf00000,0x00000000fe3b4150,0x00000000fef80000)
  to   space 16896K, 0% used [0x00000000fef80000,0x00000000fef80000,0x0000000100000000)
 ParOldGen       total 163840K, used 60516K [0x00000000e0000000, 0x00000000ea000000, 0x00000000f5580000)
  object space 163840K, 36% used [0x00000000e0000000,0x00000000e3b193b0,0x00000000ea000000)
 Metaspace       used 53513K, capacity 59478K, committed 59696K, reserved 1101824K
  class space    used 6345K, capacity 8138K, committed 8240K, reserved 1048576K
Event: 42.395 GC heap after
Heap after GC invocations=19 (full 3):
 PSYoungGen      total 156672K, used 6601K [0x00000000f5580000, 0x00000000fff00000, 0x0000000100000000)
  eden space 140800K, 0% used [0x00000000f5580000,0x00000000f5580000,0x00000000fdf00000)
  from space 15872K, 41% used [0x00000000fef80000,0x00000000ff5f2418,0x00000000fff00000)
  to   space 16384K, 0% used [0x00000000fdf00000,0x00000000fdf00000,0x00000000fef00000)
 ParOldGen       total 163840K, used 60524K [0x00000000e0000000, 0x00000000ea000000, 0x00000000f5580000)
  object space 163840K, 36% used [0x00000000e0000000,0x00000000e3b1b3b0,0x00000000ea000000)
 Metaspace       used 53513K, capacity 59478K, committed 59696K, reserved 1101824K
  class space    used 6345K, capacity 8138K, committed 8240K, reserved 1048576K
}
Event: 45.027 GC heap before
{Heap before GC invocations=20 (full 3):
 PSYoungGen      total 156672K, used 147401K [0x00000000f5580000, 0x00000000fff00000, 0x0000000100000000)
  eden space 140800K, 100% used [0x00000000f5580000,0x00000000fdf00000,0x00000000fdf00000)
  from space 15872K, 41% used [0x00000000fef80000,0x00000000ff5f2418,0x00000000fff00000)
  to   space 16384K, 0% used [0x00000000fdf00000,0x00000000fdf00000,0x00000000fef00000)
 ParOldGen       total 163840K, used 60524K [0x00000000e0000000, 0x00000000ea000000, 0x00000000f5580000)
  object space 163840K, 36% used [0x00000000e0000000,0x00000000e3b1b3b0,0x00000000ea000000)
 Metaspace       used 55264K, capacity 61736K, committed 61872K, reserved 1101824K
  class space    used 6666K, capacity 8615K, committed 8624K, reserved 1048576K
Event: 45.049 GC heap after
Heap after GC invocations=20 (full 3):
 PSYoungGen      total 157184K, used 7554K [0x00000000f5580000, 0x00000000ffe80000, 0x0000000100000000)
  eden space 140800K, 0% used [0x00000000f5580000,0x00000000f5580000,0x00000000fdf00000)
  from space 16384K, 46% used [0x00000000fdf00000,0x00000000fe660ba8,0x00000000fef00000)
  to   space 15360K, 0% used [0x00000000fef80000,0x00000000fef80000,0x00000000ffe80000)
 ParOldGen       total 163840K, used 60532K [0x00000000e0000000, 0x00000000ea000000, 0x00000000f5580000)
  object space 163840K, 36% used [0x00000000e0000000,0x00000000e3b1d3b0,0x00000000ea000000)
 Metaspace       used 55264K, capacity 61736K, committed 61872K, reserved 1101824K
  class space    used 6666K, capacity 8615K, committed 8624K, reserved 1048576K
}
Event: 49.006 GC heap before
{Heap before GC invocations=21 (full 3):
 PSYoungGen      total 157184K, used 148354K [0x00000000f5580000, 0x00000000ffe80000, 0x0000000100000000)
  eden space 140800K, 100% used [0x00000000f5580000,0x00000000fdf00000,0x00000000fdf00000)
  from space 16384K, 46% used [0x00000000fdf00000,0x00000000fe660ba8,0x00000000fef00000)
  to   space 15360K, 0% used [0x00000000fef80000,0x00000000fef80000,0x00000000ffe80000)
 ParOldGen       total 163840K, used 60532K [0x00000000e0000000, 0x00000000ea000000, 0x00000000f5580000)
  object space 163840K, 36% used [0x00000000e0000000,0x00000000e3b1d3b0,0x00000000ea000000)
 Metaspace       used 59418K, capacity 67798K, committed 68016K, reserved 1107968K
  class space    used 7439K, capacity 9890K, committed 9904K, reserved 1048576K
Event: 49.041 GC heap after
Heap after GC invocations=21 (full 3):
 PSYoungGen      total 156672K, used 11589K [0x00000000f5580000, 0x0000000100000000, 0x0000000100000000)
  eden space 141312K, 0% used [0x00000000f5580000,0x00000000f5580000,0x00000000fdf80000)
  from space 15360K, 75% used [0x00000000fef80000,0x00000000ffad1428,0x00000000ffe80000)
  to   space 16384K, 0% used [0x00000000fdf80000,0x00000000fdf80000,0x00000000fef80000)
 ParOldGen       total 163840K, used 60540K [0x00000000e0000000, 0x00000000ea000000, 0x00000000f5580000)
  object space 163840K, 36% used [0x00000000e0000000,0x00000000e3b1f3b0,0x00000000ea000000)
 Metaspace       used 59418K, capacity 67798K, committed 68016K, reserved 1107968K
  class space    used 7439K, capacity 9890K, committed 9904K, reserved 1048576K
}
Event: 51.833 GC heap before
{Heap before GC invocations=22 (full 3):
 PSYoungGen      total 156672K, used 152901K [0x00000000f5580000, 0x0000000100000000, 0x0000000100000000)
  eden space 141312K, 100% used [0x00000000f5580000,0x00000000fdf80000,0x00000000fdf80000)
  from space 15360K, 75% used [0x00000000fef80000,0x00000000ffad1428,0x00000000ffe80000)
  to   space 16384K, 0% used [0x00000000fdf80000,0x00000000fdf80000,0x00000000fef80000)
 ParOldGen       total 163840K, used 60540K [0x00000000e0000000, 0x00000000ea000000, 0x00000000f5580000)
  object space 163840K, 36% used [0x00000000e0000000,0x00000000e3b1f3b0,0x00000000ea000000)
 Metaspace       used 61115K, capacity 69916K, committed 70192K, reserved 1110016K
  class space    used 7673K, capacity 10215K, committed 10288K, reserved 1048576K
Event: 51.892 GC heap after
Heap after GC invocations=22 (full 3):
 PSYoungGen      total 156160K, used 14736K [0x00000000f5580000, 0x0000000100000000, 0x0000000100000000)
  eden space 141312K, 0% used [0x00000000f5580000,0x00000000f5580000,0x00000000fdf80000)
  from space 14848K, 99% used [0x00000000fdf80000,0x00000000fede4008,0x00000000fee00000)
  to   space 17920K, 0% used [0x00000000fee80000,0x00000000fee80000,0x0000000100000000)
 ParOldGen       total 163840K, used 60548K [0x00000000e0000000, 0x00000000ea000000, 0x00000000f5580000)
  object space 163840K, 36% used [0x00000000e0000000,0x00000000e3b213b0,0x00000000ea000000)
 Metaspace       used 61115K, capacity 69916K, committed 70192K, reserved 1110016K
  class space    used 7673K, capacity 10215K, committed 10288K, reserved 1048576K
}

Deoptimization events (10 events):
Event: 50.697 Thread 0x0000000017085000 Uncommon trap: reason=class_check action=maybe_recompile pc=0x0000000002db921c method=com.google.common.collect.ImmutableSet$RegularSetBuilderImpl.add(Ljava/lang/Object;)Lcom/google/common/collect/ImmutableSet$SetBuilderImpl; @ 6
Event: 50.697 Thread 0x0000000017085000 Uncommon trap: reason=class_check action=maybe_recompile pc=0x0000000002db921c method=com.google.common.collect.ImmutableSet$RegularSetBuilderImpl.add(Ljava/lang/Object;)Lcom/google/common/collect/ImmutableSet$SetBuilderImpl; @ 6
Event: 50.697 Thread 0x0000000017085000 Uncommon trap: reason=class_check action=maybe_recompile pc=0x0000000002db921c method=com.google.common.collect.ImmutableSet$RegularSetBuilderImpl.add(Ljava/lang/Object;)Lcom/google/common/collect/ImmutableSet$SetBuilderImpl; @ 6
Event: 50.698 Thread 0x0000000017085000 Uncommon trap: reason=unstable_if action=reinterpret pc=0x0000000002b759b8 method=org.robolectric.internal.bytecode.MethodRef.equals(Ljava/lang/Object;)Z @ 2
Event: 50.755 Thread 0x0000000017203800 Uncommon trap: reason=unstable_if action=reinterpret pc=0x0000000002a97eb4 method=org.robolectric.res.android.ResTable_config.isBetterThan(Lorg/robolectric/res/android/ResTable_config;Lorg/robolectric/res/android/ResTable_config;)Z @ 898
Event: 50.809 Thread 0x0000000017203800 Uncommon trap: reason=unstable_if action=reinterpret pc=0x0000000002b32eb4 method=org.robolectric.res.android.ResTable_config.match(Lorg/robolectric/res/android/ResTable_config;)Z @ 252
Event: 51.263 Thread 0x0000000017203800 Uncommon trap: reason=bimorphic action=maybe_recompile pc=0x0000000002c439bc method=java.util.Hashtable.put(Ljava/lang/Object;Ljava/lang/Object;)Ljava/lang/Object; @ 18
Event: 51.264 Thread 0x0000000017203800 Uncommon trap: reason=bimorphic action=maybe_recompile pc=0x0000000002c439bc method=java.util.Hashtable.put(Ljava/lang/Object;Ljava/lang/Object;)Ljava/lang/Object; @ 18
Event: 52.716 Thread 0x0000000017203800 Uncommon trap: reason=unstable_if action=reinterpret pc=0x00000000034fad40 method=java.lang.StringCoding.decode(Ljava/nio/charset/Charset;[BII)[C @ 24
Event: 53.091 Thread 0x0000000017203800 Uncommon trap: reason=class_check action=maybe_recompile pc=0x0000000002bffa1c method=java.lang.Character.codePointAt(Ljava/lang/CharSequence;I)I @ 2

Internal exceptions (10 events):
Event: 36.587 Thread 0x0000000017203800 Implicit null exception at 0x0000000002792755 to 0x0000000002792931
Event: 39.761 Thread 0x0000000017203800 Exception <a 'java/lang/NoSuchMethodError': java.lang.Object.lambda$comparingDouble$8dcf42ea$1(Ljava/util/function/ToDoubleFunction;Ljava/lang/Object;Ljava/lang/Object;)I> (0x00000000f5d70a78) thrown at [C:\re\workspace\8-2-build-windows-amd64-cygwin\jdk8
Event: 44.448 Thread 0x0000000017203800 Implicit null exception at 0x000000000288fe58 to 0x000000000288fee6
Event: 46.417 Thread 0x0000000017200000 Exception <a 'java/lang/NoSuchFieldError': method resolution failed> (0x00000000f8f9a440) thrown at [C:\re\workspace\8-2-build-windows-amd64-cygwin\jdk8u111\7883\hotspot\src\share\vm\prims\methodHandles.cpp, line 1146]
Event: 48.025 Thread 0x0000000017203800 Exception <a 'java/lang/NoSuchFieldError': method resolution failed> (0x00000000fc208368) thrown at [C:\re\workspace\8-2-build-windows-amd64-cygwin\jdk8u111\7883\hotspot\src\share\vm\prims\methodHandles.cpp, line 1146]
Event: 48.399 Thread 0x0000000017203800 Exception <a 'java/lang/NoSuchFieldError': method resolution failed> (0x00000000fcdcd770) thrown at [C:\re\workspace\8-2-build-windows-amd64-cygwin\jdk8u111\7883\hotspot\src\share\vm\prims\methodHandles.cpp, line 1146]
Event: 50.178 Thread 0x0000000017203800 Implicit null exception at 0x000000000291cb57 to 0x000000000291cc2d
Event: 50.395 Thread 0x0000000017203800 Implicit null exception at 0x000000000342f037 to 0x0000000003431185
Event: 50.572 Thread 0x0000000017203800 Exception <a 'java/lang/NoSuchMethodError': java.lang.Object.lambda$get$0(Ljava/lang/Object;)V> (0x00000000f89982e8) thrown at [C:\re\workspace\8-2-build-windows-amd64-cygwin\jdk8u111\7883\hotspot\src\share\vm\interpreter\linkResolver.cpp, line 582]
Event: 50.816 Thread 0x0000000017203800 Exception <a 'sun/nio/fs/WindowsException'> (0x00000000f94b4b50) thrown at [C:\re\workspace\8-2-build-windows-amd64-cygwin\jdk8u111\7883\hotspot\src\share\vm\prims\jni.cpp, line 709]

Events (10 events):
Event: 53.333 loading class org/aplas/mylibrary/TestC1MyData031
Event: 53.333 loading class org/aplas/mylibrary/TestC1MyData031 done
Event: 53.338 loading class sun/nio/cs/UTF_8$1
Event: 53.348 loading class sun/nio/cs/UTF_8$1 done
Event: 53.386 Thread 0x0000000017203800 DEOPT PACKING pc=0x0000000003076386 sp=0x0000000019ecd160
Event: 53.386 Thread 0x0000000017203800 DEOPT UNPACKING pc=0x000000000255747f sp=0x0000000019ecce70 mode 0
Event: 53.391 Thread 0x0000000017203800 DEOPT PACKING pc=0x0000000003076386 sp=0x0000000019ecd380
Event: 53.391 Thread 0x0000000017203800 DEOPT UNPACKING pc=0x000000000255747f sp=0x0000000019ecd090 mode 0
Event: 53.398 Thread 0x0000000017203800 DEOPT PACKING pc=0x0000000003076386 sp=0x0000000019eca8e0
Event: 53.398 Thread 0x0000000017203800 DEOPT UNPACKING pc=0x000000000255747f sp=0x0000000019eca5f0 mode 0


Dynamic libraries:
0x00007ff62e4a0000 - 0x00007ff62e4d7000 	C:\Program Files\Java\jdk1.8.0_111\bin\java.exe
0x00007ffdb2090000 - 0x00007ffdb2285000 	C:\WINDOWS\SYSTEM32\ntdll.dll
0x00007ffdb1180000 - 0x00007ffdb123e000 	C:\WINDOWS\System32\KERNEL32.DLL
0x00007ffdafc20000 - 0x00007ffdafee9000 	C:\WINDOWS\System32\KERNELBASE.dll
0x00007ffdb02f0000 - 0x00007ffdb039c000 	C:\WINDOWS\System32\ADVAPI32.dll
0x00007ffdb1910000 - 0x00007ffdb19ae000 	C:\WINDOWS\System32\msvcrt.dll
0x00007ffdb1390000 - 0x00007ffdb142b000 	C:\WINDOWS\System32\sechost.dll
0x00007ffdb17e0000 - 0x00007ffdb190a000 	C:\WINDOWS\System32\RPCRT4.dll
0x00007ffdb0890000 - 0x00007ffdb0a31000 	C:\WINDOWS\System32\USER32.dll
0x00007ffdaf7b0000 - 0x00007ffdaf7d2000 	C:\WINDOWS\System32\win32u.dll
0x00007ffdb02c0000 - 0x00007ffdb02eb000 	C:\WINDOWS\System32\GDI32.dll
0x00007ffdaff40000 - 0x00007ffdb004b000 	C:\WINDOWS\System32\gdi32full.dll
0x00007ffdaf920000 - 0x00007ffdaf9bd000 	C:\WINDOWS\System32\msvcp_win.dll
0x00007ffdaf9c0000 - 0x00007ffdafac0000 	C:\WINDOWS\System32\ucrtbase.dll
0x00007ffd6dee0000 - 0x00007ffd6e17a000 	C:\WINDOWS\WinSxS\amd64_microsoft.windows.common-controls_6595b64144ccf1df_6.0.19041.1110_none_60b5254171f9507e\COMCTL32.dll
0x00007ffdb1fc0000 - 0x00007ffdb1ff0000 	C:\WINDOWS\System32\IMM32.DLL
0x0000000064950000 - 0x0000000064a22000 	C:\Program Files\Java\jdk1.8.0_111\jre\bin\msvcr100.dll
0x00000000626d0000 - 0x0000000062f6a000 	C:\Program Files\Java\jdk1.8.0_111\jre\bin\server\jvm.dll
0x00007ffdb1f20000 - 0x00007ffdb1f28000 	C:\WINDOWS\System32\PSAPI.DLL
0x00007ffda8eb0000 - 0x00007ffda8eba000 	C:\WINDOWS\SYSTEM32\VERSION.dll
0x00007ffd9cb90000 - 0x00007ffd9cbb7000 	C:\WINDOWS\SYSTEM32\WINMM.dll
0x00007ffdab1d0000 - 0x00007ffdab1d9000 	C:\WINDOWS\SYSTEM32\WSOCK32.dll
0x00007ffdb1240000 - 0x00007ffdb12ab000 	C:\WINDOWS\System32\WS2_32.dll
0x0000000064940000 - 0x000000006494f000 	C:\Program Files\Java\jdk1.8.0_111\jre\bin\verify.dll
0x00000000626a0000 - 0x00000000626c9000 	C:\Program Files\Java\jdk1.8.0_111\jre\bin\java.dll
0x0000000062680000 - 0x0000000062696000 	C:\Program Files\Java\jdk1.8.0_111\jre\bin\zip.dll
0x00007ffdb0a40000 - 0x00007ffdb117f000 	C:\WINDOWS\System32\SHELL32.dll
0x00007ffdad870000 - 0x00007ffdae000000 	C:\WINDOWS\SYSTEM32\windows.storage.dll
0x00007ffdb03a0000 - 0x00007ffdb06f5000 	C:\WINDOWS\System32\combase.dll
0x00007ffdaf130000 - 0x00007ffdaf15c000 	C:\WINDOWS\SYSTEM32\Wldp.dll
0x00007ffdb16b0000 - 0x00007ffdb175d000 	C:\WINDOWS\System32\SHCORE.dll
0x00007ffdb1ff0000 - 0x00007ffdb2045000 	C:\WINDOWS\System32\shlwapi.dll
0x00007ffdaf6f0000 - 0x00007ffdaf70f000 	C:\WINDOWS\SYSTEM32\profapi.dll
0x0000000062660000 - 0x000000006267a000 	C:\Program Files\Java\jdk1.8.0_111\jre\bin\net.dll
0x00007ffdaee90000 - 0x00007ffdaeefa000 	C:\WINDOWS\system32\mswsock.dll
0x0000000062640000 - 0x0000000062651000 	C:\Program Files\Java\jdk1.8.0_111\jre\bin\nio.dll
0x00007ffdaf080000 - 0x00007ffdaf098000 	C:\WINDOWS\SYSTEM32\CRYPTSP.dll
0x00007ffdae810000 - 0x00007ffdae844000 	C:\WINDOWS\system32\rsaenh.dll
0x00007ffdb00b0000 - 0x00007ffdb00d7000 	C:\WINDOWS\System32\bcrypt.dll
0x00007ffdaf670000 - 0x00007ffdaf69e000 	C:\WINDOWS\SYSTEM32\USERENV.dll
0x00007ffdaf7e0000 - 0x00007ffdaf863000 	C:\WINDOWS\System32\bcryptprimitives.dll
0x00007ffdaf0a0000 - 0x00007ffdaf0ac000 	C:\WINDOWS\SYSTEM32\CRYPTBASE.dll
0x00007ffdaeb80000 - 0x00007ffdaebbb000 	C:\WINDOWS\SYSTEM32\IPHLPAPI.DLL
0x00007ffdb0880000 - 0x00007ffdb0888000 	C:\WINDOWS\System32\NSI.dll
0x00007ffdad450000 - 0x00007ffdad467000 	C:\WINDOWS\SYSTEM32\dhcpcsvc6.DLL
0x00007ffdad430000 - 0x00007ffdad44d000 	C:\WINDOWS\SYSTEM32\dhcpcsvc.DLL
0x00007ffdaebc0000 - 0x00007ffdaec8c000 	C:\WINDOWS\SYSTEM32\DNSAPI.dll
0x0000000062600000 - 0x0000000062624000 	C:\Program Files\Java\jdk1.8.0_111\jre\bin\sunec.dll
0x00000000625f0000 - 0x00000000625fb000 	C:\Program Files\Java\jdk1.8.0_111\jre\bin\sunmscapi.dll
0x00007ffdafac0000 - 0x00007ffdafc16000 	C:\WINDOWS\System32\CRYPT32.dll
0x0000000062450000 - 0x00000000625e8000 	C:\Program Files\Java\jdk1.8.0_111\jre\bin\awt.dll
0x00007ffdb19d0000 - 0x00007ffdb1a9d000 	C:\WINDOWS\System32\OLEAUT32.dll
0x00007ffdacbe0000 - 0x00007ffdacc70000 	C:\WINDOWS\SYSTEM32\apphelp.dll
0x00007ffdad680000 - 0x00007ffdad864000 	C:\WINDOWS\SYSTEM32\dbghelp.dll

VM Arguments:
jvm_args: -Djava.awt.headless=true -Djava.security.manager=worker.org.gradle.process.internal.worker.child.BootstrapSecurityManager -Dorg.gradle.native=false -Xmx512m -Dfile.encoding=windows-1252 -Duser.country=AU -Duser.language=en -Duser.variant -ea 
java_command: worker.org.gradle.process.internal.worker.GradleWorkerMain 'Gradle Test Executor 7'
java_class_path (initial): C:\Users\HP\.gradle\caches\6.1.1\workerMain\gradle-worker.jar
Launcher Type: SUN_STANDARD

Environment Variables:
PATH=C:\Program Files\Microsoft MPI\Bin\;C:\Program Files\Java\jdk-14.0.1\bin;C:\WINDOWS\system32;C:\WINDOWS;C:\WINDOWS\System32\Wbem;C:\WINDOWS\System32\WindowsPowerShell\v1.0\;C:\WINDOWS\System32\OpenSSH\;C:\Program Files\Git\cmd;C:\Program Files\Git\mingw64\bin;C:\Program Files\Git\usr\bin;C:\Program Files\Microsoft SQL Server\Client SDK\ODBC\170\Tools\Binn\;C:\Program Files (x86)\Microsoft SQL Server\150\Tools\Binn\;C:\Program Files\Microsoft SQL Server\150\Tools\Binn\;C:\Program Files\Microsoft SQL Server\150\DTS\Binn\;C:\Program Files (x86)\Microsoft SQL Server\150\DTS\Binn\;C:\Program Files\Microsoft SQL Server\Client SDK\ODBC\130\Tools\Binn\;C:\Users\HP\AppData\Roaming\Python\Python39\Scripts;C:\xampp\php;C:\ProgramData\ComposerSetup\bin;C:\Program Files\nodejs\;C:\Program Files\Microsoft SQL Server\130\Tools\Binn\;C:\Program Files (x86)\Microsoft SQL Server\110\DTS\Binn\;C:\Program Files (x86)\Microsoft SQL Server\120\DTS\Binn\;C:\Program Files (x86)\Microsoft SQL Server\130\DTS\Binn\;C:\Program Files (x86)\Microsoft SQL Server\140\DTS\Binn\;C:\Program Files\PuTTY\;D:\Flutter\flutter\bin;C:\Users\HP\AppData\Local\Programs\Microsoft VS Code\bin
USERNAME=HP
OS=Windows_NT
PROCESSOR_IDENTIFIER=AMD64 Family 23 Model 24 Stepping 1, AuthenticAMD



---------------  S Y S T E M  ---------------

OS: Windows 10.0 , 64 bit Build 19041 (10.0.19041.1202)

CPU:total 8 (8 cores per cpu, 1 threads per core) family 23 model 24 stepping 1, cmov, cx8, fxsr, mmx, sse, sse2, sse3, ssse3, sse4.1, sse4.2, popcnt, avx, avx2, aes, clmul, mmxext, 3dnowpref, lzcnt, sse4a, tsc, tscinvbit, tscinv, bmi1

Memory: 4k page, physical 6203584k(679136k free), swap 21407936k(6612760k free)

vm_info: Java HotSpot(TM) 64-Bit Server VM (25.111-b14) for windows-amd64 JRE (1.8.0_111-b14), built on Sep 22 2016 19:24:05 by "java_re" with MS VC++ 10.0 (VS2010)

time: Wed Nov 03 20:25:12 2021
elapsed time: 53 seconds (0d 0h 0m 53s)

