#
# A fatal error has been detected by the Java Runtime Environment:
#
#  EXCEPTION_ACCESS_VIOLATION (0xc0000005) at pc=0x0000000062713608, pid=12056, tid=0x0000000000004758
#
# JRE version: Java(TM) SE Runtime Environment (8.0_111-b14) (build 1.8.0_111-b14)
# Java VM: Java HotSpot(TM) 64-Bit Server VM (25.111-b14 mixed mode windows-amd64 compressed oops)
# Problematic frame:
# V  [jvm.dll+0x43608]
#
# Failed to write core dump. Minidumps are not enabled by default on client versions of Windows
#
# If you would like to submit a bug report, please visit:
#   http://bugreport.java.com/bugreport/crash.jsp
#

---------------  T H R E A D  ---------------

Current thread (0x0000000015e07800):  JavaThread "C1 CompilerThread3" daemon [_thread_in_vm, id=18264, stack(0x0000000016990000,0x0000000016a90000)]

siginfo: ExceptionCode=0xc0000005, reading address 0xffffffffffffffff

Registers:
RAX=0x0000000015e07800, RBX=0x0000000002545620, RCX=0x0000000002545620, RDX=0x0000000002545620
RSP=0x0000000016a8d020, RBP=0x0000000016f60f10, RSI=0x0000000002545620, RDI=0x0000000000000000
R8 =0x3cccc588ffff0013, R9 =0x0000000000000000, R10=0x0000000016f61140, R11=0x000000001977d740
R12=0x0000000015e07800, R13=0x0000000016f60f10, R14=0x00000000199f16e0, R15=0x0000000000000000
RIP=0x0000000062713608, EFLAGS=0x0000000000010202

Top of Stack: (sp=0x0000000016a8d020)
0x0000000016a8d020:   00000000000000b6 0000000016a8f5d0
0x0000000016a8d030:   0000000000000000 0000000000000077
0x0000000016a8d040:   000000001c861828 0000000016a8f5d0
0x0000000016a8d050:   0000000016a8d130 00000000626ffe25
0x0000000016a8d060:   00000000000000ea 0000000062713999
0x0000000016a8d070:   0000000000000077 0000000000000077
0x0000000016a8d080:   0000000000000000 0000000000000000
0x0000000016a8d090:   00000000000000b6 000000001c4eee40
0x0000000016a8d0a0:   00000000024f9ea0 0000000062711c6b
0x0000000016a8d0b0:   0000000000000000 0000000015e07800
0x0000000016a8d0c0:   00000000199f2ea0 00000000626fce0f
0x0000000016a8d0d0:   0000000015e07800 0000000062716f80
0x0000000016a8d0e0:   0000000015e07800 0000000015e07800
0x0000000016a8d0f0:   000000001c4eee40 0000000062af0aeb
0x0000000016a8d100:   0000000000000000 0000000000000000
0x0000000016a8d110:   00000000199f2ea0 0000000000000000 

Instructions: (pc=0x0000000062713608)
0x00000000627135e8:   00 48 8b da ff 15 fe 7d 59 00 44 0f b6 05 5a d9
0x00000000627135f8:   7a 00 4c 8b e0 45 84 c0 74 39 4c 8b 03 48 8b cb
0x0000000062713608:   41 ff 50 08 84 c0 74 2b 83 7b 08 00 7e 25 0f b6
0x0000000062713618:   83 0e 01 00 00 c0 e8 03 a8 01 74 17 48 8b 03 48 


Register to memory mapping:

RAX=0x0000000015e07800 is a thread
RBX=0x0000000002545620 is an unknown value
RCX=0x0000000002545620 is an unknown value
RDX=0x0000000002545620 is an unknown value
RSP=0x0000000016a8d020 is pointing into the stack for thread: 0x0000000015e07800
RBP=0x0000000016f60f10 is an unknown value
RSI=0x0000000002545620 is an unknown value
RDI=0x0000000000000000 is an unknown value
R8 =0x3cccc588ffff0013 is an unknown value
R9 =0x0000000000000000 is an unknown value
R10=0x0000000016f61140 is an unknown value
R11=0x000000001977d740 is an unknown value
R12=0x0000000015e07800 is a thread
R13=0x0000000016f60f10 is an unknown value
R14=0x00000000199f16e0 is an unknown value
R15=0x0000000000000000 is an unknown value


Stack: [0x0000000016990000,0x0000000016a90000],  sp=0x0000000016a8d020,  free space=1012k
Native frames: (J=compiled Java code, j=interpreted, Vv=VM code, C=native code)
V  [jvm.dll+0x43608]
V  [jvm.dll+0x43999]
V  [jvm.dll+0x41c6b]
V  [jvm.dll+0x420aeb]
V  [jvm.dll+0x41b8da]
V  [jvm.dll+0x41e727]
V  [jvm.dll+0x41eeeb]
V  [jvm.dll+0x41fde6]
V  [jvm.dll+0x420048]
V  [jvm.dll+0x42047b]
V  [jvm.dll+0x41ffd5]
V  [jvm.dll+0x41bd3b]
V  [jvm.dll+0x41e727]
V  [jvm.dll+0x41eeeb]
V  [jvm.dll+0x41fde6]
V  [jvm.dll+0x420048]
V  [jvm.dll+0x42047b]
V  [jvm.dll+0x41ffd5]
V  [jvm.dll+0x41bd3b]
V  [jvm.dll+0x41e727]
V  [jvm.dll+0x41f01d]
V  [jvm.dll+0x41fde6]
V  [jvm.dll+0x420048]
V  [jvm.dll+0x42047b]
V  [jvm.dll+0x41ffd5]
V  [jvm.dll+0x41bd3b]
V  [jvm.dll+0x41e727]
V  [jvm.dll+0x41eeeb]
V  [jvm.dll+0x41fde6]
V  [jvm.dll+0x420048]
V  [jvm.dll+0x42047b]
V  [jvm.dll+0x41ffd5]
V  [jvm.dll+0x41bd3b]
V  [jvm.dll+0x41e727]
V  [jvm.dll+0x41f01d]
V  [jvm.dll+0x41fde6]
V  [jvm.dll+0x420048]
V  [jvm.dll+0x42047b]
V  [jvm.dll+0x41ffd5]
V  [jvm.dll+0x41bd3b]
V  [jvm.dll+0x41e727]
V  [jvm.dll+0x41eeeb]
V  [jvm.dll+0x41fde6]
V  [jvm.dll+0x420048]
V  [jvm.dll+0x41bd3b]
V  [jvm.dll+0x41e727]
V  [jvm.dll+0x41eeeb]
V  [jvm.dll+0x41fde6]
V  [jvm.dll+0x420048]
V  [jvm.dll+0x41bd3b]
V  [jvm.dll+0x41e727]
V  [jvm.dll+0x41f01d]
V  [jvm.dll+0x41f412]
V  [jvm.dll+0x4244f5]
V  [jvm.dll+0x424600]
V  [jvm.dll+0x40ddb8]
V  [jvm.dll+0x40e021]
V  [jvm.dll+0x40e1e2]
V  [jvm.dll+0x40e3b1]
V  [jvm.dll+0x40e5bf]
V  [jvm.dll+0xa5742]
V  [jvm.dll+0xa607f]
V  [jvm.dll+0x244b7f]
V  [jvm.dll+0x29c43a]
C  [msvcr100.dll+0x21d9f]
C  [msvcr100.dll+0x21e3b]
C  [KERNEL32.DLL+0x17034]
C  [ntdll.dll+0x52651]


Current CompileTask:
C1:  26052 6657       3       android.content.res.TypedArray::$$robo$$android_content_res_TypedArray$loadStringValueAt (51 bytes)


---------------  P R O C E S S  ---------------

Java Threads: ( => current thread )
  0x0000000017a34800 JavaThread "Java2D Disposer" daemon [_thread_blocked, id=21560, stack(0x000000001e0e0000,0x000000001e1e0000)]
  0x000000001808e000 JavaThread "SDK 28 Main Thread" [_thread_in_Java, id=13904, stack(0x0000000019f70000,0x000000001a070000)]
  0x00000000175f7800 JavaThread "/127.0.0.1:61769 to /127.0.0.1:61768 workers Thread 3" [_thread_in_native, id=10644, stack(0x0000000018aa0000,0x0000000018ba0000)]
  0x00000000175f7000 JavaThread "/127.0.0.1:61769 to /127.0.0.1:61768 workers Thread 2" [_thread_blocked, id=12548, stack(0x00000000189a0000,0x0000000018aa0000)]
  0x00000000172c4800 JavaThread "Test worker" [_thread_blocked, id=10908, stack(0x0000000018560000,0x0000000018660000)]
  0x0000000015e9a800 JavaThread "Service Thread" daemon [_thread_blocked, id=22248, stack(0x0000000016a90000,0x0000000016b90000)]
=>0x0000000015e07800 JavaThread "C1 CompilerThread3" daemon [_thread_in_vm, id=18264, stack(0x0000000016990000,0x0000000016a90000)]
  0x0000000015df8000 JavaThread "C2 CompilerThread2" daemon [_thread_blocked, id=24444, stack(0x0000000016890000,0x0000000016990000)]
  0x0000000015df1800 JavaThread "C2 CompilerThread1" daemon [_thread_blocked, id=21956, stack(0x0000000016790000,0x0000000016890000)]
  0x0000000015df0800 JavaThread "C2 CompilerThread0" daemon [_thread_blocked, id=3600, stack(0x0000000016690000,0x0000000016790000)]
  0x0000000015ded800 JavaThread "Attach Listener" daemon [_thread_blocked, id=22932, stack(0x0000000016590000,0x0000000016690000)]
  0x0000000015dec800 JavaThread "Signal Dispatcher" daemon [_thread_blocked, id=11108, stack(0x0000000016490000,0x0000000016590000)]
  0x00000000025ee800 JavaThread "Finalizer" daemon [_thread_blocked, id=14064, stack(0x0000000016150000,0x0000000016250000)]
  0x00000000025e5000 JavaThread "Reference Handler" daemon [_thread_blocked, id=15452, stack(0x0000000015c50000,0x0000000015d50000)]
  0x0000000000b6e000 JavaThread "main" [_thread_blocked, id=8556, stack(0x00000000023f0000,0x00000000024f0000)]

Other Threads:
  0x0000000013e5a000 VMThread [stack: 0x0000000015b50000,0x0000000015c50000] [id=16856]
  0x0000000015e5b800 WatcherThread [stack: 0x0000000016b90000,0x0000000016c90000] [id=2512]

VM state:not at safepoint (normal execution)

VM Mutex/Monitor currently owned by a thread: None

Heap:
 PSYoungGen      total 160256K, used 56491K [0x00000000f5580000, 0x0000000100000000, 0x0000000100000000)
  eden space 147968K, 33% used [0x00000000f5580000,0x00000000f863ae80,0x00000000fe600000)
  from space 12288K, 53% used [0x00000000ff400000,0x00000000ffa70010,0x0000000100000000)
  to   space 13312K, 0% used [0x00000000fe600000,0x00000000fe600000,0x00000000ff300000)
 ParOldGen       total 144384K, used 76406K [0x00000000e0000000, 0x00000000e8d00000, 0x00000000f5580000)
  object space 144384K, 52% used [0x00000000e0000000,0x00000000e4a9db48,0x00000000e8d00000)
 Metaspace       used 62611K, capacity 72012K, committed 72112K, reserved 1112064K
  class space    used 7797K, capacity 10384K, committed 10416K, reserved 1048576K

Card table byte_map: [0x00000000119b0000,0x0000000011ac0000] byte_map_base: 0x00000000112b0000

Marking Bits: (ParMarkBitMap*) 0x0000000062eea6c0
 Begin Bits: [0x0000000012370000, 0x0000000012b70000)
 End Bits:   [0x0000000012b70000, 0x0000000013370000)

Polling page: 0x0000000000b40000

CodeCache: size=245760Kb used=19308Kb max_used=19319Kb free=226451Kb
 bounds [0x00000000025f0000, 0x00000000038f0000, 0x00000000115f0000]
 total_blobs=7113 nmethods=5569 adapters=1456
 compilation: enabled

Compilation events (10 events):
Event: 25.970 Thread 0x0000000015e07800 nmethod 6653 0x00000000038d7590 code [0x00000000038d77a0, 0x00000000038d8648]
Event: 25.972 Thread 0x0000000015e07800 6654       3       java.lang.reflect.Field::get (51 bytes)
Event: 25.973 Thread 0x0000000015e07800 nmethod 6654 0x00000000038d8e90 code [0x00000000038d9060, 0x00000000038d9688]
Event: 25.974 Thread 0x0000000015e07800 6655       3       java.lang.invoke.LambdaForm$MH/1631496881::linkToCallSite (20 bytes)
Event: 25.975 Thread 0x0000000015e07800 nmethod 6655 0x00000000038d9890 code [0x00000000038d9a20, 0x00000000038da0a8]
Event: 25.975 Thread 0x0000000015e07800 6656       3       java.lang.invoke.LambdaForm$MH/222336676::guard (109 bytes)
Event: 25.976 Thread 0x0000000015e07800 nmethod 6656 0x00000000038da250 code [0x00000000038da460, 0x00000000038db428]
Event: 25.979 Thread 0x0000000015e07800 6657       3       android.content.res.TypedArray::$$robo$$android_content_res_TypedArray$loadStringValueAt (51 bytes)
Event: 25.987 Thread 0x0000000015df0800 6660       4       java.lang.invoke.LambdaForm$DMH/1551681595::invokeSpecial_LL_I (15 bytes)
Event: 25.988 Thread 0x0000000015df0800 nmethod 6660 0x00000000038cce50 code [0x00000000038ccfa0, 0x00000000038cd048]

GC Heap History (10 events):
Event: 20.011 GC heap before
{Heap before GC invocations=21 (full 3):
 PSYoungGen      total 164864K, used 160965K [0x00000000f5580000, 0x0000000100000000, 0x0000000100000000)
  eden space 155136K, 100% used [0x00000000f5580000,0x00000000fed00000,0x00000000fed00000)
  from space 9728K, 59% used [0x00000000fed00000,0x00000000ff2b1740,0x00000000ff680000)
  to   space 9728K, 0% used [0x00000000ff680000,0x00000000ff680000,0x0000000100000000)
 ParOldGen       total 144384K, used 59991K [0x00000000e0000000, 0x00000000e8d00000, 0x00000000f5580000)
  object space 144384K, 41% used [0x00000000e0000000,0x00000000e3a95e58,0x00000000e8d00000)
 Metaspace       used 53407K, capacity 59360K, committed 59696K, reserved 1101824K
  class space    used 6337K, capacity 8139K, committed 8240K, reserved 1048576K
Event: 20.027 GC heap after
Heap after GC invocations=21 (full 3):
 PSYoungGen      total 163840K, used 7954K [0x00000000f5580000, 0x0000000100000000, 0x0000000100000000)
  eden space 154112K, 0% used [0x00000000f5580000,0x00000000f5580000,0x00000000fec00000)
  from space 9728K, 81% used [0x00000000ff680000,0x00000000ffe44870,0x0000000100000000)
  to   space 10240K, 0% used [0x00000000fec00000,0x00000000fec00000,0x00000000ff600000)
 ParOldGen       total 144384K, used 59999K [0x00000000e0000000, 0x00000000e8d00000, 0x00000000f5580000)
  object space 144384K, 41% used [0x00000000e0000000,0x00000000e3a97e58,0x00000000e8d00000)
 Metaspace       used 53407K, capacity 59360K, committed 59696K, reserved 1101824K
  class space    used 6337K, capacity 8139K, committed 8240K, reserved 1048576K
}
Event: 21.811 GC heap before
{Heap before GC invocations=22 (full 3):
 PSYoungGen      total 163840K, used 162066K [0x00000000f5580000, 0x0000000100000000, 0x0000000100000000)
  eden space 154112K, 100% used [0x00000000f5580000,0x00000000fec00000,0x00000000fec00000)
  from space 9728K, 81% used [0x00000000ff680000,0x00000000ffe44870,0x0000000100000000)
  to   space 10240K, 0% used [0x00000000fec00000,0x00000000fec00000,0x00000000ff600000)
 ParOldGen       total 144384K, used 59999K [0x00000000e0000000, 0x00000000e8d00000, 0x00000000f5580000)
  object space 144384K, 41% used [0x00000000e0000000,0x00000000e3a97e58,0x00000000e8d00000)
 Metaspace       used 56763K, capacity 63376K, committed 63664K, reserved 1103872K
  class space    used 6770K, capacity 8765K, committed 8880K, reserved 1048576K
Event: 21.829 GC heap after
Heap after GC invocations=22 (full 3):
 PSYoungGen      total 164352K, used 10229K [0x00000000f5580000, 0x0000000100000000, 0x0000000100000000)
  eden space 154112K, 0% used [0x00000000f5580000,0x00000000f5580000,0x00000000fec00000)
  from space 10240K, 99% used [0x00000000fec00000,0x00000000ff5fd740,0x00000000ff600000)
  to   space 10240K, 0% used [0x00000000ff600000,0x00000000ff600000,0x0000000100000000)
 ParOldGen       total 144384K, used 61582K [0x00000000e0000000, 0x00000000e8d00000, 0x00000000f5580000)
  object space 144384K, 42% used [0x00000000e0000000,0x00000000e3c23800,0x00000000e8d00000)
 Metaspace       used 56763K, capacity 63376K, committed 63664K, reserved 1103872K
  class space    used 6770K, capacity 8765K, committed 8880K, reserved 1048576K
}
Event: 23.479 GC heap before
{Heap before GC invocations=23 (full 3):
 PSYoungGen      total 164352K, used 164341K [0x00000000f5580000, 0x0000000100000000, 0x0000000100000000)
  eden space 154112K, 100% used [0x00000000f5580000,0x00000000fec00000,0x00000000fec00000)
  from space 10240K, 99% used [0x00000000fec00000,0x00000000ff5fd740,0x00000000ff600000)
  to   space 10240K, 0% used [0x00000000ff600000,0x00000000ff600000,0x0000000100000000)
 ParOldGen       total 144384K, used 61582K [0x00000000e0000000, 0x00000000e8d00000, 0x00000000f5580000)
  object space 144384K, 42% used [0x00000000e0000000,0x00000000e3c23800,0x00000000e8d00000)
 Metaspace       used 60193K, capacity 68848K, committed 68912K, reserved 1107968K
  class space    used 7520K, capacity 9990K, committed 10032K, reserved 1048576K
Event: 23.504 GC heap after
Heap after GC invocations=23 (full 3):
 PSYoungGen      total 160256K, used 8898K [0x00000000f5580000, 0x0000000100000000, 0x0000000100000000)
  eden space 150016K, 0% used [0x00000000f5580000,0x00000000f5580000,0x00000000fe800000)
  from space 10240K, 86% used [0x00000000ff600000,0x00000000ffeb0a20,0x0000000100000000)
  to   space 12288K, 0% used [0x00000000fe800000,0x00000000fe800000,0x00000000ff400000)
 ParOldGen       total 144384K, used 67590K [0x00000000e0000000, 0x00000000e8d00000, 0x00000000f5580000)
  object space 144384K, 46% used [0x00000000e0000000,0x00000000e4201a60,0x00000000e8d00000)
 Metaspace       used 60193K, capacity 68848K, committed 68912K, reserved 1107968K
  class space    used 7520K, capacity 9990K, committed 10032K, reserved 1048576K
}
Event: 25.014 GC heap before
{Heap before GC invocations=24 (full 3):
 PSYoungGen      total 160256K, used 158914K [0x00000000f5580000, 0x0000000100000000, 0x0000000100000000)
  eden space 150016K, 100% used [0x00000000f5580000,0x00000000fe800000,0x00000000fe800000)
  from space 10240K, 86% used [0x00000000ff600000,0x00000000ffeb0a20,0x0000000100000000)
  to   space 12288K, 0% used [0x00000000fe800000,0x00000000fe800000,0x00000000ff400000)
 ParOldGen       total 144384K, used 67590K [0x00000000e0000000, 0x00000000e8d00000, 0x00000000f5580000)
  object space 144384K, 46% used [0x00000000e0000000,0x00000000e4201a60,0x00000000e8d00000)
 Metaspace       used 62207K, capacity 71238K, committed 71344K, reserved 1110016K
  class space    used 7772K, capacity 10326K, committed 10416K, reserved 1048576K
Event: 25.052 GC heap after
Heap after GC invocations=24 (full 3):
 PSYoungGen      total 162304K, used 12268K [0x00000000f5580000, 0x0000000100000000, 0x0000000100000000)
  eden space 150016K, 0% used [0x00000000f5580000,0x00000000f5580000,0x00000000fe800000)
  from space 12288K, 99% used [0x00000000fe800000,0x00000000ff3fb338,0x00000000ff400000)
  to   space 12288K, 0% used [0x00000000ff400000,0x00000000ff400000,0x0000000100000000)
 ParOldGen       total 144384K, used 68462K [0x00000000e0000000, 0x00000000e8d00000, 0x00000000f5580000)
  object space 144384K, 47% used [0x00000000e0000000,0x00000000e42db998,0x00000000e8d00000)
 Metaspace       used 62207K, capacity 71238K, committed 71344K, reserved 1110016K
  class space    used 7772K, capacity 10326K, committed 10416K, reserved 1048576K
}
Event: 25.801 GC heap before
{Heap before GC invocations=25 (full 3):
 PSYoungGen      total 162304K, used 162284K [0x00000000f5580000, 0x0000000100000000, 0x0000000100000000)
  eden space 150016K, 100% used [0x00000000f5580000,0x00000000fe800000,0x00000000fe800000)
  from space 12288K, 99% used [0x00000000fe800000,0x00000000ff3fb338,0x00000000ff400000)
  to   space 12288K, 0% used [0x00000000ff400000,0x00000000ff400000,0x0000000100000000)
 ParOldGen       total 144384K, used 68462K [0x00000000e0000000, 0x00000000e8d00000, 0x00000000f5580000)
  object space 144384K, 47% used [0x00000000e0000000,0x00000000e42db998,0x00000000e8d00000)
 Metaspace       used 62570K, capacity 71956K, committed 72112K, reserved 1112064K
  class space    used 7794K, capacity 10380K, committed 10416K, reserved 1048576K
Event: 25.819 GC heap after
Heap after GC invocations=25 (full 3):
 PSYoungGen      total 160256K, used 6592K [0x00000000f5580000, 0x0000000100000000, 0x0000000100000000)
  eden space 147968K, 0% used [0x00000000f5580000,0x00000000f5580000,0x00000000fe600000)
  from space 12288K, 53% used [0x00000000ff400000,0x00000000ffa70010,0x0000000100000000)
  to   space 13312K, 0% used [0x00000000fe600000,0x00000000fe600000,0x00000000ff300000)
 ParOldGen       total 144384K, used 76406K [0x00000000e0000000, 0x00000000e8d00000, 0x00000000f5580000)
  object space 144384K, 52% used [0x00000000e0000000,0x00000000e4a9db48,0x00000000e8d00000)
 Metaspace       used 62570K, capacity 71956K, committed 72112K, reserved 1112064K
  class space    used 7794K, capacity 10380K, committed 10416K, reserved 1048576K
}

Deoptimization events (10 events):
Event: 24.741 Thread 0x00000000172c4800 Uncommon trap: reason=class_check action=maybe_recompile pc=0x00000000030b0800 method=com.google.common.collect.ImmutableSet$RegularSetBuilderImpl.add(Ljava/lang/Object;)Lcom/google/common/collect/ImmutableSet$SetBuilderImpl; @ 6
Event: 24.741 Thread 0x00000000172c4800 Uncommon trap: reason=class_check action=maybe_recompile pc=0x00000000030b0800 method=com.google.common.collect.ImmutableSet$RegularSetBuilderImpl.add(Ljava/lang/Object;)Lcom/google/common/collect/ImmutableSet$SetBuilderImpl; @ 6
Event: 24.741 Thread 0x00000000172c4800 Uncommon trap: reason=class_check action=maybe_recompile pc=0x00000000030b0800 method=com.google.common.collect.ImmutableSet$RegularSetBuilderImpl.add(Ljava/lang/Object;)Lcom/google/common/collect/ImmutableSet$SetBuilderImpl; @ 6
Event: 24.742 Thread 0x00000000172c4800 Uncommon trap: reason=unstable_if action=reinterpret pc=0x0000000002c3f5e8 method=org.robolectric.internal.bytecode.MethodRef.equals(Ljava/lang/Object;)Z @ 2
Event: 24.752 Thread 0x000000001808e000 Uncommon trap: reason=unstable_if action=reinterpret pc=0x00000000033942bc method=java.util.Arrays.hashCode([Ljava/lang/Object;)I @ 34
Event: 24.775 Thread 0x000000001808e000 Uncommon trap: reason=unstable_if action=reinterpret pc=0x0000000002ae6570 method=org.robolectric.res.android.ResTable_config.isBetterThan(Lorg/robolectric/res/android/ResTable_config;Lorg/robolectric/res/android/ResTable_config;)Z @ 898
Event: 24.795 Thread 0x000000001808e000 Uncommon trap: reason=unstable_if action=reinterpret pc=0x0000000002a4f6e4 method=org.robolectric.res.android.ResTable_config.match(Lorg/robolectric/res/android/ResTable_config;)Z @ 252
Event: 24.806 Thread 0x000000001808e000 Uncommon trap: reason=unstable_if action=reinterpret pc=0x000000000324325c method=org.robolectric.res.android.CppAssetManager2$Theme.SetTo(Lorg/robolectric/res/android/CppAssetManager2$Theme;)Z @ 53
Event: 24.807 Thread 0x000000001808e000 Uncommon trap: reason=unstable_if action=reinterpret pc=0x0000000002c92dd0 method=org.robolectric.res.android.CppAssetManager2$Theme.SetTo(Lorg/robolectric/res/android/CppAssetManager2$Theme;)Z @ 53
Event: 25.411 Thread 0x000000001808e000 Uncommon trap: reason=unstable_if action=reinterpret pc=0x0000000002f3523c method=java.lang.String.lastIndexOf([CII[CIII)I @ 66

Internal exceptions (10 events):
Event: 21.930 Thread 0x000000001808e000 Implicit null exception at 0x0000000003222563 to 0x00000000032247e5
Event: 21.930 Thread 0x000000001808e000 Implicit null exception at 0x000000000306bbe6 to 0x000000000306c75d
Event: 21.930 Thread 0x000000001808e000 Implicit null exception at 0x000000000327a707 to 0x000000000327c53d
Event: 21.930 Thread 0x000000001808e000 Implicit null exception at 0x0000000002aa12f8 to 0x0000000002aa1639
Event: 22.233 Thread 0x000000001808e000 Exception <a 'java/lang/NoSuchFieldError': method resolution failed> (0x00000000f6d072d0) thrown at [C:\re\workspace\8-2-build-windows-amd64-cygwin\jdk8u111\7883\hotspot\src\share\vm\prims\methodHandles.cpp, line 1146]
Event: 22.473 Thread 0x000000001808e000 Exception <a 'java/lang/NoSuchFieldError': method resolution failed> (0x00000000f78dcbb8) thrown at [C:\re\workspace\8-2-build-windows-amd64-cygwin\jdk8u111\7883\hotspot\src\share\vm\prims\methodHandles.cpp, line 1146]
Event: 24.474 Thread 0x000000001808e000 Implicit null exception at 0x000000000323b197 to 0x000000000323b26d
Event: 24.678 Thread 0x000000001808e000 Exception <a 'java/lang/NoSuchMethodError': java.lang.Object.lambda$get$0(Ljava/lang/Object;)V> (0x00000000fbdc5ae0) thrown at [C:\re\workspace\8-2-build-windows-amd64-cygwin\jdk8u111\7883\hotspot\src\share\vm\interpreter\linkResolver.cpp, line 582]
Event: 24.752 Thread 0x000000001808e000 Implicit null exception at 0x00000000033941fc to 0x000000000339429d
Event: 24.797 Thread 0x000000001808e000 Exception <a 'sun/nio/fs/WindowsException'> (0x00000000fc96e880) thrown at [C:\re\workspace\8-2-build-windows-amd64-cygwin\jdk8u111\7883\hotspot\src\share\vm\prims\jni.cpp, line 709]

Events (10 events):
Event: 25.411 Thread 0x000000001808e000 DEOPT PACKING pc=0x0000000002f3523c sp=0x000000001a06de70
Event: 25.411 Thread 0x000000001808e000 DEOPT UNPACKING pc=0x000000000263582a sp=0x000000001a06ddc8 mode 2
Event: 25.485 Thread 0x000000001808e000 DEOPT PACKING pc=0x00000000036d088d sp=0x000000001a06c360
Event: 25.485 Thread 0x000000001808e000 DEOPT UNPACKING pc=0x000000000263747f sp=0x000000001a06c0c0 mode 0
Event: 25.520 Thread 0x000000001808e000 DEOPT PACKING pc=0x00000000036d088d sp=0x000000001a068b90
Event: 25.520 Thread 0x000000001808e000 DEOPT UNPACKING pc=0x000000000263747f sp=0x000000001a0688f0 mode 0
Event: 25.801 Executing VM operation: ParallelGCFailedAllocation
Event: 25.819 Executing VM operation: ParallelGCFailedAllocation done
Event: 25.820 Executing VM operation: RevokeBias
Event: 25.820 Executing VM operation: RevokeBias done


Dynamic libraries:
0x00007ff62e4a0000 - 0x00007ff62e4d7000 	C:\Program Files\Java\jdk1.8.0_111\bin\java.exe
0x00007ffdb2090000 - 0x00007ffdb2285000 	C:\WINDOWS\SYSTEM32\ntdll.dll
0x00007ffdb1180000 - 0x00007ffdb123e000 	C:\WINDOWS\System32\KERNEL32.DLL
0x00007ffdafc20000 - 0x00007ffdafee9000 	C:\WINDOWS\System32\KERNELBASE.dll
0x00007ffdb02f0000 - 0x00007ffdb039c000 	C:\WINDOWS\System32\ADVAPI32.dll
0x00007ffdb1910000 - 0x00007ffdb19ae000 	C:\WINDOWS\System32\msvcrt.dll
0x00007ffdb1390000 - 0x00007ffdb142b000 	C:\WINDOWS\System32\sechost.dll
0x00007ffdb17e0000 - 0x00007ffdb190a000 	C:\WINDOWS\System32\RPCRT4.dll
0x00007ffdb0890000 - 0x00007ffdb0a31000 	C:\WINDOWS\System32\USER32.dll
0x00007ffdaf7b0000 - 0x00007ffdaf7d2000 	C:\WINDOWS\System32\win32u.dll
0x00007ffdb02c0000 - 0x00007ffdb02eb000 	C:\WINDOWS\System32\GDI32.dll
0x00007ffdaff40000 - 0x00007ffdb004b000 	C:\WINDOWS\System32\gdi32full.dll
0x00007ffdaf920000 - 0x00007ffdaf9bd000 	C:\WINDOWS\System32\msvcp_win.dll
0x00007ffdaf9c0000 - 0x00007ffdafac0000 	C:\WINDOWS\System32\ucrtbase.dll
0x00007ffd6dee0000 - 0x00007ffd6e17a000 	C:\WINDOWS\WinSxS\amd64_microsoft.windows.common-controls_6595b64144ccf1df_6.0.19041.1110_none_60b5254171f9507e\COMCTL32.dll
0x00007ffdb1fc0000 - 0x00007ffdb1ff0000 	C:\WINDOWS\System32\IMM32.DLL
0x0000000064950000 - 0x0000000064a22000 	C:\Program Files\Java\jdk1.8.0_111\jre\bin\msvcr100.dll
0x00000000626d0000 - 0x0000000062f6a000 	C:\Program Files\Java\jdk1.8.0_111\jre\bin\server\jvm.dll
0x00007ffdb1f20000 - 0x00007ffdb1f28000 	C:\WINDOWS\System32\PSAPI.DLL
0x00007ffd9cb90000 - 0x00007ffd9cbb7000 	C:\WINDOWS\SYSTEM32\WINMM.dll
0x00007ffdab1d0000 - 0x00007ffdab1d9000 	C:\WINDOWS\SYSTEM32\WSOCK32.dll
0x00007ffda8eb0000 - 0x00007ffda8eba000 	C:\WINDOWS\SYSTEM32\VERSION.dll
0x00007ffdb1240000 - 0x00007ffdb12ab000 	C:\WINDOWS\System32\WS2_32.dll
0x0000000064940000 - 0x000000006494f000 	C:\Program Files\Java\jdk1.8.0_111\jre\bin\verify.dll
0x00000000626a0000 - 0x00000000626c9000 	C:\Program Files\Java\jdk1.8.0_111\jre\bin\java.dll
0x0000000062680000 - 0x0000000062696000 	C:\Program Files\Java\jdk1.8.0_111\jre\bin\zip.dll
0x00007ffdb0a40000 - 0x00007ffdb117f000 	C:\WINDOWS\System32\SHELL32.dll
0x00007ffdad870000 - 0x00007ffdae000000 	C:\WINDOWS\SYSTEM32\windows.storage.dll
0x00007ffdb03a0000 - 0x00007ffdb06f5000 	C:\WINDOWS\System32\combase.dll
0x00007ffdaf130000 - 0x00007ffdaf15c000 	C:\WINDOWS\SYSTEM32\Wldp.dll
0x00007ffdb16b0000 - 0x00007ffdb175d000 	C:\WINDOWS\System32\SHCORE.dll
0x00007ffdb1ff0000 - 0x00007ffdb2045000 	C:\WINDOWS\System32\shlwapi.dll
0x00007ffdaf6f0000 - 0x00007ffdaf70f000 	C:\WINDOWS\SYSTEM32\profapi.dll
0x0000000062660000 - 0x000000006267a000 	C:\Program Files\Java\jdk1.8.0_111\jre\bin\net.dll
0x00007ffdaee90000 - 0x00007ffdaeefa000 	C:\WINDOWS\system32\mswsock.dll
0x0000000062640000 - 0x0000000062651000 	C:\Program Files\Java\jdk1.8.0_111\jre\bin\nio.dll
0x00007ffdaf080000 - 0x00007ffdaf098000 	C:\WINDOWS\SYSTEM32\CRYPTSP.dll
0x00007ffdae810000 - 0x00007ffdae844000 	C:\WINDOWS\system32\rsaenh.dll
0x00007ffdb00b0000 - 0x00007ffdb00d7000 	C:\WINDOWS\System32\bcrypt.dll
0x00007ffdaf670000 - 0x00007ffdaf69e000 	C:\WINDOWS\SYSTEM32\USERENV.dll
0x00007ffdaf7e0000 - 0x00007ffdaf863000 	C:\WINDOWS\System32\bcryptprimitives.dll
0x00007ffdaf0a0000 - 0x00007ffdaf0ac000 	C:\WINDOWS\SYSTEM32\CRYPTBASE.dll
0x00007ffdaeb80000 - 0x00007ffdaebbb000 	C:\WINDOWS\SYSTEM32\IPHLPAPI.DLL
0x00007ffdb0880000 - 0x00007ffdb0888000 	C:\WINDOWS\System32\NSI.dll
0x00007ffdad450000 - 0x00007ffdad467000 	C:\WINDOWS\SYSTEM32\dhcpcsvc6.DLL
0x00007ffdad430000 - 0x00007ffdad44d000 	C:\WINDOWS\SYSTEM32\dhcpcsvc.DLL
0x00007ffdaebc0000 - 0x00007ffdaec8c000 	C:\WINDOWS\SYSTEM32\DNSAPI.dll
0x0000000062600000 - 0x0000000062624000 	C:\Program Files\Java\jdk1.8.0_111\jre\bin\sunec.dll
0x00000000625f0000 - 0x00000000625fb000 	C:\Program Files\Java\jdk1.8.0_111\jre\bin\sunmscapi.dll
0x00007ffdafac0000 - 0x00007ffdafc16000 	C:\WINDOWS\System32\CRYPT32.dll
0x00000000631c0000 - 0x0000000063358000 	C:\Program Files\Java\jdk1.8.0_111\jre\bin\awt.dll
0x00007ffdb19d0000 - 0x00007ffdb1a9d000 	C:\WINDOWS\System32\OLEAUT32.dll
0x00007ffdacbe0000 - 0x00007ffdacc70000 	C:\WINDOWS\SYSTEM32\apphelp.dll
0x00007ffdad680000 - 0x00007ffdad864000 	C:\WINDOWS\SYSTEM32\dbghelp.dll

VM Arguments:
jvm_args: -Djava.awt.headless=true -Djava.security.manager=worker.org.gradle.process.internal.worker.child.BootstrapSecurityManager -Dorg.gradle.native=false -Xmx512m -Dfile.encoding=windows-1252 -Duser.country=AU -Duser.language=en -Duser.variant -ea 
java_command: worker.org.gradle.process.internal.worker.GradleWorkerMain 'Gradle Test Executor 14'
java_class_path (initial): C:\Users\HP\.gradle\caches\6.1.1\workerMain\gradle-worker.jar
Launcher Type: SUN_STANDARD

Environment Variables:
PATH=C:\Program Files\Microsoft MPI\Bin\;C:\Program Files\Java\jdk-14.0.1\bin;C:\WINDOWS\system32;C:\WINDOWS;C:\WINDOWS\System32\Wbem;C:\WINDOWS\System32\WindowsPowerShell\v1.0\;C:\WINDOWS\System32\OpenSSH\;C:\Program Files\Git\cmd;C:\Program Files\Git\mingw64\bin;C:\Program Files\Git\usr\bin;C:\Program Files\Microsoft SQL Server\Client SDK\ODBC\170\Tools\Binn\;C:\Program Files (x86)\Microsoft SQL Server\150\Tools\Binn\;C:\Program Files\Microsoft SQL Server\150\Tools\Binn\;C:\Program Files\Microsoft SQL Server\150\DTS\Binn\;C:\Program Files (x86)\Microsoft SQL Server\150\DTS\Binn\;C:\Program Files\Microsoft SQL Server\Client SDK\ODBC\130\Tools\Binn\;C:\Users\HP\AppData\Roaming\Python\Python39\Scripts;C:\xampp\php;C:\ProgramData\ComposerSetup\bin;C:\Program Files\nodejs\;C:\Program Files\Microsoft SQL Server\130\Tools\Binn\;C:\Program Files (x86)\Microsoft SQL Server\110\DTS\Binn\;C:\Program Files (x86)\Microsoft SQL Server\120\DTS\Binn\;C:\Program Files (x86)\Microsoft SQL Server\130\DTS\Binn\;C:\Program Files (x86)\Microsoft SQL Server\140\DTS\Binn\;C:\Program Files\PuTTY\;D:\Flutter\flutter\bin;C:\Users\HP\AppData\Local\Programs\Microsoft VS Code\bin
USERNAME=HP
OS=Windows_NT
PROCESSOR_IDENTIFIER=AMD64 Family 23 Model 24 Stepping 1, AuthenticAMD



---------------  S Y S T E M  ---------------

OS: Windows 10.0 , 64 bit Build 19041 (10.0.19041.1202)

CPU:total 8 (8 cores per cpu, 1 threads per core) family 23 model 24 stepping 1, cmov, cx8, fxsr, mmx, sse, sse2, sse3, ssse3, sse4.1, sse4.2, popcnt, avx, avx2, aes, clmul, mmxext, 3dnowpref, lzcnt, sse4a, tsc, tscinvbit, tscinv, bmi1

Memory: 4k page, physical 6203584k(411480k free), swap 21407936k(6866056k free)

vm_info: Java HotSpot(TM) 64-Bit Server VM (25.111-b14) for windows-amd64 JRE (1.8.0_111-b14), built on Sep 22 2016 19:24:05 by "java_re" with MS VC++ 10.0 (VS2010)

time: Wed Nov 03 22:26:57 2021
elapsed time: 26 seconds (0d 0h 0m 26s)

