#
# A fatal error has been detected by the Java Runtime Environment:
#
#  EXCEPTION_ACCESS_VIOLATION (0xc0000005) at pc=0x0000000062713608, pid=17784, tid=0x0000000000001ef4
#
# JRE version: Java(TM) SE Runtime Environment (8.0_111-b14) (build 1.8.0_111-b14)
# Java VM: Java HotSpot(TM) 64-Bit Server VM (25.111-b14 mixed mode windows-amd64 compressed oops)
# Problematic frame:
# V  [jvm.dll+0x43608]
#
# Failed to write core dump. Minidumps are not enabled by default on client versions of Windows
#
# If you would like to submit a bug report, please visit:
#   http://bugreport.java.com/bugreport/crash.jsp
#

---------------  T H R E A D  ---------------

Current thread (0x0000000016362000):  JavaThread "C1 CompilerThread3" daemon [_thread_in_vm, id=7924, stack(0x0000000016ef0000,0x0000000016ff0000)]

siginfo: ExceptionCode=0xc0000005, reading address 0xffffffffffffffff

Registers:
RAX=0x0000000016362000, RBX=0x0000000002ad5620, RCX=0x0000000002ad5620, RDX=0x0000000002ad5620
RSP=0x0000000016fed5c0, RBP=0x0000000016387540, RSI=0x0000000002ad5620, RDI=0x0000000000000000
R8 =0x3cccc588ffff0013, R9 =0x0000000000000000, R10=0x0000000016387770, R11=0x0000000017c19280
R12=0x0000000016362000, R13=0x0000000016387540, R14=0x00000000182a6750, R15=0x0000000000000000
RIP=0x0000000062713608, EFLAGS=0x0000000000010202

Top of Stack: (sp=0x0000000016fed5c0)
0x0000000016fed5c0:   00000000000000b6 0000000016fefb70
0x0000000016fed5d0:   0000000000000000 0000000000000077
0x0000000016fed5e0:   000000001b919b60 0000000016fefb70
0x0000000016fed5f0:   0000000016fed6d0 00000000626ffe25
0x0000000016fed600:   00000000000000e9 0000000062713999
0x0000000016fed610:   0000000000000077 0000000000000077
0x0000000016fed620:   0000000000000000 0000000000000000
0x0000000016fed630:   00000000000000b6 000000001b197500
0x0000000016fed640:   0000000002a89ea0 0000000062711c6b
0x0000000016fed650:   0000000000000000 0000000016362000
0x0000000016fed660:   00000000182a7f10 00000000626fce0f
0x0000000016fed670:   0000000016362000 0000000062716f80
0x0000000016fed680:   0000000016362000 0000000016362000
0x0000000016fed690:   000000001b197500 0000000062af0aeb
0x0000000016fed6a0:   0000000000000000 0000000000000000
0x0000000016fed6b0:   00000000182a7f10 0000000000000000 

Instructions: (pc=0x0000000062713608)
0x00000000627135e8:   00 48 8b da ff 15 fe 7d 59 00 44 0f b6 05 5a d9
0x00000000627135f8:   7a 00 4c 8b e0 45 84 c0 74 39 4c 8b 03 48 8b cb
0x0000000062713608:   41 ff 50 08 84 c0 74 2b 83 7b 08 00 7e 25 0f b6
0x0000000062713618:   83 0e 01 00 00 c0 e8 03 a8 01 74 17 48 8b 03 48 


Register to memory mapping:

RAX=0x0000000016362000 is a thread
RBX=0x0000000002ad5620 is an unknown value
RCX=0x0000000002ad5620 is an unknown value
RDX=0x0000000002ad5620 is an unknown value
RSP=0x0000000016fed5c0 is pointing into the stack for thread: 0x0000000016362000
RBP=0x0000000016387540 is an unknown value
RSI=0x0000000002ad5620 is an unknown value
RDI=0x0000000000000000 is an unknown value
R8 =0x3cccc588ffff0013 is an unknown value
R9 =0x0000000000000000 is an unknown value
R10=0x0000000016387770 is an unknown value
R11=0x0000000017c19280 is an unknown value
R12=0x0000000016362000 is a thread
R13=0x0000000016387540 is an unknown value
R14=0x00000000182a6750 is an unknown value
R15=0x0000000000000000 is an unknown value


Stack: [0x0000000016ef0000,0x0000000016ff0000],  sp=0x0000000016fed5c0,  free space=1013k
Native frames: (J=compiled Java code, j=interpreted, Vv=VM code, C=native code)
V  [jvm.dll+0x43608]
V  [jvm.dll+0x43999]
V  [jvm.dll+0x41c6b]
V  [jvm.dll+0x420aeb]
V  [jvm.dll+0x41b8da]
V  [jvm.dll+0x41e727]
V  [jvm.dll+0x41eeeb]
V  [jvm.dll+0x41fde6]
V  [jvm.dll+0x420048]
V  [jvm.dll+0x42047b]
V  [jvm.dll+0x41ffd5]
V  [jvm.dll+0x41bd3b]
V  [jvm.dll+0x41e727]
V  [jvm.dll+0x41eeeb]
V  [jvm.dll+0x41fde6]
V  [jvm.dll+0x420048]
V  [jvm.dll+0x42047b]
V  [jvm.dll+0x41ffd5]
V  [jvm.dll+0x41bd3b]
V  [jvm.dll+0x41e727]
V  [jvm.dll+0x41f01d]
V  [jvm.dll+0x41fde6]
V  [jvm.dll+0x420048]
V  [jvm.dll+0x42047b]
V  [jvm.dll+0x41ffd5]
V  [jvm.dll+0x41bd3b]
V  [jvm.dll+0x41e727]
V  [jvm.dll+0x41eeeb]
V  [jvm.dll+0x41fde6]
V  [jvm.dll+0x420048]
V  [jvm.dll+0x42047b]
V  [jvm.dll+0x41ffd5]
V  [jvm.dll+0x41bd3b]
V  [jvm.dll+0x41e727]
V  [jvm.dll+0x41f01d]
V  [jvm.dll+0x41fde6]
V  [jvm.dll+0x420048]
V  [jvm.dll+0x42047b]
V  [jvm.dll+0x41ffd5]
V  [jvm.dll+0x41bd3b]
V  [jvm.dll+0x41e727]
V  [jvm.dll+0x41eeeb]
V  [jvm.dll+0x41fde6]
V  [jvm.dll+0x420048]
V  [jvm.dll+0x41bd3b]
V  [jvm.dll+0x41e727]
V  [jvm.dll+0x41eeeb]
V  [jvm.dll+0x41fde6]
V  [jvm.dll+0x420048]
V  [jvm.dll+0x41bd3b]
V  [jvm.dll+0x41e727]
V  [jvm.dll+0x41f01d]
V  [jvm.dll+0x41f412]
V  [jvm.dll+0x4244f5]
V  [jvm.dll+0x424600]
V  [jvm.dll+0x40ddb8]
V  [jvm.dll+0x40e021]
V  [jvm.dll+0x40e1e2]
V  [jvm.dll+0x40e3b1]
V  [jvm.dll+0x40e5bf]
V  [jvm.dll+0xa5742]
V  [jvm.dll+0xa607f]
V  [jvm.dll+0x244b7f]
V  [jvm.dll+0x29c43a]
C  [msvcr100.dll+0x21d9f]
C  [msvcr100.dll+0x21e3b]
C  [KERNEL32.DLL+0x17034]
C  [ntdll.dll+0x52651]


Current CompileTask:
C1:  53583 6348       3       android.content.res.TypedArray::$$robo$$android_content_res_TypedArray$loadStringValueAt (51 bytes)


---------------  P R O C E S S  ---------------

Java Threads: ( => current thread )
  0x0000000018348000 JavaThread "Java2D Disposer" daemon [_thread_blocked, id=23876, stack(0x000000001e830000,0x000000001e930000)]
  0x0000000018a94800 JavaThread "SDK 28 Main Thread" [_thread_in_Java, id=10296, stack(0x000000001a4d0000,0x000000001a5d0000)]
  0x000000001792e800 JavaThread "/127.0.0.1:57113 to /127.0.0.1:57112 workers Thread 3" [_thread_in_native, id=4072, stack(0x0000000019000000,0x0000000019100000)]
  0x000000001792e000 JavaThread "/127.0.0.1:57113 to /127.0.0.1:57112 workers Thread 2" [_thread_blocked, id=20784, stack(0x0000000018f00000,0x0000000019000000)]
  0x00000000177b9800 JavaThread "Test worker" [_thread_blocked, id=14272, stack(0x0000000018ac0000,0x0000000018bc0000)]
  0x0000000016404000 JavaThread "Service Thread" daemon [_thread_blocked, id=5056, stack(0x0000000016ff0000,0x00000000170f0000)]
=>0x0000000016362000 JavaThread "C1 CompilerThread3" daemon [_thread_in_vm, id=7924, stack(0x0000000016ef0000,0x0000000016ff0000)]
  0x0000000016352000 JavaThread "C2 CompilerThread2" daemon [_thread_blocked, id=21948, stack(0x0000000016df0000,0x0000000016ef0000)]
  0x0000000016351000 JavaThread "C2 CompilerThread1" daemon [_thread_blocked, id=19380, stack(0x0000000016cf0000,0x0000000016df0000)]
  0x0000000016350000 JavaThread "C2 CompilerThread0" daemon [_thread_blocked, id=19092, stack(0x0000000016bf0000,0x0000000016cf0000)]
  0x000000001634c800 JavaThread "Attach Listener" daemon [_thread_blocked, id=19480, stack(0x0000000016af0000,0x0000000016bf0000)]
  0x000000001634b800 JavaThread "Signal Dispatcher" daemon [_thread_blocked, id=16632, stack(0x00000000169f0000,0x0000000016af0000)]
  0x0000000002b7e800 JavaThread "Finalizer" daemon [_thread_blocked, id=22412, stack(0x00000000166b0000,0x00000000167b0000)]
  0x0000000002b75000 JavaThread "Reference Handler" daemon [_thread_blocked, id=21580, stack(0x00000000161b0000,0x00000000162b0000)]
  0x000000000286e000 JavaThread "main" [_thread_blocked, id=3604, stack(0x0000000002980000,0x0000000002a80000)]

Other Threads:
  0x00000000143ea000 VMThread [stack: 0x00000000160b0000,0x00000000161b0000] [id=7880]
  0x0000000016396800 WatcherThread [stack: 0x00000000170f0000,0x00000000171f0000] [id=7008]

VM state:not at safepoint (normal execution)

VM Mutex/Monitor currently owned by a thread: None

Heap:
 PSYoungGen      total 160768K, used 149201K [0x00000000f5580000, 0x0000000100000000, 0x0000000100000000)
  eden space 146944K, 92% used [0x00000000f5580000,0x00000000fd9b6c30,0x00000000fe500000)
  from space 13824K, 99% used [0x00000000fe500000,0x00000000ff27dba0,0x00000000ff280000)
  to   space 13824K, 0% used [0x00000000ff280000,0x00000000ff280000,0x0000000100000000)
 ParOldGen       total 159744K, used 60029K [0x00000000e0000000, 0x00000000e9c00000, 0x00000000f5580000)
  object space 159744K, 37% used [0x00000000e0000000,0x00000000e3a9f400,0x00000000e9c00000)
 Metaspace       used 61490K, capacity 70642K, committed 70780K, reserved 1110016K
  class space    used 7696K, capacity 10272K, committed 10364K, reserved 1048576K

Card table byte_map: [0x0000000011f40000,0x0000000012050000] byte_map_base: 0x0000000011840000

Marking Bits: (ParMarkBitMap*) 0x0000000062eea6c0
 Begin Bits: [0x0000000012900000, 0x0000000013100000)
 End Bits:   [0x0000000013100000, 0x0000000013900000)

Polling page: 0x0000000002850000

CodeCache: size=245760Kb used=17304Kb max_used=17313Kb free=228455Kb
 bounds [0x0000000002b80000, 0x0000000003c80000, 0x0000000011b80000]
 total_blobs=6899 nmethods=5339 adapters=1473
 compilation: enabled

Compilation events (10 events):
Event: 53.445 Thread 0x0000000016362000 6342       3       java.lang.invoke.LambdaForm$MH/992282644::guard (100 bytes)
Event: 53.446 Thread 0x0000000016351000 nmethod 6338 0x0000000003c64090 code [0x0000000003c641e0, 0x0000000003c64458]
Event: 53.447 Thread 0x0000000016362000 nmethod 6342 0x0000000003c6b090 code [0x0000000003c6b2a0, 0x0000000003c6bf88]
Event: 53.448 Thread 0x0000000016350000 6343       4       org.robolectric.res.android.CppAssetManager2::lambda$RebuildFilterList$1 (96 bytes)
Event: 53.450 Thread 0x0000000016351000 6344       4       org.robolectric.res.android.ResTable_config::match (773 bytes)
Event: 53.453 Thread 0x0000000016362000 6346   !   3       org.robolectric.util.reflector.Reflector::determineTargetClass (145 bytes)
Event: 53.461 Thread 0x0000000016362000 nmethod 6346 0x0000000003c6d010 code [0x0000000003c6d4e0, 0x0000000003c706f8]
Event: 53.463 Thread 0x0000000016362000 6347       3       org.robolectric.res.android.LocaleData::packLocale (41 bytes)
Event: 53.463 Thread 0x0000000016362000 nmethod 6347 0x0000000003c68590 code [0x0000000003c68700, 0x0000000003c688f0]
Event: 53.469 Thread 0x0000000016362000 6348       3       android.content.res.TypedArray::$$robo$$android_content_res_TypedArray$loadStringValueAt (51 bytes)

GC Heap History (10 events):
Event: 36.811 GC heap before
{Heap before GC invocations=20 (full 3):
 PSYoungGen      total 158208K, used 146944K [0x00000000f5580000, 0x0000000100000000, 0x0000000100000000)
  eden space 146944K, 100% used [0x00000000f5580000,0x00000000fe500000,0x00000000fe500000)
  from space 11264K, 0% used [0x00000000ff500000,0x00000000ff500000,0x0000000100000000)
  to   space 13824K, 0% used [0x00000000fe500000,0x00000000fe500000,0x00000000ff280000)
 ParOldGen       total 159744K, used 57915K [0x00000000e0000000, 0x00000000e9c00000, 0x00000000f5580000)
  object space 159744K, 36% used [0x00000000e0000000,0x00000000e388ede8,0x00000000e9c00000)
 Metaspace       used 48218K, capacity 53752K, committed 54012K, reserved 1095680K
  class space    used 5839K, capacity 7561K, committed 7676K, reserved 1048576K
Event: 36.840 GC heap after
Heap after GC invocations=20 (full 3):
 PSYoungGen      total 160768K, used 5150K [0x00000000f5580000, 0x0000000100000000, 0x0000000100000000)
  eden space 146944K, 0% used [0x00000000f5580000,0x00000000f5580000,0x00000000fe500000)
  from space 13824K, 37% used [0x00000000fe500000,0x00000000fea07bd8,0x00000000ff280000)
  to   space 13312K, 0% used [0x00000000ff300000,0x00000000ff300000,0x0000000100000000)
 ParOldGen       total 159744K, used 57923K [0x00000000e0000000, 0x00000000e9c00000, 0x00000000f5580000)
  object space 159744K, 36% used [0x00000000e0000000,0x00000000e3890de8,0x00000000e9c00000)
 Metaspace       used 48218K, capacity 53752K, committed 54012K, reserved 1095680K
  class space    used 5839K, capacity 7561K, committed 7676K, reserved 1048576K
}
Event: 41.030 GC heap before
{Heap before GC invocations=21 (full 3):
 PSYoungGen      total 160768K, used 152094K [0x00000000f5580000, 0x0000000100000000, 0x0000000100000000)
  eden space 146944K, 100% used [0x00000000f5580000,0x00000000fe500000,0x00000000fe500000)
  from space 13824K, 37% used [0x00000000fe500000,0x00000000fea07bd8,0x00000000ff280000)
  to   space 13312K, 0% used [0x00000000ff300000,0x00000000ff300000,0x0000000100000000)
 ParOldGen       total 159744K, used 57923K [0x00000000e0000000, 0x00000000e9c00000, 0x00000000f5580000)
  object space 159744K, 36% used [0x00000000e0000000,0x00000000e3890de8,0x00000000e9c00000)
 Metaspace       used 52042K, capacity 58004K, committed 58236K, reserved 1099776K
  class space    used 6218K, capacity 8031K, committed 8060K, reserved 1048576K
Event: 41.050 GC heap after
Heap after GC invocations=21 (full 3):
 PSYoungGen      total 159232K, used 7755K [0x00000000f5580000, 0x00000000ffe80000, 0x0000000100000000)
  eden space 147456K, 0% used [0x00000000f5580000,0x00000000f5580000,0x00000000fe580000)
  from space 11776K, 65% used [0x00000000ff300000,0x00000000ffa92e60,0x00000000ffe80000)
  to   space 12800K, 0% used [0x00000000fe580000,0x00000000fe580000,0x00000000ff200000)
 ParOldGen       total 159744K, used 57931K [0x00000000e0000000, 0x00000000e9c00000, 0x00000000f5580000)
  object space 159744K, 36% used [0x00000000e0000000,0x00000000e3892de8,0x00000000e9c00000)
 Metaspace       used 52042K, capacity 58004K, committed 58236K, reserved 1099776K
  class space    used 6218K, capacity 8031K, committed 8060K, reserved 1048576K
}
Event: 44.160 GC heap before
{Heap before GC invocations=22 (full 3):
 PSYoungGen      total 159232K, used 155211K [0x00000000f5580000, 0x00000000ffe80000, 0x0000000100000000)
  eden space 147456K, 100% used [0x00000000f5580000,0x00000000fe580000,0x00000000fe580000)
  from space 11776K, 65% used [0x00000000ff300000,0x00000000ffa92e60,0x00000000ffe80000)
  to   space 12800K, 0% used [0x00000000fe580000,0x00000000fe580000,0x00000000ff200000)
 ParOldGen       total 159744K, used 57931K [0x00000000e0000000, 0x00000000e9c00000, 0x00000000f5580000)
  object space 159744K, 36% used [0x00000000e0000000,0x00000000e3892de8,0x00000000e9c00000)
 Metaspace       used 54564K, capacity 60838K, committed 60924K, reserved 1101824K
  class space    used 6547K, capacity 8434K, committed 8444K, reserved 1048576K
Event: 44.183 GC heap after
Heap after GC invocations=22 (full 3):
 PSYoungGen      total 160256K, used 8124K [0x00000000f5580000, 0x0000000100000000, 0x0000000100000000)
  eden space 147456K, 0% used [0x00000000f5580000,0x00000000f5580000,0x00000000fe580000)
  from space 12800K, 63% used [0x00000000fe580000,0x00000000fed6f2e0,0x00000000ff200000)
  to   space 12800K, 0% used [0x00000000ff380000,0x00000000ff380000,0x0000000100000000)
 ParOldGen       total 159744K, used 57939K [0x00000000e0000000, 0x00000000e9c00000, 0x00000000f5580000)
  object space 159744K, 36% used [0x00000000e0000000,0x00000000e3894de8,0x00000000e9c00000)
 Metaspace       used 54564K, capacity 60838K, committed 60924K, reserved 1101824K
  class space    used 6547K, capacity 8434K, committed 8444K, reserved 1048576K
}
Event: 47.807 GC heap before
{Heap before GC invocations=23 (full 3):
 PSYoungGen      total 160256K, used 155580K [0x00000000f5580000, 0x0000000100000000, 0x0000000100000000)
  eden space 147456K, 100% used [0x00000000f5580000,0x00000000fe580000,0x00000000fe580000)
  from space 12800K, 63% used [0x00000000fe580000,0x00000000fed6f2e0,0x00000000ff200000)
  to   space 12800K, 0% used [0x00000000ff380000,0x00000000ff380000,0x0000000100000000)
 ParOldGen       total 159744K, used 57939K [0x00000000e0000000, 0x00000000e9c00000, 0x00000000f5580000)
  object space 159744K, 36% used [0x00000000e0000000,0x00000000e3894de8,0x00000000e9c00000)
 Metaspace       used 57739K, capacity 64750K, committed 64892K, reserved 1105920K
  class space    used 6984K, capacity 9072K, committed 9084K, reserved 1048576K
Event: 47.837 GC heap after
Heap after GC invocations=23 (full 3):
 PSYoungGen      total 159744K, used 11648K [0x00000000f5580000, 0x0000000100000000, 0x0000000100000000)
  eden space 146944K, 0% used [0x00000000f5580000,0x00000000f5580000,0x00000000fe500000)
  from space 12800K, 91% used [0x00000000ff380000,0x00000000ffee0318,0x0000000100000000)
  to   space 13824K, 0% used [0x00000000fe500000,0x00000000fe500000,0x00000000ff280000)
 ParOldGen       total 159744K, used 57947K [0x00000000e0000000, 0x00000000e9c00000, 0x00000000f5580000)
  object space 159744K, 36% used [0x00000000e0000000,0x00000000e3896de8,0x00000000e9c00000)
 Metaspace       used 57739K, capacity 64750K, committed 64892K, reserved 1105920K
  class space    used 6984K, capacity 9072K, committed 9084K, reserved 1048576K
}
Event: 51.296 GC heap before
{Heap before GC invocations=24 (full 3):
 PSYoungGen      total 159744K, used 158592K [0x00000000f5580000, 0x0000000100000000, 0x0000000100000000)
  eden space 146944K, 100% used [0x00000000f5580000,0x00000000fe500000,0x00000000fe500000)
  from space 12800K, 91% used [0x00000000ff380000,0x00000000ffee0318,0x0000000100000000)
  to   space 13824K, 0% used [0x00000000fe500000,0x00000000fe500000,0x00000000ff280000)
 ParOldGen       total 159744K, used 57947K [0x00000000e0000000, 0x00000000e9c00000, 0x00000000f5580000)
  object space 159744K, 36% used [0x00000000e0000000,0x00000000e3896de8,0x00000000e9c00000)
 Metaspace       used 61111K, capacity 69928K, committed 70140K, reserved 1110016K
  class space    used 7673K, capacity 10215K, committed 10236K, reserved 1048576K
Event: 51.358 GC heap after
Heap after GC invocations=24 (full 3):
 PSYoungGen      total 160768K, used 13814K [0x00000000f5580000, 0x0000000100000000, 0x0000000100000000)
  eden space 146944K, 0% used [0x00000000f5580000,0x00000000f5580000,0x00000000fe500000)
  from space 13824K, 99% used [0x00000000fe500000,0x00000000ff27dba0,0x00000000ff280000)
  to   space 13824K, 0% used [0x00000000ff280000,0x00000000ff280000,0x0000000100000000)
 ParOldGen       total 159744K, used 60029K [0x00000000e0000000, 0x00000000e9c00000, 0x00000000f5580000)
  object space 159744K, 37% used [0x00000000e0000000,0x00000000e3a9f400,0x00000000e9c00000)
 Metaspace       used 61111K, capacity 69928K, committed 70140K, reserved 1110016K
  class space    used 7673K, capacity 10215K, committed 10236K, reserved 1048576K
}

Deoptimization events (10 events):
Event: 50.689 Thread 0x00000000177b9800 Uncommon trap: reason=class_check action=maybe_recompile pc=0x000000000348ef28 method=com.google.common.collect.ImmutableSet$RegularSetBuilderImpl.add(Ljava/lang/Object;)Lcom/google/common/collect/ImmutableSet$SetBuilderImpl; @ 6
Event: 50.689 Thread 0x00000000177b9800 Uncommon trap: reason=class_check action=maybe_recompile pc=0x000000000348ef28 method=com.google.common.collect.ImmutableSet$RegularSetBuilderImpl.add(Ljava/lang/Object;)Lcom/google/common/collect/ImmutableSet$SetBuilderImpl; @ 6
Event: 50.689 Thread 0x00000000177b9800 Uncommon trap: reason=class_check action=maybe_recompile pc=0x000000000348ef28 method=com.google.common.collect.ImmutableSet$RegularSetBuilderImpl.add(Ljava/lang/Object;)Lcom/google/common/collect/ImmutableSet$SetBuilderImpl; @ 6
Event: 50.690 Thread 0x00000000177b9800 Uncommon trap: reason=unstable_if action=reinterpret pc=0x000000000316e5e8 method=org.robolectric.internal.bytecode.MethodRef.equals(Ljava/lang/Object;)Z @ 2
Event: 50.751 Thread 0x0000000018a94800 Uncommon trap: reason=unstable_if action=reinterpret pc=0x0000000002ff4c34 method=org.robolectric.res.android.ResTable_config.isBetterThan(Lorg/robolectric/res/android/ResTable_config;Lorg/robolectric/res/android/ResTable_config;)Z @ 898
Event: 50.809 Thread 0x0000000018a94800 Uncommon trap: reason=unstable_if action=reinterpret pc=0x0000000002f1cee8 method=org.robolectric.res.android.ResTable_config.match(Lorg/robolectric/res/android/ResTable_config;)Z @ 252
Event: 50.852 Thread 0x0000000018a94800 Uncommon trap: reason=unstable_if action=reinterpret pc=0x0000000003401b10 method=org.robolectric.res.android.CppAssetManager2$Theme.SetTo(Lorg/robolectric/res/android/CppAssetManager2$Theme;)Z @ 53
Event: 51.152 Thread 0x0000000018a94800 Uncommon trap: reason=bimorphic action=maybe_recompile pc=0x00000000032e35ac method=java.util.Hashtable.put(Ljava/lang/Object;Ljava/lang/Object;)Ljava/lang/Object; @ 18
Event: 51.153 Thread 0x0000000018a94800 Uncommon trap: reason=bimorphic action=maybe_recompile pc=0x00000000032e35ac method=java.util.Hashtable.put(Ljava/lang/Object;Ljava/lang/Object;)Ljava/lang/Object; @ 18
Event: 52.357 Thread 0x0000000018a94800 Uncommon trap: reason=unstable_if action=reinterpret pc=0x0000000003a03c70 method=java.lang.StringCoding.decode(Ljava/nio/charset/Charset;[BII)[C @ 24

Internal exceptions (10 events):
Event: 35.030 Thread 0x0000000018a94800 Exception <a 'java/io/FileNotFoundException'> (0x00000000f9f22950) thrown at [C:\re\workspace\8-2-build-windows-amd64-cygwin\jdk8u111\7883\hotspot\src\share\vm\prims\jni.cpp, line 709]
Event: 35.289 Thread 0x0000000018a94800 Implicit null exception at 0x0000000002e05955 to 0x0000000002e05b31
Event: 39.017 Thread 0x0000000018a94800 Exception <a 'java/lang/NoSuchMethodError': java.lang.Object.lambda$comparingDouble$8dcf42ea$1(Ljava/util/function/ToDoubleFunction;Ljava/lang/Object;Ljava/lang/Object;)I> (0x00000000f9a2ae68) thrown at [C:\re\workspace\8-2-build-windows-amd64-cygwin\jdk8
Event: 44.927 Thread 0x0000000018a94800 Implicit null exception at 0x0000000002fa6b98 to 0x0000000002fa6c26
Event: 46.440 Thread 0x0000000018345000 Exception <a 'java/lang/NoSuchFieldError': method resolution failed> (0x00000000fc29b5d0) thrown at [C:\re\workspace\8-2-build-windows-amd64-cygwin\jdk8u111\7883\hotspot\src\share\vm\prims\methodHandles.cpp, line 1146]
Event: 48.322 Thread 0x0000000018a94800 Exception <a 'java/lang/NoSuchFieldError': method resolution failed> (0x00000000f62e4dd8) thrown at [C:\re\workspace\8-2-build-windows-amd64-cygwin\jdk8u111\7883\hotspot\src\share\vm\prims\methodHandles.cpp, line 1146]
Event: 48.617 Thread 0x0000000018a94800 Exception <a 'java/lang/NoSuchFieldError': method resolution failed> (0x00000000f6eab418) thrown at [C:\re\workspace\8-2-build-windows-amd64-cygwin\jdk8u111\7883\hotspot\src\share\vm\prims\methodHandles.cpp, line 1146]
Event: 50.093 Thread 0x0000000018a94800 Implicit null exception at 0x00000000035e0197 to 0x00000000035e026d
Event: 50.523 Thread 0x0000000018a94800 Exception <a 'java/lang/NoSuchMethodError': java.lang.Object.lambda$get$0(Ljava/lang/Object;)V> (0x00000000fb3c8348) thrown at [C:\re\workspace\8-2-build-windows-amd64-cygwin\jdk8u111\7883\hotspot\src\share\vm\interpreter\linkResolver.cpp, line 582]
Event: 50.811 Thread 0x0000000018a94800 Exception <a 'sun/nio/fs/WindowsException'> (0x00000000fbef2338) thrown at [C:\re\workspace\8-2-build-windows-amd64-cygwin\jdk8u111\7883\hotspot\src\share\vm\prims\jni.cpp, line 709]

Events (10 events):
Event: 53.393 loading class org/aplas/mylibrary/TestC1MyData031
Event: 53.393 loading class org/aplas/mylibrary/TestC1MyData031 done
Event: 53.416 loading class sun/nio/cs/UTF_8$1
Event: 53.416 loading class sun/nio/cs/UTF_8$1 done
Event: 53.448 Thread 0x0000000018a94800 DEOPT PACKING pc=0x00000000036f9986 sp=0x000000001a5cd120
Event: 53.448 Thread 0x0000000018a94800 DEOPT UNPACKING pc=0x0000000002bc747f sp=0x000000001a5cce30 mode 0
Event: 53.452 Thread 0x0000000018a94800 DEOPT PACKING pc=0x00000000036f9986 sp=0x000000001a5ccf60
Event: 53.452 Thread 0x0000000018a94800 DEOPT UNPACKING pc=0x0000000002bc747f sp=0x000000001a5ccc70 mode 0
Event: 53.464 Thread 0x0000000018a94800 DEOPT PACKING pc=0x00000000036f9986 sp=0x000000001a5cc1e0
Event: 53.464 Thread 0x0000000018a94800 DEOPT UNPACKING pc=0x0000000002bc747f sp=0x000000001a5cbef0 mode 0


Dynamic libraries:
0x00007ff62e4a0000 - 0x00007ff62e4d7000 	C:\Program Files\Java\jdk1.8.0_111\bin\java.exe
0x00007ffdb2090000 - 0x00007ffdb2285000 	C:\WINDOWS\SYSTEM32\ntdll.dll
0x00007ffdb1180000 - 0x00007ffdb123e000 	C:\WINDOWS\System32\KERNEL32.DLL
0x00007ffdafc20000 - 0x00007ffdafee9000 	C:\WINDOWS\System32\KERNELBASE.dll
0x00007ffdb02f0000 - 0x00007ffdb039c000 	C:\WINDOWS\System32\ADVAPI32.dll
0x00007ffdb1910000 - 0x00007ffdb19ae000 	C:\WINDOWS\System32\msvcrt.dll
0x00007ffdb1390000 - 0x00007ffdb142b000 	C:\WINDOWS\System32\sechost.dll
0x00007ffdb17e0000 - 0x00007ffdb190a000 	C:\WINDOWS\System32\RPCRT4.dll
0x00007ffdb0890000 - 0x00007ffdb0a31000 	C:\WINDOWS\System32\USER32.dll
0x00007ffdaf7b0000 - 0x00007ffdaf7d2000 	C:\WINDOWS\System32\win32u.dll
0x00007ffdb02c0000 - 0x00007ffdb02eb000 	C:\WINDOWS\System32\GDI32.dll
0x00007ffdaff40000 - 0x00007ffdb004b000 	C:\WINDOWS\System32\gdi32full.dll
0x00007ffdaf920000 - 0x00007ffdaf9bd000 	C:\WINDOWS\System32\msvcp_win.dll
0x00007ffdaf9c0000 - 0x00007ffdafac0000 	C:\WINDOWS\System32\ucrtbase.dll
0x00007ffd6dee0000 - 0x00007ffd6e17a000 	C:\WINDOWS\WinSxS\amd64_microsoft.windows.common-controls_6595b64144ccf1df_6.0.19041.1110_none_60b5254171f9507e\COMCTL32.dll
0x00007ffdb1fc0000 - 0x00007ffdb1ff0000 	C:\WINDOWS\System32\IMM32.DLL
0x0000000064950000 - 0x0000000064a22000 	C:\Program Files\Java\jdk1.8.0_111\jre\bin\msvcr100.dll
0x00000000626d0000 - 0x0000000062f6a000 	C:\Program Files\Java\jdk1.8.0_111\jre\bin\server\jvm.dll
0x00007ffdb1f20000 - 0x00007ffdb1f28000 	C:\WINDOWS\System32\PSAPI.DLL
0x00007ffd9cb90000 - 0x00007ffd9cbb7000 	C:\WINDOWS\SYSTEM32\WINMM.dll
0x00007ffda8eb0000 - 0x00007ffda8eba000 	C:\WINDOWS\SYSTEM32\VERSION.dll
0x00007ffdab1d0000 - 0x00007ffdab1d9000 	C:\WINDOWS\SYSTEM32\WSOCK32.dll
0x00007ffdb1240000 - 0x00007ffdb12ab000 	C:\WINDOWS\System32\WS2_32.dll
0x0000000064940000 - 0x000000006494f000 	C:\Program Files\Java\jdk1.8.0_111\jre\bin\verify.dll
0x00000000626a0000 - 0x00000000626c9000 	C:\Program Files\Java\jdk1.8.0_111\jre\bin\java.dll
0x0000000062680000 - 0x0000000062696000 	C:\Program Files\Java\jdk1.8.0_111\jre\bin\zip.dll
0x00007ffdb0a40000 - 0x00007ffdb117f000 	C:\WINDOWS\System32\SHELL32.dll
0x00007ffdad870000 - 0x00007ffdae000000 	C:\WINDOWS\SYSTEM32\windows.storage.dll
0x00007ffdb03a0000 - 0x00007ffdb06f5000 	C:\WINDOWS\System32\combase.dll
0x00007ffdaf130000 - 0x00007ffdaf15c000 	C:\WINDOWS\SYSTEM32\Wldp.dll
0x00007ffdb16b0000 - 0x00007ffdb175d000 	C:\WINDOWS\System32\SHCORE.dll
0x00007ffdb1ff0000 - 0x00007ffdb2045000 	C:\WINDOWS\System32\shlwapi.dll
0x00007ffdaf6f0000 - 0x00007ffdaf70f000 	C:\WINDOWS\SYSTEM32\profapi.dll
0x0000000062660000 - 0x000000006267a000 	C:\Program Files\Java\jdk1.8.0_111\jre\bin\net.dll
0x00007ffdaee90000 - 0x00007ffdaeefa000 	C:\WINDOWS\system32\mswsock.dll
0x0000000062640000 - 0x0000000062651000 	C:\Program Files\Java\jdk1.8.0_111\jre\bin\nio.dll
0x00007ffdaf080000 - 0x00007ffdaf098000 	C:\WINDOWS\SYSTEM32\CRYPTSP.dll
0x00007ffdae810000 - 0x00007ffdae844000 	C:\WINDOWS\system32\rsaenh.dll
0x00007ffdb00b0000 - 0x00007ffdb00d7000 	C:\WINDOWS\System32\bcrypt.dll
0x00007ffdaf670000 - 0x00007ffdaf69e000 	C:\WINDOWS\SYSTEM32\USERENV.dll
0x00007ffdaf7e0000 - 0x00007ffdaf863000 	C:\WINDOWS\System32\bcryptprimitives.dll
0x00007ffdaf0a0000 - 0x00007ffdaf0ac000 	C:\WINDOWS\SYSTEM32\CRYPTBASE.dll
0x00007ffdaeb80000 - 0x00007ffdaebbb000 	C:\WINDOWS\SYSTEM32\IPHLPAPI.DLL
0x00007ffdb0880000 - 0x00007ffdb0888000 	C:\WINDOWS\System32\NSI.dll
0x00007ffdad450000 - 0x00007ffdad467000 	C:\WINDOWS\SYSTEM32\dhcpcsvc6.DLL
0x00007ffdad430000 - 0x00007ffdad44d000 	C:\WINDOWS\SYSTEM32\dhcpcsvc.DLL
0x00007ffdaebc0000 - 0x00007ffdaec8c000 	C:\WINDOWS\SYSTEM32\DNSAPI.dll
0x0000000062600000 - 0x0000000062624000 	C:\Program Files\Java\jdk1.8.0_111\jre\bin\sunec.dll
0x00000000625f0000 - 0x00000000625fb000 	C:\Program Files\Java\jdk1.8.0_111\jre\bin\sunmscapi.dll
0x00007ffdafac0000 - 0x00007ffdafc16000 	C:\WINDOWS\System32\CRYPT32.dll
0x0000000062450000 - 0x00000000625e8000 	C:\Program Files\Java\jdk1.8.0_111\jre\bin\awt.dll
0x00007ffdb19d0000 - 0x00007ffdb1a9d000 	C:\WINDOWS\System32\OLEAUT32.dll
0x00007ffdacbe0000 - 0x00007ffdacc70000 	C:\WINDOWS\SYSTEM32\apphelp.dll
0x00007ffdad680000 - 0x00007ffdad864000 	C:\WINDOWS\SYSTEM32\dbghelp.dll

VM Arguments:
jvm_args: -Djava.awt.headless=true -Djava.security.manager=worker.org.gradle.process.internal.worker.child.BootstrapSecurityManager -Dorg.gradle.native=false -Xmx512m -Dfile.encoding=windows-1252 -Duser.country=AU -Duser.language=en -Duser.variant -ea 
java_command: worker.org.gradle.process.internal.worker.GradleWorkerMain 'Gradle Test Executor 6'
java_class_path (initial): C:\Users\HP\.gradle\caches\6.1.1\workerMain\gradle-worker.jar
Launcher Type: SUN_STANDARD

Environment Variables:
PATH=C:\Program Files\Microsoft MPI\Bin\;C:\Program Files\Java\jdk-14.0.1\bin;C:\WINDOWS\system32;C:\WINDOWS;C:\WINDOWS\System32\Wbem;C:\WINDOWS\System32\WindowsPowerShell\v1.0\;C:\WINDOWS\System32\OpenSSH\;C:\Program Files\Git\cmd;C:\Program Files\Git\mingw64\bin;C:\Program Files\Git\usr\bin;C:\Program Files\Microsoft SQL Server\Client SDK\ODBC\170\Tools\Binn\;C:\Program Files (x86)\Microsoft SQL Server\150\Tools\Binn\;C:\Program Files\Microsoft SQL Server\150\Tools\Binn\;C:\Program Files\Microsoft SQL Server\150\DTS\Binn\;C:\Program Files (x86)\Microsoft SQL Server\150\DTS\Binn\;C:\Program Files\Microsoft SQL Server\Client SDK\ODBC\130\Tools\Binn\;C:\Users\HP\AppData\Roaming\Python\Python39\Scripts;C:\xampp\php;C:\ProgramData\ComposerSetup\bin;C:\Program Files\nodejs\;C:\Program Files\Microsoft SQL Server\130\Tools\Binn\;C:\Program Files (x86)\Microsoft SQL Server\110\DTS\Binn\;C:\Program Files (x86)\Microsoft SQL Server\120\DTS\Binn\;C:\Program Files (x86)\Microsoft SQL Server\130\DTS\Binn\;C:\Program Files (x86)\Microsoft SQL Server\140\DTS\Binn\;C:\Program Files\PuTTY\;D:\Flutter\flutter\bin;C:\Users\HP\AppData\Local\Programs\Microsoft VS Code\bin
USERNAME=HP
OS=Windows_NT
PROCESSOR_IDENTIFIER=AMD64 Family 23 Model 24 Stepping 1, AuthenticAMD



---------------  S Y S T E M  ---------------

OS: Windows 10.0 , 64 bit Build 19041 (10.0.19041.1202)

CPU:total 8 (8 cores per cpu, 1 threads per core) family 23 model 24 stepping 1, cmov, cx8, fxsr, mmx, sse, sse2, sse3, ssse3, sse4.1, sse4.2, popcnt, avx, avx2, aes, clmul, mmxext, 3dnowpref, lzcnt, sse4a, tsc, tscinvbit, tscinv, bmi1

Memory: 4k page, physical 6203584k(450328k free), swap 21407936k(6626572k free)

vm_info: Java HotSpot(TM) 64-Bit Server VM (25.111-b14) for windows-amd64 JRE (1.8.0_111-b14), built on Sep 22 2016 19:24:05 by "java_re" with MS VC++ 10.0 (VS2010)

time: Wed Nov 03 20:23:49 2021
elapsed time: 53 seconds (0d 0h 0m 53s)

