#
# A fatal error has been detected by the Java Runtime Environment:
#
#  EXCEPTION_ACCESS_VIOLATION (0xc0000005) at pc=0x0000000062713608, pid=6536, tid=0x0000000000005050
#
# JRE version: Java(TM) SE Runtime Environment (8.0_111-b14) (build 1.8.0_111-b14)
# Java VM: Java HotSpot(TM) 64-Bit Server VM (25.111-b14 mixed mode windows-amd64 compressed oops)
# Problematic frame:
# V  [jvm.dll+0x43608]
#
# Failed to write core dump. Minidumps are not enabled by default on client versions of Windows
#
# If you would like to submit a bug report, please visit:
#   http://bugreport.java.com/bugreport/crash.jsp
#

---------------  T H R E A D  ---------------

Current thread (0x000000001633a800):  JavaThread "C1 CompilerThread3" daemon [_thread_in_vm, id=20560, stack(0x0000000016ec0000,0x0000000016fc0000)]

siginfo: ExceptionCode=0xc0000005, reading address 0xffffffffffffffff

Registers:
RAX=0x000000001633a800, RBX=0x00000000029c5620, RCX=0x00000000029c5620, RDX=0x00000000029c5620
RSP=0x0000000016fbd1f0, RBP=0x0000000016354e80, RSI=0x00000000029c5620, RDI=0x0000000000000000
R8 =0x3cccc588ffff0013, R9 =0x0000000000000000, R10=0x00000000163550b0, R11=0x0000000019507410
R12=0x000000001633a800, R13=0x0000000016354e80, R14=0x000000001b713ac0, R15=0x0000000000000000
RIP=0x0000000062713608, EFLAGS=0x0000000000010202

Top of Stack: (sp=0x0000000016fbd1f0)
0x0000000016fbd1f0:   00000000000000b6 0000000016fbf7a0
0x0000000016fbd200:   0000000000000000 0000000000000077
0x0000000016fbd210:   000000001ccbe060 0000000016fbf7a0
0x0000000016fbd220:   0000000016fbd300 00000000626ffe25
0x0000000016fbd230:   00000000000000e9 0000000062713999
0x0000000016fbd240:   0000000000000077 0000000000000077
0x0000000016fbd250:   0000000000000000 0000000000000000
0x0000000016fbd260:   00000000000000b6 0000000017870520
0x0000000016fbd270:   0000000002979ea0 0000000062711c6b
0x0000000016fbd280:   0000000000000000 000000001633a800
0x0000000016fbd290:   000000001b714c30 00000000626fce0f
0x0000000016fbd2a0:   000000001633a800 0000000062716f80
0x0000000016fbd2b0:   000000001633a800 000000001633a800
0x0000000016fbd2c0:   0000000017870520 0000000062af0aeb
0x0000000016fbd2d0:   0000000000000000 0000000000000000
0x0000000016fbd2e0:   000000001b714c30 0000000000000000 

Instructions: (pc=0x0000000062713608)
0x00000000627135e8:   00 48 8b da ff 15 fe 7d 59 00 44 0f b6 05 5a d9
0x00000000627135f8:   7a 00 4c 8b e0 45 84 c0 74 39 4c 8b 03 48 8b cb
0x0000000062713608:   41 ff 50 08 84 c0 74 2b 83 7b 08 00 7e 25 0f b6
0x0000000062713618:   83 0e 01 00 00 c0 e8 03 a8 01 74 17 48 8b 03 48 


Register to memory mapping:

RAX=0x000000001633a800 is a thread
RBX=0x00000000029c5620 is an unknown value
RCX=0x00000000029c5620 is an unknown value
RDX=0x00000000029c5620 is an unknown value
RSP=0x0000000016fbd1f0 is pointing into the stack for thread: 0x000000001633a800
RBP=0x0000000016354e80 is an unknown value
RSI=0x00000000029c5620 is an unknown value
RDI=0x0000000000000000 is an unknown value
R8 =0x3cccc588ffff0013 is an unknown value
R9 =0x0000000000000000 is an unknown value
R10=0x00000000163550b0 is an unknown value
R11=0x0000000019507410 is an unknown value
R12=0x000000001633a800 is a thread
R13=0x0000000016354e80 is an unknown value
R14=0x000000001b713ac0 is an unknown value
R15=0x0000000000000000 is an unknown value


Stack: [0x0000000016ec0000,0x0000000016fc0000],  sp=0x0000000016fbd1f0,  free space=1012k
Native frames: (J=compiled Java code, j=interpreted, Vv=VM code, C=native code)
V  [jvm.dll+0x43608]
V  [jvm.dll+0x43999]
V  [jvm.dll+0x41c6b]
V  [jvm.dll+0x420aeb]
V  [jvm.dll+0x41b8da]
V  [jvm.dll+0x41e727]
V  [jvm.dll+0x41eeeb]
V  [jvm.dll+0x41fde6]
V  [jvm.dll+0x420048]
V  [jvm.dll+0x42047b]
V  [jvm.dll+0x41ffd5]
V  [jvm.dll+0x41bd3b]
V  [jvm.dll+0x41e727]
V  [jvm.dll+0x41eeeb]
V  [jvm.dll+0x41fde6]
V  [jvm.dll+0x420048]
V  [jvm.dll+0x42047b]
V  [jvm.dll+0x41ffd5]
V  [jvm.dll+0x41bd3b]
V  [jvm.dll+0x41e727]
V  [jvm.dll+0x41f01d]
V  [jvm.dll+0x41fde6]
V  [jvm.dll+0x420048]
V  [jvm.dll+0x42047b]
V  [jvm.dll+0x41ffd5]
V  [jvm.dll+0x41bd3b]
V  [jvm.dll+0x41e727]
V  [jvm.dll+0x41eeeb]
V  [jvm.dll+0x41fde6]
V  [jvm.dll+0x420048]
V  [jvm.dll+0x42047b]
V  [jvm.dll+0x41ffd5]
V  [jvm.dll+0x41bd3b]
V  [jvm.dll+0x41e727]
V  [jvm.dll+0x41f01d]
V  [jvm.dll+0x41fde6]
V  [jvm.dll+0x420048]
V  [jvm.dll+0x42047b]
V  [jvm.dll+0x41ffd5]
V  [jvm.dll+0x41bd3b]
V  [jvm.dll+0x41e727]
V  [jvm.dll+0x41eeeb]
V  [jvm.dll+0x41fde6]
V  [jvm.dll+0x420048]
V  [jvm.dll+0x41bd3b]
V  [jvm.dll+0x41e727]
V  [jvm.dll+0x41eeeb]
V  [jvm.dll+0x41fde6]
V  [jvm.dll+0x420048]
V  [jvm.dll+0x41bd3b]
V  [jvm.dll+0x41e727]
V  [jvm.dll+0x41f01d]
V  [jvm.dll+0x41f412]
V  [jvm.dll+0x4244f5]
V  [jvm.dll+0x424600]
V  [jvm.dll+0x40ddb8]
V  [jvm.dll+0x40e021]
V  [jvm.dll+0x40e1e2]
V  [jvm.dll+0x40e3b1]
V  [jvm.dll+0x40e5bf]
V  [jvm.dll+0xa5742]
V  [jvm.dll+0xa607f]
V  [jvm.dll+0x244b7f]
V  [jvm.dll+0x29c43a]
C  [msvcr100.dll+0x21d9f]
C  [msvcr100.dll+0x21e3b]
C  [KERNEL32.DLL+0x17034]
C  [ntdll.dll+0x52651]


Current CompileTask:
C1:  59004 5992       3       android.content.res.TypedArray::$$robo$$android_content_res_TypedArray$loadStringValueAt (51 bytes)


---------------  P R O C E S S  ---------------

Java Threads: ( => current thread )
  0x0000000017e1a000 JavaThread "SDK 28 Main Thread" [_thread_in_Java, id=12552, stack(0x000000001a4a0000,0x000000001a5a0000)]
  0x000000001775c800 JavaThread "/127.0.0.1:54813 to /127.0.0.1:54812 workers Thread 3" [_thread_in_native, id=19488, stack(0x0000000018fd0000,0x00000000190d0000)]
  0x00000000177d7000 JavaThread "/127.0.0.1:54813 to /127.0.0.1:54812 workers Thread 2" [_thread_blocked, id=18812, stack(0x0000000018ed0000,0x0000000018fd0000)]
  0x0000000017715800 JavaThread "Test worker" [_thread_blocked, id=18960, stack(0x0000000018a90000,0x0000000018b90000)]
  0x00000000163be800 JavaThread "Service Thread" daemon [_thread_blocked, id=19864, stack(0x0000000016fc0000,0x00000000170c0000)]
=>0x000000001633a800 JavaThread "C1 CompilerThread3" daemon [_thread_in_vm, id=20560, stack(0x0000000016ec0000,0x0000000016fc0000)]
  0x0000000016326800 JavaThread "C2 CompilerThread2" daemon [_thread_in_native, id=23336, stack(0x0000000016dc0000,0x0000000016ec0000)]
  0x0000000016325800 JavaThread "C2 CompilerThread1" daemon [_thread_blocked, id=21828, stack(0x0000000016cc0000,0x0000000016dc0000)]
  0x0000000016320800 JavaThread "C2 CompilerThread0" daemon [_thread_in_native, id=18648, stack(0x0000000016bc0000,0x0000000016cc0000)]
  0x000000001631d800 JavaThread "Attach Listener" daemon [_thread_blocked, id=18556, stack(0x0000000016ac0000,0x0000000016bc0000)]
  0x000000001631c800 JavaThread "Signal Dispatcher" daemon [_thread_blocked, id=11128, stack(0x00000000169c0000,0x0000000016ac0000)]
  0x0000000002a69800 JavaThread "Finalizer" daemon [_thread_blocked, id=3036, stack(0x0000000016680000,0x0000000016780000)]
  0x0000000002a66000 JavaThread "Reference Handler" daemon [_thread_blocked, id=18036, stack(0x0000000016180000,0x0000000016280000)]
  0x0000000002b1e000 JavaThread "main" [_thread_blocked, id=24284, stack(0x0000000002840000,0x0000000002940000)]

Other Threads:
  0x000000001438a000 VMThread [stack: 0x0000000016080000,0x0000000016180000] [id=2924]
  0x00000000163ca000 WatcherThread [stack: 0x00000000170c0000,0x00000000171c0000] [id=2392]

VM state:not at safepoint (normal execution)

VM Mutex/Monitor currently owned by a thread: None

Heap:
 PSYoungGen      total 158208K, used 90951K [0x00000000f5580000, 0x0000000100000000, 0x0000000100000000)
  eden space 143872K, 53% used [0x00000000f5580000,0x00000000fa061d68,0x00000000fe200000)
  from space 14336K, 99% used [0x00000000fe200000,0x00000000feff0010,0x00000000ff000000)
  to   space 16384K, 0% used [0x00000000ff000000,0x00000000ff000000,0x0000000100000000)
 ParOldGen       total 153600K, used 59611K [0x00000000e0000000, 0x00000000e9600000, 0x00000000f5580000)
  object space 153600K, 38% used [0x00000000e0000000,0x00000000e3a36c10,0x00000000e9600000)
 Metaspace       used 58595K, capacity 66520K, committed 66600K, reserved 1105920K
  class space    used 7181K, capacity 9479K, committed 9520K, reserved 1048576K

Card table byte_map: [0x0000000011ee0000,0x0000000011ff0000] byte_map_base: 0x00000000117e0000

Marking Bits: (ParMarkBitMap*) 0x0000000062eea6c0
 Begin Bits: [0x00000000128a0000, 0x00000000130a0000)
 End Bits:   [0x00000000130a0000, 0x00000000138a0000)

Polling page: 0x0000000002940000

CodeCache: size=245760Kb used=16571Kb max_used=16582Kb free=229188Kb
 bounds [0x0000000002b20000, 0x0000000003b70000, 0x0000000011b20000]
 total_blobs=6458 nmethods=5021 adapters=1350
 compilation: enabled

Compilation events (10 events):
Event: 58.876 Thread 0x0000000016320800 5988   !   4       java.lang.invoke.LambdaForm$MH/1378948082::guardWithCatch (75 bytes)
Event: 58.877 Thread 0x000000001633a800 5989   !   3       java.lang.invoke.LambdaForm$MH/2116633048::guardWithCatch (77 bytes)
Event: 58.878 Thread 0x000000001633a800 nmethod 5989 0x0000000003201310 code [0x00000000032014c0, 0x0000000003201f08]
Event: 58.883 Thread 0x0000000016320800 nmethod 5988 0x0000000002dd2c90 code [0x0000000002dd2e00, 0x0000000002dd3048]
Event: 58.883 Thread 0x0000000016325800 5990       4       java.lang.invoke.LambdaForm$DMH/1210672637::invokeSpecial_LL_V (15 bytes)
Event: 58.888 Thread 0x0000000016325800 nmethod 5990 0x0000000003201010 code [0x0000000003201160, 0x0000000003201208]
Event: 58.892 Thread 0x000000001633a800 5991       3       android.content.res.TypedArray::loadStringValueAt (8 bytes)
Event: 58.896 Thread 0x000000001633a800 nmethod 5991 0x0000000003b5f5d0 code [0x0000000003b5f900, 0x0000000003b61448]
Event: 58.896 Thread 0x000000001633a800 5992       3       android.content.res.TypedArray::$$robo$$android_content_res_TypedArray$loadStringValueAt (51 bytes)
Event: 58.899 Thread 0x0000000016326800 5993       4       org.robolectric.res.android.AttributeResolution9::ApplyStyle (954 bytes)

GC Heap History (10 events):
Event: 46.335 GC heap before
{Heap before GC invocations=20 (full 3):
 PSYoungGen      total 159744K, used 146944K [0x00000000f5580000, 0x0000000100000000, 0x0000000100000000)
  eden space 146944K, 100% used [0x00000000f5580000,0x00000000fe500000,0x00000000fe500000)
  from space 12800K, 0% used [0x00000000ff380000,0x00000000ff380000,0x0000000100000000)
  to   space 13824K, 0% used [0x00000000fe500000,0x00000000fe500000,0x00000000ff280000)
 ParOldGen       total 153600K, used 58894K [0x00000000e0000000, 0x00000000e9600000, 0x00000000f5580000)
  object space 153600K, 38% used [0x00000000e0000000,0x00000000e3983af8,0x00000000e9600000)
 Metaspace       used 47121K, capacity 52604K, committed 52776K, reserved 1095680K
  class space    used 5778K, capacity 7461K, committed 7472K, reserved 1048576K
Event: 46.356 GC heap after
Heap after GC invocations=20 (full 3):
 PSYoungGen      total 160768K, used 3794K [0x00000000f5580000, 0x0000000100000000, 0x0000000100000000)
  eden space 146944K, 0% used [0x00000000f5580000,0x00000000f5580000,0x00000000fe500000)
  from space 13824K, 27% used [0x00000000fe500000,0x00000000fe8b4b30,0x00000000ff280000)
  to   space 13824K, 0% used [0x00000000ff280000,0x00000000ff280000,0x0000000100000000)
 ParOldGen       total 153600K, used 58894K [0x00000000e0000000, 0x00000000e9600000, 0x00000000f5580000)
  object space 153600K, 38% used [0x00000000e0000000,0x00000000e3983af8,0x00000000e9600000)
 Metaspace       used 47121K, capacity 52604K, committed 52776K, reserved 1095680K
  class space    used 5778K, capacity 7461K, committed 7472K, reserved 1048576K
}
Event: 49.134 GC heap before
{Heap before GC invocations=21 (full 3):
 PSYoungGen      total 160768K, used 150738K [0x00000000f5580000, 0x0000000100000000, 0x0000000100000000)
  eden space 146944K, 100% used [0x00000000f5580000,0x00000000fe500000,0x00000000fe500000)
  from space 13824K, 27% used [0x00000000fe500000,0x00000000fe8b4b30,0x00000000ff280000)
  to   space 13824K, 0% used [0x00000000ff280000,0x00000000ff280000,0x0000000100000000)
 ParOldGen       total 153600K, used 58894K [0x00000000e0000000, 0x00000000e9600000, 0x00000000f5580000)
  object space 153600K, 38% used [0x00000000e0000000,0x00000000e3983af8,0x00000000e9600000)
 Metaspace       used 50017K, capacity 56112K, committed 56488K, reserved 1097728K
  class space    used 6138K, capacity 7987K, committed 8112K, reserved 1048576K
Event: 49.152 GC heap after
Heap after GC invocations=21 (full 3):
 PSYoungGen      total 158720K, used 6384K [0x00000000f5580000, 0x00000000ffe00000, 0x0000000100000000)
  eden space 146944K, 0% used [0x00000000f5580000,0x00000000f5580000,0x00000000fe500000)
  from space 11776K, 54% used [0x00000000ff280000,0x00000000ff8bc180,0x00000000ffe00000)
  to   space 12800K, 0% used [0x00000000fe500000,0x00000000fe500000,0x00000000ff180000)
 ParOldGen       total 153600K, used 58902K [0x00000000e0000000, 0x00000000e9600000, 0x00000000f5580000)
  object space 153600K, 38% used [0x00000000e0000000,0x00000000e3985af8,0x00000000e9600000)
 Metaspace       used 50017K, capacity 56112K, committed 56488K, reserved 1097728K
  class space    used 6138K, capacity 7987K, committed 8112K, reserved 1048576K
}
Event: 53.308 GC heap before
{Heap before GC invocations=22 (full 3):
 PSYoungGen      total 158720K, used 153328K [0x00000000f5580000, 0x00000000ffe00000, 0x0000000100000000)
  eden space 146944K, 100% used [0x00000000f5580000,0x00000000fe500000,0x00000000fe500000)
  from space 11776K, 54% used [0x00000000ff280000,0x00000000ff8bc180,0x00000000ffe00000)
  to   space 12800K, 0% used [0x00000000fe500000,0x00000000fe500000,0x00000000ff180000)
 ParOldGen       total 153600K, used 58902K [0x00000000e0000000, 0x00000000e9600000, 0x00000000f5580000)
  object space 153600K, 38% used [0x00000000e0000000,0x00000000e3985af8,0x00000000e9600000)
 Metaspace       used 54228K, capacity 60550K, committed 60712K, reserved 1101824K
  class space    used 6520K, capacity 8446K, committed 8496K, reserved 1048576K
Event: 53.336 GC heap after
Heap after GC invocations=22 (full 3):
 PSYoungGen      total 159744K, used 9418K [0x00000000f5580000, 0x0000000100000000, 0x0000000100000000)
  eden space 146944K, 0% used [0x00000000f5580000,0x00000000f5580000,0x00000000fe500000)
  from space 12800K, 73% used [0x00000000fe500000,0x00000000fee32870,0x00000000ff180000)
  to   space 13312K, 0% used [0x00000000ff300000,0x00000000ff300000,0x0000000100000000)
 ParOldGen       total 153600K, used 58910K [0x00000000e0000000, 0x00000000e9600000, 0x00000000f5580000)
  object space 153600K, 38% used [0x00000000e0000000,0x00000000e3987af8,0x00000000e9600000)
 Metaspace       used 54228K, capacity 60550K, committed 60712K, reserved 1101824K
  class space    used 6520K, capacity 8446K, committed 8496K, reserved 1048576K
}
Event: 56.530 GC heap before
{Heap before GC invocations=23 (full 3):
 PSYoungGen      total 159744K, used 156362K [0x00000000f5580000, 0x0000000100000000, 0x0000000100000000)
  eden space 146944K, 100% used [0x00000000f5580000,0x00000000fe500000,0x00000000fe500000)
  from space 12800K, 73% used [0x00000000fe500000,0x00000000fee32870,0x00000000ff180000)
  to   space 13312K, 0% used [0x00000000ff300000,0x00000000ff300000,0x0000000100000000)
 ParOldGen       total 153600K, used 58910K [0x00000000e0000000, 0x00000000e9600000, 0x00000000f5580000)
  object space 153600K, 38% used [0x00000000e0000000,0x00000000e3987af8,0x00000000e9600000)
 Metaspace       used 58203K, capacity 65906K, committed 66088K, reserved 1105920K
  class space    used 7160K, capacity 9428K, committed 9520K, reserved 1048576K
Event: 56.600 GC heap after
Heap after GC invocations=23 (full 3):
 PSYoungGen      total 157184K, used 13307K [0x00000000f5580000, 0x0000000100000000, 0x0000000100000000)
  eden space 143872K, 0% used [0x00000000f5580000,0x00000000f5580000,0x00000000fe200000)
  from space 13312K, 99% used [0x00000000ff300000,0x00000000ffffecc0,0x0000000100000000)
  to   space 15360K, 0% used [0x00000000fe200000,0x00000000fe200000,0x00000000ff100000)
 ParOldGen       total 153600K, used 59603K [0x00000000e0000000, 0x00000000e9600000, 0x00000000f5580000)
  object space 153600K, 38% used [0x00000000e0000000,0x00000000e3a34c10,0x00000000e9600000)
 Metaspace       used 58203K, capacity 65906K, committed 66088K, reserved 1105920K
  class space    used 7160K, capacity 9428K, committed 9520K, reserved 1048576K
}
Event: 58.253 GC heap before
{Heap before GC invocations=24 (full 3):
 PSYoungGen      total 157184K, used 157179K [0x00000000f5580000, 0x0000000100000000, 0x0000000100000000)
  eden space 143872K, 100% used [0x00000000f5580000,0x00000000fe200000,0x00000000fe200000)
  from space 13312K, 99% used [0x00000000ff300000,0x00000000ffffecc0,0x0000000100000000)
  to   space 15360K, 0% used [0x00000000fe200000,0x00000000fe200000,0x00000000ff100000)
 ParOldGen       total 153600K, used 59603K [0x00000000e0000000, 0x00000000e9600000, 0x00000000f5580000)
  object space 153600K, 38% used [0x00000000e0000000,0x00000000e3a34c10,0x00000000e9600000)
 Metaspace       used 58400K, capacity 66244K, committed 66344K, reserved 1105920K
  class space    used 7171K, capacity 9445K, committed 9520K, reserved 1048576K
Event: 58.284 GC heap after
Heap after GC invocations=24 (full 3):
 PSYoungGen      total 158208K, used 14272K [0x00000000f5580000, 0x0000000100000000, 0x0000000100000000)
  eden space 143872K, 0% used [0x00000000f5580000,0x00000000f5580000,0x00000000fe200000)
  from space 14336K, 99% used [0x00000000fe200000,0x00000000feff0010,0x00000000ff000000)
  to   space 16384K, 0% used [0x00000000ff000000,0x00000000ff000000,0x0000000100000000)
 ParOldGen       total 153600K, used 59611K [0x00000000e0000000, 0x00000000e9600000, 0x00000000f5580000)
  object space 153600K, 38% used [0x00000000e0000000,0x00000000e3a36c10,0x00000000e9600000)
 Metaspace       used 58400K, capacity 66244K, committed 66344K, reserved 1105920K
  class space    used 7171K, capacity 9445K, committed 9520K, reserved 1048576K
}

Deoptimization events (10 events):
Event: 56.096 Thread 0x0000000017715800 Uncommon trap: reason=bimorphic action=maybe_recompile pc=0x00000000037edfa0 method=java.util.regex.Pattern$Curly.match0(Ljava/util/regex/Matcher;IILjava/lang/CharSequence;)Z @ 77
Event: 56.096 Thread 0x0000000017715800 Uncommon trap: reason=bimorphic action=maybe_recompile pc=0x00000000037edfa0 method=java.util.regex.Pattern$Curly.match0(Ljava/util/regex/Matcher;IILjava/lang/CharSequence;)Z @ 77
Event: 56.096 Thread 0x0000000017715800 Uncommon trap: reason=unstable_if action=reinterpret pc=0x0000000002ca3248 method=com.google.common.collect.Iterators.forArray([Ljava/lang/Object;III)Lcom/google/common/collect/UnmodifiableListIterator; @ 32
Event: 56.099 Thread 0x0000000017715800 Uncommon trap: reason=class_check action=maybe_recompile pc=0x00000000033e08e0 method=com.google.common.collect.ImmutableSet$RegularSetBuilderImpl.add(Ljava/lang/Object;)Lcom/google/common/collect/ImmutableSet$SetBuilderImpl; @ 6
Event: 56.099 Thread 0x0000000017715800 Uncommon trap: reason=class_check action=maybe_recompile pc=0x00000000033e08e0 method=com.google.common.collect.ImmutableSet$RegularSetBuilderImpl.add(Ljava/lang/Object;)Lcom/google/common/collect/ImmutableSet$SetBuilderImpl; @ 6
Event: 56.099 Thread 0x0000000017715800 Uncommon trap: reason=class_check action=maybe_recompile pc=0x00000000033e08e0 method=com.google.common.collect.ImmutableSet$RegularSetBuilderImpl.add(Ljava/lang/Object;)Lcom/google/common/collect/ImmutableSet$SetBuilderImpl; @ 6
Event: 56.099 Thread 0x0000000017715800 Uncommon trap: reason=class_check action=maybe_recompile pc=0x00000000033e08e0 method=com.google.common.collect.ImmutableSet$RegularSetBuilderImpl.add(Ljava/lang/Object;)Lcom/google/common/collect/ImmutableSet$SetBuilderImpl; @ 6
Event: 56.100 Thread 0x0000000017715800 Uncommon trap: reason=unstable_if action=reinterpret pc=0x00000000031551fc method=org.robolectric.internal.bytecode.MethodRef.equals(Ljava/lang/Object;)Z @ 2
Event: 56.123 Thread 0x0000000017e1a000 Uncommon trap: reason=unstable_if action=reinterpret pc=0x0000000003823bf4 method=org.robolectric.res.android.ResTable_config.isBetterThan(Lorg/robolectric/res/android/ResTable_config;Lorg/robolectric/res/android/ResTable_config;)Z @ 898
Event: 58.486 Thread 0x0000000017e1a000 Uncommon trap: reason=unstable_if action=reinterpret pc=0x0000000003b11ad0 method=com.google.common.base.Objects.equal(Ljava/lang/Object;Ljava/lang/Object;)Z @ 2

Internal exceptions (10 events):
Event: 30.210 Thread 0x0000000017e1a000 Implicit null exception at 0x0000000002fafc1c to 0x0000000002faf7f4
Event: 31.174 Thread 0x0000000017e1a000 Exception <a 'sun/nio/fs/WindowsException'> (0x00000000fc6b14e0) thrown at [C:\re\workspace\8-2-build-windows-amd64-cygwin\jdk8u111\7883\hotspot\src\share\vm\prims\jni.cpp, line 709]
Event: 35.414 Thread 0x0000000017e1a000 Exception <a 'java/lang/NoSuchFieldError': method resolution failed> (0x00000000fbc6dee8) thrown at [C:\re\workspace\8-2-build-windows-amd64-cygwin\jdk8u111\7883\hotspot\src\share\vm\prims\methodHandles.cpp, line 1146]
Event: 42.695 Thread 0x0000000017e1a000 Exception <a 'java/lang/NoSuchFieldError': method resolution failed> (0x00000000f9bc85e0) thrown at [C:\re\workspace\8-2-build-windows-amd64-cygwin\jdk8u111\7883\hotspot\src\share\vm\prims\methodHandles.cpp, line 1146]
Event: 49.481 Thread 0x000000001a08a000 Exception <a 'java/lang/NoSuchFieldError': method resolution failed> (0x00000000f673da70) thrown at [C:\re\workspace\8-2-build-windows-amd64-cygwin\jdk8u111\7883\hotspot\src\share\vm\prims\methodHandles.cpp, line 1146]
Event: 54.858 Thread 0x0000000017e1a000 Exception <a 'java/lang/NoSuchFieldError': method resolution failed> (0x00000000f91ee600) thrown at [C:\re\workspace\8-2-build-windows-amd64-cygwin\jdk8u111\7883\hotspot\src\share\vm\prims\methodHandles.cpp, line 1146]
Event: 55.662 Thread 0x0000000017e1a000 Implicit null exception at 0x00000000037e7957 to 0x00000000037e7a2d
Event: 55.982 Thread 0x0000000017e1a000 Exception <a 'java/lang/NoSuchMethodError': java.lang.Object.lambda$get$0(Ljava/lang/Object;)V> (0x00000000fbca3ad8) thrown at [C:\re\workspace\8-2-build-windows-amd64-cygwin\jdk8u111\7883\hotspot\src\share\vm\interpreter\linkResolver.cpp, line 582]
Event: 56.151 Thread 0x0000000017e1a000 Exception <a 'sun/nio/fs/WindowsException'> (0x00000000fc7d0668) thrown at [C:\re\workspace\8-2-build-windows-amd64-cygwin\jdk8u111\7883\hotspot\src\share\vm\prims\jni.cpp, line 709]
Event: 57.970 Thread 0x0000000017e1a000 Exception <a 'sun/nio/fs/WindowsException'> (0x00000000fc118350) thrown at [C:\re\workspace\8-2-build-windows-amd64-cygwin\jdk8u111\7883\hotspot\src\share\vm\prims\jni.cpp, line 709]

Events (10 events):
Event: 58.486 Executing VM operation: RevokeBias done
Event: 58.486 Thread 0x0000000017e1a000 DEOPT PACKING pc=0x0000000003b11ad0 sp=0x000000001a594800
Event: 58.486 Thread 0x0000000017e1a000 DEOPT UNPACKING pc=0x0000000002b6582a sp=0x000000001a594690 mode 2
Event: 58.494 Thread 0x0000000016326800 flushing nmethod 0x00000000031b6b50
Event: 58.502 Thread 0x000000001633a800 flushing nmethod 0x0000000003200dd0
Event: 58.505 Thread 0x000000001633a800 flushing nmethod 0x0000000003352a50
Event: 58.507 Thread 0x000000001633a800 flushing nmethod 0x000000000345f090
Event: 58.507 Thread 0x000000001633a800 flushing nmethod 0x0000000003464dd0
Event: 58.508 Thread 0x000000001633a800 flushing nmethod 0x000000000350f450
Event: 58.508 Thread 0x000000001633a800 flushing nmethod 0x0000000003512150


Dynamic libraries:
0x00007ff62e4a0000 - 0x00007ff62e4d7000 	C:\Program Files\Java\jdk1.8.0_111\bin\java.exe
0x00007ffdb2090000 - 0x00007ffdb2285000 	C:\WINDOWS\SYSTEM32\ntdll.dll
0x00007ffdb1180000 - 0x00007ffdb123e000 	C:\WINDOWS\System32\KERNEL32.DLL
0x00007ffdafc20000 - 0x00007ffdafee9000 	C:\WINDOWS\System32\KERNELBASE.dll
0x00007ffdb02f0000 - 0x00007ffdb039c000 	C:\WINDOWS\System32\ADVAPI32.dll
0x00007ffdb1910000 - 0x00007ffdb19ae000 	C:\WINDOWS\System32\msvcrt.dll
0x00007ffdb1390000 - 0x00007ffdb142b000 	C:\WINDOWS\System32\sechost.dll
0x00007ffdb17e0000 - 0x00007ffdb190a000 	C:\WINDOWS\System32\RPCRT4.dll
0x00007ffdb0890000 - 0x00007ffdb0a31000 	C:\WINDOWS\System32\USER32.dll
0x00007ffdaf7b0000 - 0x00007ffdaf7d2000 	C:\WINDOWS\System32\win32u.dll
0x00007ffdb02c0000 - 0x00007ffdb02eb000 	C:\WINDOWS\System32\GDI32.dll
0x00007ffdaff40000 - 0x00007ffdb004b000 	C:\WINDOWS\System32\gdi32full.dll
0x00007ffdaf920000 - 0x00007ffdaf9bd000 	C:\WINDOWS\System32\msvcp_win.dll
0x00007ffdaf9c0000 - 0x00007ffdafac0000 	C:\WINDOWS\System32\ucrtbase.dll
0x00007ffd6dee0000 - 0x00007ffd6e17a000 	C:\WINDOWS\WinSxS\amd64_microsoft.windows.common-controls_6595b64144ccf1df_6.0.19041.1110_none_60b5254171f9507e\COMCTL32.dll
0x00007ffdb1fc0000 - 0x00007ffdb1ff0000 	C:\WINDOWS\System32\IMM32.DLL
0x0000000064950000 - 0x0000000064a22000 	C:\Program Files\Java\jdk1.8.0_111\jre\bin\msvcr100.dll
0x00000000626d0000 - 0x0000000062f6a000 	C:\Program Files\Java\jdk1.8.0_111\jre\bin\server\jvm.dll
0x00007ffdb1f20000 - 0x00007ffdb1f28000 	C:\WINDOWS\System32\PSAPI.DLL
0x00007ffda8eb0000 - 0x00007ffda8eba000 	C:\WINDOWS\SYSTEM32\VERSION.dll
0x00007ffd9cb90000 - 0x00007ffd9cbb7000 	C:\WINDOWS\SYSTEM32\WINMM.dll
0x00007ffdab1d0000 - 0x00007ffdab1d9000 	C:\WINDOWS\SYSTEM32\WSOCK32.dll
0x00007ffdb1240000 - 0x00007ffdb12ab000 	C:\WINDOWS\System32\WS2_32.dll
0x0000000064940000 - 0x000000006494f000 	C:\Program Files\Java\jdk1.8.0_111\jre\bin\verify.dll
0x00000000626a0000 - 0x00000000626c9000 	C:\Program Files\Java\jdk1.8.0_111\jre\bin\java.dll
0x0000000062680000 - 0x0000000062696000 	C:\Program Files\Java\jdk1.8.0_111\jre\bin\zip.dll
0x00007ffdb0a40000 - 0x00007ffdb117f000 	C:\WINDOWS\System32\SHELL32.dll
0x00007ffdad870000 - 0x00007ffdae000000 	C:\WINDOWS\SYSTEM32\windows.storage.dll
0x00007ffdb03a0000 - 0x00007ffdb06f5000 	C:\WINDOWS\System32\combase.dll
0x00007ffdaf130000 - 0x00007ffdaf15c000 	C:\WINDOWS\SYSTEM32\Wldp.dll
0x00007ffdb16b0000 - 0x00007ffdb175d000 	C:\WINDOWS\System32\SHCORE.dll
0x00007ffdb1ff0000 - 0x00007ffdb2045000 	C:\WINDOWS\System32\shlwapi.dll
0x00007ffdaf6f0000 - 0x00007ffdaf70f000 	C:\WINDOWS\SYSTEM32\profapi.dll
0x0000000062660000 - 0x000000006267a000 	C:\Program Files\Java\jdk1.8.0_111\jre\bin\net.dll
0x00007ffdaee90000 - 0x00007ffdaeefa000 	C:\WINDOWS\system32\mswsock.dll
0x0000000062640000 - 0x0000000062651000 	C:\Program Files\Java\jdk1.8.0_111\jre\bin\nio.dll
0x00007ffdaf080000 - 0x00007ffdaf098000 	C:\WINDOWS\SYSTEM32\CRYPTSP.dll
0x00007ffdae810000 - 0x00007ffdae844000 	C:\WINDOWS\system32\rsaenh.dll
0x00007ffdb00b0000 - 0x00007ffdb00d7000 	C:\WINDOWS\System32\bcrypt.dll
0x00007ffdaf670000 - 0x00007ffdaf69e000 	C:\WINDOWS\SYSTEM32\USERENV.dll
0x00007ffdaf7e0000 - 0x00007ffdaf863000 	C:\WINDOWS\System32\bcryptprimitives.dll
0x00007ffdaf0a0000 - 0x00007ffdaf0ac000 	C:\WINDOWS\SYSTEM32\CRYPTBASE.dll
0x00007ffdaeb80000 - 0x00007ffdaebbb000 	C:\WINDOWS\SYSTEM32\IPHLPAPI.DLL
0x00007ffdb0880000 - 0x00007ffdb0888000 	C:\WINDOWS\System32\NSI.dll
0x00007ffdad450000 - 0x00007ffdad467000 	C:\WINDOWS\SYSTEM32\dhcpcsvc6.DLL
0x00007ffdad430000 - 0x00007ffdad44d000 	C:\WINDOWS\SYSTEM32\dhcpcsvc.DLL
0x00007ffdaebc0000 - 0x00007ffdaec8c000 	C:\WINDOWS\SYSTEM32\DNSAPI.dll
0x0000000062600000 - 0x0000000062624000 	C:\Program Files\Java\jdk1.8.0_111\jre\bin\sunec.dll
0x00000000625f0000 - 0x00000000625fb000 	C:\Program Files\Java\jdk1.8.0_111\jre\bin\sunmscapi.dll
0x00007ffdafac0000 - 0x00007ffdafc16000 	C:\WINDOWS\System32\CRYPT32.dll
0x00007ffdad680000 - 0x00007ffdad864000 	C:\WINDOWS\SYSTEM32\dbghelp.dll

VM Arguments:
jvm_args: -Djava.awt.headless=true -Djava.security.manager=worker.org.gradle.process.internal.worker.child.BootstrapSecurityManager -Dorg.gradle.native=false -Xmx512m -Dfile.encoding=windows-1252 -Duser.country=AU -Duser.language=en -Duser.variant -ea 
java_command: worker.org.gradle.process.internal.worker.GradleWorkerMain 'Gradle Test Executor 8'
java_class_path (initial): C:\Users\HP\.gradle\caches\6.1.1\workerMain\gradle-worker.jar
Launcher Type: SUN_STANDARD

Environment Variables:
PATH=C:\Program Files\Microsoft MPI\Bin\;C:\Program Files\Java\jdk-14.0.1\bin;C:\WINDOWS\system32;C:\WINDOWS;C:\WINDOWS\System32\Wbem;C:\WINDOWS\System32\WindowsPowerShell\v1.0\;C:\WINDOWS\System32\OpenSSH\;C:\Program Files\Git\cmd;C:\Program Files\Git\mingw64\bin;C:\Program Files\Git\usr\bin;C:\Program Files\Microsoft SQL Server\Client SDK\ODBC\170\Tools\Binn\;C:\Program Files (x86)\Microsoft SQL Server\150\Tools\Binn\;C:\Program Files\Microsoft SQL Server\150\Tools\Binn\;C:\Program Files\Microsoft SQL Server\150\DTS\Binn\;C:\Program Files (x86)\Microsoft SQL Server\150\DTS\Binn\;C:\Program Files\Microsoft SQL Server\Client SDK\ODBC\130\Tools\Binn\;C:\Users\HP\AppData\Roaming\Python\Python39\Scripts;C:\xampp\php;C:\ProgramData\ComposerSetup\bin;C:\Program Files\nodejs\;C:\Program Files\Microsoft SQL Server\130\Tools\Binn\;C:\Program Files (x86)\Microsoft SQL Server\110\DTS\Binn\;C:\Program Files (x86)\Microsoft SQL Server\120\DTS\Binn\;C:\Program Files (x86)\Microsoft SQL Server\130\DTS\Binn\;C:\Program Files (x86)\Microsoft SQL Server\140\DTS\Binn\;C:\Program Files\PuTTY\;D:\Flutter\flutter\bin;C:\Users\HP\AppData\Local\Programs\Microsoft VS Code\bin
USERNAME=HP
OS=Windows_NT
PROCESSOR_IDENTIFIER=AMD64 Family 23 Model 24 Stepping 1, AuthenticAMD



---------------  S Y S T E M  ---------------

OS: Windows 10.0 , 64 bit Build 19041 (10.0.19041.1202)

CPU:total 8 (8 cores per cpu, 1 threads per core) family 23 model 24 stepping 1, cmov, cx8, fxsr, mmx, sse, sse2, sse3, ssse3, sse4.1, sse4.2, popcnt, avx, avx2, aes, clmul, mmxext, 3dnowpref, lzcnt, sse4a, tsc, tscinvbit, tscinv, bmi1

Memory: 4k page, physical 6203584k(588040k free), swap 21407936k(7555336k free)

vm_info: Java HotSpot(TM) 64-Bit Server VM (25.111-b14) for windows-amd64 JRE (1.8.0_111-b14), built on Sep 22 2016 19:24:05 by "java_re" with MS VC++ 10.0 (VS2010)

time: Wed Nov 03 20:34:21 2021
elapsed time: 59 seconds (0d 0h 0m 59s)

