#
# A fatal error has been detected by the Java Runtime Environment:
#
#  EXCEPTION_ACCESS_VIOLATION (0xc0000005) at pc=0x0000000062713608, pid=19700, tid=0x000000000000446c
#
# JRE version: Java(TM) SE Runtime Environment (8.0_111-b14) (build 1.8.0_111-b14)
# Java VM: Java HotSpot(TM) 64-Bit Server VM (25.111-b14 mixed mode windows-amd64 compressed oops)
# Problematic frame:
# V  [jvm.dll+0x43608]
#
# Failed to write core dump. Minidumps are not enabled by default on client versions of Windows
#
# If you would like to submit a bug report, please visit:
#   http://bugreport.java.com/bugreport/crash.jsp
#

---------------  T H R E A D  ---------------

Current thread (0x0000000016070000):  JavaThread "C1 CompilerThread3" daemon [_thread_in_vm, id=17516, stack(0x0000000016c00000,0x0000000016d00000)]

siginfo: ExceptionCode=0xc0000005, reading address 0xffffffffffffffff

Registers:
RAX=0x0000000016070000, RBX=0x0000000002885620, RCX=0x0000000002885620, RDX=0x0000000002885620
RSP=0x0000000016cfcec0, RBP=0x00000000160adbe0, RSI=0x0000000002885620, RDI=0x0000000000000000
R8 =0x3cccc588ffff0013, R9 =0x0000000000000000, R10=0x00000000160ade10, R11=0x00000000175286a0
R12=0x0000000016070000, R13=0x00000000160adbe0, R14=0x000000001c3e6a70, R15=0x0000000000000000
RIP=0x0000000062713608, EFLAGS=0x0000000000010202

Top of Stack: (sp=0x0000000016cfcec0)
0x0000000016cfcec0:   00000000000000b6 0000000016cff470
0x0000000016cfced0:   0000000000000000 0000000000000077
0x0000000016cfcee0:   000000001c9f46b0 0000000016cff470
0x0000000016cfcef0:   0000000016cfcfd0 00000000626ffe25
0x0000000016cfcf00:   00000000000000ea 0000000062713999
0x0000000016cfcf10:   0000000000000077 0000000000000077
0x0000000016cfcf20:   0000000000000000 0000000000000000
0x0000000016cfcf30:   00000000000000b6 0000000017a45420
0x0000000016cfcf40:   0000000002839ea0 0000000062711c6b
0x0000000016cfcf50:   0000000000000000 0000000016070000
0x0000000016cfcf60:   000000001c3e8230 00000000626fce0f
0x0000000016cfcf70:   0000000016070000 0000000062716f80
0x0000000016cfcf80:   0000000016070000 0000000016070000
0x0000000016cfcf90:   0000000017a45420 0000000062af0aeb
0x0000000016cfcfa0:   0000000000000000 0000000000000000
0x0000000016cfcfb0:   000000001c3e8230 0000000000000000 

Instructions: (pc=0x0000000062713608)
0x00000000627135e8:   00 48 8b da ff 15 fe 7d 59 00 44 0f b6 05 5a d9
0x00000000627135f8:   7a 00 4c 8b e0 45 84 c0 74 39 4c 8b 03 48 8b cb
0x0000000062713608:   41 ff 50 08 84 c0 74 2b 83 7b 08 00 7e 25 0f b6
0x0000000062713618:   83 0e 01 00 00 c0 e8 03 a8 01 74 17 48 8b 03 48 


Register to memory mapping:

RAX=0x0000000016070000 is a thread
RBX=0x0000000002885620 is an unknown value
RCX=0x0000000002885620 is an unknown value
RDX=0x0000000002885620 is an unknown value
RSP=0x0000000016cfcec0 is pointing into the stack for thread: 0x0000000016070000
RBP=0x00000000160adbe0 is an unknown value
RSI=0x0000000002885620 is an unknown value
RDI=0x0000000000000000 is an unknown value
R8 =0x3cccc588ffff0013 is an unknown value
R9 =0x0000000000000000 is an unknown value
R10=0x00000000160ade10 is an unknown value
R11=0x00000000175286a0 is an unknown value
R12=0x0000000016070000 is a thread
R13=0x00000000160adbe0 is an unknown value
R14=0x000000001c3e6a70 is an unknown value
R15=0x0000000000000000 is an unknown value


Stack: [0x0000000016c00000,0x0000000016d00000],  sp=0x0000000016cfcec0,  free space=1011k
Native frames: (J=compiled Java code, j=interpreted, Vv=VM code, C=native code)
V  [jvm.dll+0x43608]
V  [jvm.dll+0x43999]
V  [jvm.dll+0x41c6b]
V  [jvm.dll+0x420aeb]
V  [jvm.dll+0x41b8da]
V  [jvm.dll+0x41e727]
V  [jvm.dll+0x41eeeb]
V  [jvm.dll+0x41fde6]
V  [jvm.dll+0x420048]
V  [jvm.dll+0x42047b]
V  [jvm.dll+0x41ffd5]
V  [jvm.dll+0x41bd3b]
V  [jvm.dll+0x41e727]
V  [jvm.dll+0x41eeeb]
V  [jvm.dll+0x41fde6]
V  [jvm.dll+0x420048]
V  [jvm.dll+0x42047b]
V  [jvm.dll+0x41ffd5]
V  [jvm.dll+0x41bd3b]
V  [jvm.dll+0x41e727]
V  [jvm.dll+0x41f01d]
V  [jvm.dll+0x41fde6]
V  [jvm.dll+0x420048]
V  [jvm.dll+0x42047b]
V  [jvm.dll+0x41ffd5]
V  [jvm.dll+0x41bd3b]
V  [jvm.dll+0x41e727]
V  [jvm.dll+0x41eeeb]
V  [jvm.dll+0x41fde6]
V  [jvm.dll+0x420048]
V  [jvm.dll+0x42047b]
V  [jvm.dll+0x41ffd5]
V  [jvm.dll+0x41bd3b]
V  [jvm.dll+0x41e727]
V  [jvm.dll+0x41f01d]
V  [jvm.dll+0x41fde6]
V  [jvm.dll+0x420048]
V  [jvm.dll+0x42047b]
V  [jvm.dll+0x41ffd5]
V  [jvm.dll+0x41bd3b]
V  [jvm.dll+0x41e727]
V  [jvm.dll+0x41eeeb]
V  [jvm.dll+0x41fde6]
V  [jvm.dll+0x420048]
V  [jvm.dll+0x41bd3b]
V  [jvm.dll+0x41e727]
V  [jvm.dll+0x41eeeb]
V  [jvm.dll+0x41fde6]
V  [jvm.dll+0x420048]
V  [jvm.dll+0x41bd3b]
V  [jvm.dll+0x41e727]
V  [jvm.dll+0x41f01d]
V  [jvm.dll+0x41f412]
V  [jvm.dll+0x4244f5]
V  [jvm.dll+0x424600]
V  [jvm.dll+0x40ddb8]
V  [jvm.dll+0x40e021]
V  [jvm.dll+0x40e1e2]
V  [jvm.dll+0x40e3b1]
V  [jvm.dll+0x40e5bf]
V  [jvm.dll+0xa5742]
V  [jvm.dll+0xa607f]
V  [jvm.dll+0x244b7f]
V  [jvm.dll+0x29c43a]
C  [msvcr100.dll+0x21d9f]
C  [msvcr100.dll+0x21e3b]
C  [KERNEL32.DLL+0x17034]
C  [ntdll.dll+0x52651]


Current CompileTask:
C1:  30874 6712       3       android.content.res.TypedArray::$$robo$$android_content_res_TypedArray$loadStringValueAt (51 bytes)


---------------  P R O C E S S  ---------------

Java Threads: ( => current thread )
  0x0000000017daf000 JavaThread "Java2D Disposer" daemon [_thread_blocked, id=3312, stack(0x000000001e280000,0x000000001e380000)]
  0x0000000017e34000 JavaThread "SDK 28 Main Thread" [_thread_in_native, id=21980, stack(0x000000001a1e0000,0x000000001a2e0000)]
  0x00000000175ec800 JavaThread "/127.0.0.1:56494 to /127.0.0.1:56493 workers Thread 3" [_thread_in_native, id=22072, stack(0x0000000018d10000,0x0000000018e10000)]
  0x00000000175eb800 JavaThread "/127.0.0.1:56494 to /127.0.0.1:56493 workers Thread 2" [_thread_blocked, id=24064, stack(0x0000000018c10000,0x0000000018d10000)]
  0x0000000017512000 JavaThread "Test worker" [_thread_blocked, id=23648, stack(0x00000000187d0000,0x00000000188d0000)]
  0x0000000016114000 JavaThread "Service Thread" daemon [_thread_blocked, id=17964, stack(0x0000000016d00000,0x0000000016e00000)]
=>0x0000000016070000 JavaThread "C1 CompilerThread3" daemon [_thread_in_vm, id=17516, stack(0x0000000016c00000,0x0000000016d00000)]
  0x0000000016064000 JavaThread "C2 CompilerThread2" daemon [_thread_blocked, id=22144, stack(0x0000000016b00000,0x0000000016c00000)]
  0x0000000016061000 JavaThread "C2 CompilerThread1" daemon [_thread_blocked, id=19236, stack(0x0000000016a00000,0x0000000016b00000)]
  0x0000000016060000 JavaThread "C2 CompilerThread0" daemon [_thread_blocked, id=18612, stack(0x0000000016900000,0x0000000016a00000)]
  0x000000001605c800 JavaThread "Attach Listener" daemon [_thread_blocked, id=20772, stack(0x0000000016800000,0x0000000016900000)]
  0x000000001605b800 JavaThread "Signal Dispatcher" daemon [_thread_blocked, id=17568, stack(0x0000000016700000,0x0000000016800000)]
  0x000000000292e000 JavaThread "Finalizer" daemon [_thread_blocked, id=21512, stack(0x00000000163c0000,0x00000000164c0000)]
  0x0000000002925000 JavaThread "Reference Handler" daemon [_thread_blocked, id=19892, stack(0x0000000015ec0000,0x0000000015fc0000)]
  0x000000000282e000 JavaThread "main" [_thread_blocked, id=18436, stack(0x0000000002630000,0x0000000002730000)]

Other Threads:
  0x00000000140ea000 VMThread [stack: 0x0000000015dc0000,0x0000000015ec0000] [id=17012]
  0x0000000016121000 WatcherThread [stack: 0x0000000016e00000,0x0000000016f00000] [id=19188]

VM state:not at safepoint (normal execution)

VM Mutex/Monitor currently owned by a thread: None

Heap:
 PSYoungGen      total 155648K, used 77900K [0x00000000f5580000, 0x0000000100000000, 0x0000000100000000)
  eden space 142848K, 45% used [0x00000000f5580000,0x00000000f9515920,0x00000000fe100000)
  from space 12800K, 99% used [0x00000000ff380000,0x00000000ffffda60,0x0000000100000000)
  to   space 15872K, 0% used [0x00000000fe100000,0x00000000fe100000,0x00000000ff080000)
 ParOldGen       total 144896K, used 68890K [0x00000000e0000000, 0x00000000e8d80000, 0x00000000f5580000)
  object space 144896K, 47% used [0x00000000e0000000,0x00000000e4346838,0x00000000e8d80000)
 Metaspace       used 62463K, capacity 71694K, committed 71856K, reserved 1110016K
  class space    used 7786K, capacity 10343K, committed 10416K, reserved 1048576K

Card table byte_map: [0x0000000011cf0000,0x0000000011e00000] byte_map_base: 0x00000000115f0000

Marking Bits: (ParMarkBitMap*) 0x0000000062eea6c0
 Begin Bits: [0x0000000012600000, 0x0000000012e00000)
 End Bits:   [0x0000000012e00000, 0x0000000013600000)

Polling page: 0x0000000000df0000

CodeCache: size=245760Kb used=19806Kb max_used=19818Kb free=225953Kb
 bounds [0x0000000002930000, 0x0000000003ca0000, 0x0000000011930000]
 total_blobs=7064 nmethods=5520 adapters=1456
 compilation: enabled

Compilation events (10 events):
Event: 30.786 Thread 0x0000000016070000 nmethod 6707 0x0000000003c8b6d0 code [0x0000000003c8b860, 0x0000000003c8be88]
Event: 30.786 Thread 0x0000000016070000 6708       3       java.lang.invoke.LambdaForm$MH/29204244::guard (109 bytes)
Event: 30.788 Thread 0x0000000016070000 nmethod 6708 0x0000000003c952d0 code [0x0000000003c954e0, 0x0000000003c96388]
Event: 30.790 Thread 0x0000000016070000 6709       3       java.lang.reflect.Field::get (51 bytes)
Event: 30.791 Thread 0x0000000016070000 nmethod 6709 0x0000000003c96bd0 code [0x0000000003c96da0, 0x0000000003c973c8]
Event: 30.791 Thread 0x0000000016070000 6710       3       java.lang.invoke.LambdaForm$MH/745308406::linkToCallSite (20 bytes)
Event: 30.792 Thread 0x0000000016070000 nmethod 6710 0x0000000003c975d0 code [0x0000000003c97760, 0x0000000003c97de8]
Event: 30.792 Thread 0x0000000016070000 6711       3       java.lang.invoke.LambdaForm$MH/745368756::guard (109 bytes)
Event: 30.794 Thread 0x0000000016070000 nmethod 6711 0x0000000003c97f90 code [0x0000000003c981a0, 0x0000000003c99168]
Event: 30.796 Thread 0x0000000016070000 6712       3       android.content.res.TypedArray::$$robo$$android_content_res_TypedArray$loadStringValueAt (51 bytes)

GC Heap History (10 events):
Event: 22.549 GC heap before
{Heap before GC invocations=21 (full 3):
 PSYoungGen      total 159744K, used 159433K [0x00000000f5580000, 0x00000000fff00000, 0x0000000100000000)
  eden space 154112K, 100% used [0x00000000f5580000,0x00000000fec00000,0x00000000fec00000)
  from space 5632K, 94% used [0x00000000fec00000,0x00000000ff132410,0x00000000ff180000)
  to   space 9728K, 0% used [0x00000000ff580000,0x00000000ff580000,0x00000000fff00000)
 ParOldGen       total 144896K, used 59610K [0x00000000e0000000, 0x00000000e8d80000, 0x00000000f5580000)
  object space 144896K, 41% used [0x00000000e0000000,0x00000000e3a369d8,0x00000000e8d80000)
 Metaspace       used 53028K, capacity 58990K, committed 59056K, reserved 1099776K
  class space    used 6305K, capacity 8106K, committed 8112K, reserved 1048576K
Event: 22.564 GC heap after
Heap after GC invocations=21 (full 3):
 PSYoungGen      total 163328K, used 8565K [0x00000000f5580000, 0x0000000100000000, 0x0000000100000000)
  eden space 153600K, 0% used [0x00000000f5580000,0x00000000f5580000,0x00000000feb80000)
  from space 9728K, 88% used [0x00000000ff580000,0x00000000ffddd440,0x00000000fff00000)
  to   space 10240K, 0% used [0x00000000feb80000,0x00000000feb80000,0x00000000ff580000)
 ParOldGen       total 144896K, used 59618K [0x00000000e0000000, 0x00000000e8d80000, 0x00000000f5580000)
  object space 144896K, 41% used [0x00000000e0000000,0x00000000e3a389d8,0x00000000e8d80000)
 Metaspace       used 53028K, capacity 58990K, committed 59056K, reserved 1099776K
  class space    used 6305K, capacity 8106K, committed 8112K, reserved 1048576K
}
Event: 24.681 GC heap before
{Heap before GC invocations=22 (full 3):
 PSYoungGen      total 163328K, used 162165K [0x00000000f5580000, 0x0000000100000000, 0x0000000100000000)
  eden space 153600K, 100% used [0x00000000f5580000,0x00000000feb80000,0x00000000feb80000)
  from space 9728K, 88% used [0x00000000ff580000,0x00000000ffddd440,0x00000000fff00000)
  to   space 10240K, 0% used [0x00000000feb80000,0x00000000feb80000,0x00000000ff580000)
 ParOldGen       total 144896K, used 59618K [0x00000000e0000000, 0x00000000e8d80000, 0x00000000f5580000)
  object space 144896K, 41% used [0x00000000e0000000,0x00000000e3a389d8,0x00000000e8d80000)
 Metaspace       used 56176K, capacity 62832K, committed 63024K, reserved 1103872K
  class space    used 6719K, capacity 8731K, committed 8752K, reserved 1048576K
Event: 24.713 GC heap after
Heap after GC invocations=22 (full 3):
 PSYoungGen      total 163840K, used 10230K [0x00000000f5580000, 0x0000000100000000, 0x0000000100000000)
  eden space 153600K, 0% used [0x00000000f5580000,0x00000000f5580000,0x00000000feb80000)
  from space 10240K, 99% used [0x00000000feb80000,0x00000000ff57da70,0x00000000ff580000)
  to   space 10752K, 0% used [0x00000000ff580000,0x00000000ff580000,0x0000000100000000)
 ParOldGen       total 144896K, used 61053K [0x00000000e0000000, 0x00000000e8d80000, 0x00000000f5580000)
  object space 144896K, 42% used [0x00000000e0000000,0x00000000e3b9f530,0x00000000e8d80000)
 Metaspace       used 56176K, capacity 62832K, committed 63024K, reserved 1103872K
  class space    used 6719K, capacity 8731K, committed 8752K, reserved 1048576K
}
Event: 26.944 GC heap before
{Heap before GC invocations=23 (full 3):
 PSYoungGen      total 163840K, used 163830K [0x00000000f5580000, 0x0000000100000000, 0x0000000100000000)
  eden space 153600K, 100% used [0x00000000f5580000,0x00000000feb80000,0x00000000feb80000)
  from space 10240K, 99% used [0x00000000feb80000,0x00000000ff57da70,0x00000000ff580000)
  to   space 10752K, 0% used [0x00000000ff580000,0x00000000ff580000,0x0000000100000000)
 ParOldGen       total 144896K, used 61053K [0x00000000e0000000, 0x00000000e8d80000, 0x00000000f5580000)
  object space 144896K, 42% used [0x00000000e0000000,0x00000000e3b9f530,0x00000000e8d80000)
 Metaspace       used 60080K, capacity 68670K, committed 68912K, reserved 1107968K
  class space    used 7508K, capacity 9965K, committed 10032K, reserved 1048576K
Event: 26.977 GC heap after
Heap after GC invocations=23 (full 3):
 PSYoungGen      total 159744K, used 9207K [0x00000000f5580000, 0x0000000100000000, 0x0000000100000000)
  eden space 148992K, 0% used [0x00000000f5580000,0x00000000f5580000,0x00000000fe700000)
  from space 10752K, 85% used [0x00000000ff580000,0x00000000ffe7ddb0,0x0000000100000000)
  to   space 12800K, 0% used [0x00000000fe700000,0x00000000fe700000,0x00000000ff380000)
 ParOldGen       total 144896K, used 67171K [0x00000000e0000000, 0x00000000e8d80000, 0x00000000f5580000)
  object space 144896K, 46% used [0x00000000e0000000,0x00000000e4198f60,0x00000000e8d80000)
 Metaspace       used 60080K, capacity 68670K, committed 68912K, reserved 1107968K
  class space    used 7508K, capacity 9965K, committed 10032K, reserved 1048576K
}
Event: 28.890 GC heap before
{Heap before GC invocations=24 (full 3):
 PSYoungGen      total 159744K, used 158199K [0x00000000f5580000, 0x0000000100000000, 0x0000000100000000)
  eden space 148992K, 100% used [0x00000000f5580000,0x00000000fe700000,0x00000000fe700000)
  from space 10752K, 85% used [0x00000000ff580000,0x00000000ffe7ddb0,0x0000000100000000)
  to   space 12800K, 0% used [0x00000000fe700000,0x00000000fe700000,0x00000000ff380000)
 ParOldGen       total 144896K, used 67171K [0x00000000e0000000, 0x00000000e8d80000, 0x00000000f5580000)
  object space 144896K, 46% used [0x00000000e0000000,0x00000000e4198f60,0x00000000e8d80000)
 Metaspace       used 62058K, capacity 70970K, committed 71216K, reserved 1110016K
  class space    used 7763K, capacity 10287K, committed 10288K, reserved 1048576K
Event: 28.936 GC heap after
Heap after GC invocations=24 (full 3):
 PSYoungGen      total 161792K, used 12336K [0x00000000f5580000, 0x0000000100000000, 0x0000000100000000)
  eden space 148992K, 0% used [0x00000000f5580000,0x00000000f5580000,0x00000000fe700000)
  from space 12800K, 96% used [0x00000000fe700000,0x00000000ff30c0d0,0x00000000ff380000)
  to   space 12800K, 0% used [0x00000000ff380000,0x00000000ff380000,0x0000000100000000)
 ParOldGen       total 144896K, used 67179K [0x00000000e0000000, 0x00000000e8d80000, 0x00000000f5580000)
  object space 144896K, 46% used [0x00000000e0000000,0x00000000e419af60,0x00000000e8d80000)
 Metaspace       used 62058K, capacity 70970K, committed 71216K, reserved 1110016K
  class space    used 7763K, capacity 10287K, committed 10288K, reserved 1048576K
}
Event: 30.376 GC heap before
{Heap before GC invocations=25 (full 3):
 PSYoungGen      total 161792K, used 161328K [0x00000000f5580000, 0x0000000100000000, 0x0000000100000000)
  eden space 148992K, 100% used [0x00000000f5580000,0x00000000fe700000,0x00000000fe700000)
  from space 12800K, 96% used [0x00000000fe700000,0x00000000ff30c0d0,0x00000000ff380000)
  to   space 12800K, 0% used [0x00000000ff380000,0x00000000ff380000,0x0000000100000000)
 ParOldGen       total 144896K, used 67179K [0x00000000e0000000, 0x00000000e8d80000, 0x00000000f5580000)
  object space 144896K, 46% used [0x00000000e0000000,0x00000000e419af60,0x00000000e8d80000)
 Metaspace       used 62410K, capacity 71628K, committed 71856K, reserved 1110016K
  class space    used 7783K, capacity 10338K, committed 10416K, reserved 1048576K
Event: 30.403 GC heap after
Heap after GC invocations=25 (full 3):
 PSYoungGen      total 155648K, used 12790K [0x00000000f5580000, 0x0000000100000000, 0x0000000100000000)
  eden space 142848K, 0% used [0x00000000f5580000,0x00000000f5580000,0x00000000fe100000)
  from space 12800K, 99% used [0x00000000ff380000,0x00000000ffffda60,0x0000000100000000)
  to   space 15872K, 0% used [0x00000000fe100000,0x00000000fe100000,0x00000000ff080000)
 ParOldGen       total 144896K, used 68890K [0x00000000e0000000, 0x00000000e8d80000, 0x00000000f5580000)
  object space 144896K, 47% used [0x00000000e0000000,0x00000000e4346838,0x00000000e8d80000)
 Metaspace       used 62410K, capacity 71628K, committed 71856K, reserved 1110016K
  class space    used 7783K, capacity 10338K, committed 10416K, reserved 1048576K
}

Deoptimization events (10 events):
Event: 28.719 Thread 0x0000000017512000 Uncommon trap: reason=bimorphic action=maybe_recompile pc=0x00000000035db578 method=java.util.regex.Pattern$Curly.match0(Ljava/util/regex/Matcher;IILjava/lang/CharSequence;)Z @ 77
Event: 28.722 Thread 0x0000000017512000 Uncommon trap: reason=class_check action=maybe_recompile pc=0x0000000003266464 method=com.google.common.collect.ImmutableSet$RegularSetBuilderImpl.add(Ljava/lang/Object;)Lcom/google/common/collect/ImmutableSet$SetBuilderImpl; @ 6
Event: 28.722 Thread 0x0000000017512000 Uncommon trap: reason=class_check action=maybe_recompile pc=0x0000000003266464 method=com.google.common.collect.ImmutableSet$RegularSetBuilderImpl.add(Ljava/lang/Object;)Lcom/google/common/collect/ImmutableSet$SetBuilderImpl; @ 6
Event: 28.722 Thread 0x0000000017512000 Uncommon trap: reason=class_check action=maybe_recompile pc=0x0000000003266464 method=com.google.common.collect.ImmutableSet$RegularSetBuilderImpl.add(Ljava/lang/Object;)Lcom/google/common/collect/ImmutableSet$SetBuilderImpl; @ 6
Event: 28.722 Thread 0x0000000017512000 Uncommon trap: reason=class_check action=maybe_recompile pc=0x0000000003266464 method=com.google.common.collect.ImmutableSet$RegularSetBuilderImpl.add(Ljava/lang/Object;)Lcom/google/common/collect/ImmutableSet$SetBuilderImpl; @ 6
Event: 28.723 Thread 0x0000000017512000 Uncommon trap: reason=unstable_if action=reinterpret pc=0x0000000002fb6724 method=org.robolectric.internal.bytecode.MethodRef.equals(Ljava/lang/Object;)Z @ 2
Event: 28.731 Thread 0x0000000017e34000 Uncommon trap: reason=unstable_if action=reinterpret pc=0x0000000003759dfc method=java.util.Arrays.hashCode([Ljava/lang/Object;)I @ 34
Event: 28.763 Thread 0x0000000017e34000 Uncommon trap: reason=unstable_if action=reinterpret pc=0x0000000003117830 method=org.robolectric.res.android.ResTable_config.isBetterThan(Lorg/robolectric/res/android/ResTable_config;Lorg/robolectric/res/android/ResTable_config;)Z @ 898
Event: 28.816 Thread 0x0000000017e34000 Uncommon trap: reason=unstable_if action=reinterpret pc=0x000000000372e05c method=org.robolectric.res.android.CppAssetManager2$Theme.SetTo(Lorg/robolectric/res/android/CppAssetManager2$Theme;)Z @ 53
Event: 29.897 Thread 0x0000000017e34000 Uncommon trap: reason=unstable_if action=reinterpret pc=0x0000000003225ebc method=java.lang.String.lastIndexOf([CII[CIII)I @ 66

Internal exceptions (10 events):
Event: 19.726 Thread 0x0000000017e34000 Exception <a 'java/io/FileNotFoundException'> (0x00000000f8360870) thrown at [C:\re\workspace\8-2-build-windows-amd64-cygwin\jdk8u111\7883\hotspot\src\share\vm\prims\jni.cpp, line 709]
Event: 19.867 Thread 0x0000000017e34000 Implicit null exception at 0x0000000002bacc95 to 0x0000000002bace71
Event: 21.253 Thread 0x0000000017e34000 Exception <a 'java/lang/NoSuchMethodError': java.lang.Object.lambda$comparingDouble$8dcf42ea$1(Ljava/util/function/ToDoubleFunction;Ljava/lang/Object;Ljava/lang/Object;)I> (0x00000000f788d0d8) thrown at [C:\re\workspace\8-2-build-windows-amd64-cygwin\jdk8
Event: 24.576 Thread 0x000000001959a800 Exception <a 'java/lang/NoSuchFieldError': method resolution failed> (0x00000000fe74c6d8) thrown at [C:\re\workspace\8-2-build-windows-amd64-cygwin\jdk8u111\7883\hotspot\src\share\vm\prims\methodHandles.cpp, line 1146]
Event: 25.638 Thread 0x0000000017e34000 Exception <a 'java/lang/NoSuchFieldError': method resolution failed> (0x00000000f85240e0) thrown at [C:\re\workspace\8-2-build-windows-amd64-cygwin\jdk8u111\7883\hotspot\src\share\vm\prims\methodHandles.cpp, line 1146]
Event: 25.878 Thread 0x0000000017e34000 Exception <a 'java/lang/NoSuchFieldError': method resolution failed> (0x00000000f90fa818) thrown at [C:\re\workspace\8-2-build-windows-amd64-cygwin\jdk8u111\7883\hotspot\src\share\vm\prims\methodHandles.cpp, line 1146]
Event: 28.208 Thread 0x0000000017e34000 Implicit null exception at 0x0000000003345157 to 0x000000000334522d
Event: 28.583 Thread 0x0000000017e34000 Exception <a 'java/lang/NoSuchMethodError': java.lang.Object.lambda$get$0(Ljava/lang/Object;)V> (0x00000000fd15cf80) thrown at [C:\re\workspace\8-2-build-windows-amd64-cygwin\jdk8u111\7883\hotspot\src\share\vm\interpreter\linkResolver.cpp, line 582]
Event: 28.731 Thread 0x0000000017e34000 Implicit null exception at 0x0000000003759d3c to 0x0000000003759ddd
Event: 28.787 Thread 0x0000000017e34000 Exception <a 'sun/nio/fs/WindowsException'> (0x00000000fdcab810) thrown at [C:\re\workspace\8-2-build-windows-amd64-cygwin\jdk8u111\7883\hotspot\src\share\vm\prims\jni.cpp, line 709]

Events (10 events):
Event: 29.896 loading class org/aplas/mylibrary/TestC1MyData081 done
Event: 29.897 Thread 0x0000000017e34000 Uncommon trap: trap_request=0xffffff65 fr.pc=0x0000000003225ebc
Event: 29.897 Thread 0x0000000017e34000 DEOPT PACKING pc=0x0000000003225ebc sp=0x000000001a2de160
Event: 29.897 Thread 0x0000000017e34000 DEOPT UNPACKING pc=0x000000000297582a sp=0x000000001a2de0b8 mode 2
Event: 30.011 Thread 0x0000000017e34000 DEOPT PACKING pc=0x0000000003a7a9cd sp=0x000000001a2dc660
Event: 30.011 Thread 0x0000000017e34000 DEOPT UNPACKING pc=0x000000000297747f sp=0x000000001a2dc3c0 mode 0
Event: 30.375 Executing VM operation: ParallelGCFailedAllocation
Event: 30.403 Executing VM operation: ParallelGCFailedAllocation done
Event: 30.404 Executing VM operation: RevokeBias
Event: 30.405 Executing VM operation: RevokeBias done


Dynamic libraries:
0x00007ff62e4a0000 - 0x00007ff62e4d7000 	C:\Program Files\Java\jdk1.8.0_111\bin\java.exe
0x00007ffdb2090000 - 0x00007ffdb2285000 	C:\WINDOWS\SYSTEM32\ntdll.dll
0x00007ffdb1180000 - 0x00007ffdb123e000 	C:\WINDOWS\System32\KERNEL32.DLL
0x00007ffdafc20000 - 0x00007ffdafee9000 	C:\WINDOWS\System32\KERNELBASE.dll
0x00007ffdb02f0000 - 0x00007ffdb039c000 	C:\WINDOWS\System32\ADVAPI32.dll
0x00007ffdb1910000 - 0x00007ffdb19ae000 	C:\WINDOWS\System32\msvcrt.dll
0x00007ffdb1390000 - 0x00007ffdb142b000 	C:\WINDOWS\System32\sechost.dll
0x00007ffdb17e0000 - 0x00007ffdb190a000 	C:\WINDOWS\System32\RPCRT4.dll
0x00007ffdb0890000 - 0x00007ffdb0a31000 	C:\WINDOWS\System32\USER32.dll
0x00007ffdaf7b0000 - 0x00007ffdaf7d2000 	C:\WINDOWS\System32\win32u.dll
0x00007ffdb02c0000 - 0x00007ffdb02eb000 	C:\WINDOWS\System32\GDI32.dll
0x00007ffdaff40000 - 0x00007ffdb004b000 	C:\WINDOWS\System32\gdi32full.dll
0x00007ffdaf920000 - 0x00007ffdaf9bd000 	C:\WINDOWS\System32\msvcp_win.dll
0x00007ffdaf9c0000 - 0x00007ffdafac0000 	C:\WINDOWS\System32\ucrtbase.dll
0x00007ffd6dee0000 - 0x00007ffd6e17a000 	C:\WINDOWS\WinSxS\amd64_microsoft.windows.common-controls_6595b64144ccf1df_6.0.19041.1110_none_60b5254171f9507e\COMCTL32.dll
0x00007ffdb1fc0000 - 0x00007ffdb1ff0000 	C:\WINDOWS\System32\IMM32.DLL
0x0000000064950000 - 0x0000000064a22000 	C:\Program Files\Java\jdk1.8.0_111\jre\bin\msvcr100.dll
0x00000000626d0000 - 0x0000000062f6a000 	C:\Program Files\Java\jdk1.8.0_111\jre\bin\server\jvm.dll
0x00007ffdb1f20000 - 0x00007ffdb1f28000 	C:\WINDOWS\System32\PSAPI.DLL
0x00007ffd9cb90000 - 0x00007ffd9cbb7000 	C:\WINDOWS\SYSTEM32\WINMM.dll
0x00007ffdab1d0000 - 0x00007ffdab1d9000 	C:\WINDOWS\SYSTEM32\WSOCK32.dll
0x00007ffda8eb0000 - 0x00007ffda8eba000 	C:\WINDOWS\SYSTEM32\VERSION.dll
0x00007ffdb1240000 - 0x00007ffdb12ab000 	C:\WINDOWS\System32\WS2_32.dll
0x0000000064940000 - 0x000000006494f000 	C:\Program Files\Java\jdk1.8.0_111\jre\bin\verify.dll
0x00000000626a0000 - 0x00000000626c9000 	C:\Program Files\Java\jdk1.8.0_111\jre\bin\java.dll
0x0000000062680000 - 0x0000000062696000 	C:\Program Files\Java\jdk1.8.0_111\jre\bin\zip.dll
0x00007ffdb0a40000 - 0x00007ffdb117f000 	C:\WINDOWS\System32\SHELL32.dll
0x00007ffdad870000 - 0x00007ffdae000000 	C:\WINDOWS\SYSTEM32\windows.storage.dll
0x00007ffdb03a0000 - 0x00007ffdb06f5000 	C:\WINDOWS\System32\combase.dll
0x00007ffdaf130000 - 0x00007ffdaf15c000 	C:\WINDOWS\SYSTEM32\Wldp.dll
0x00007ffdb16b0000 - 0x00007ffdb175d000 	C:\WINDOWS\System32\SHCORE.dll
0x00007ffdb1ff0000 - 0x00007ffdb2045000 	C:\WINDOWS\System32\shlwapi.dll
0x00007ffdaf6f0000 - 0x00007ffdaf70f000 	C:\WINDOWS\SYSTEM32\profapi.dll
0x0000000062660000 - 0x000000006267a000 	C:\Program Files\Java\jdk1.8.0_111\jre\bin\net.dll
0x00007ffdaee90000 - 0x00007ffdaeefa000 	C:\WINDOWS\system32\mswsock.dll
0x0000000062640000 - 0x0000000062651000 	C:\Program Files\Java\jdk1.8.0_111\jre\bin\nio.dll
0x00007ffdaf080000 - 0x00007ffdaf098000 	C:\WINDOWS\SYSTEM32\CRYPTSP.dll
0x00007ffdae810000 - 0x00007ffdae844000 	C:\WINDOWS\system32\rsaenh.dll
0x00007ffdb00b0000 - 0x00007ffdb00d7000 	C:\WINDOWS\System32\bcrypt.dll
0x00007ffdaf670000 - 0x00007ffdaf69e000 	C:\WINDOWS\SYSTEM32\USERENV.dll
0x00007ffdaf7e0000 - 0x00007ffdaf863000 	C:\WINDOWS\System32\bcryptprimitives.dll
0x00007ffdaf0a0000 - 0x00007ffdaf0ac000 	C:\WINDOWS\SYSTEM32\CRYPTBASE.dll
0x00007ffdaeb80000 - 0x00007ffdaebbb000 	C:\WINDOWS\SYSTEM32\IPHLPAPI.DLL
0x00007ffdb0880000 - 0x00007ffdb0888000 	C:\WINDOWS\System32\NSI.dll
0x00007ffdad450000 - 0x00007ffdad467000 	C:\WINDOWS\SYSTEM32\dhcpcsvc6.DLL
0x00007ffdad430000 - 0x00007ffdad44d000 	C:\WINDOWS\SYSTEM32\dhcpcsvc.DLL
0x00007ffdaebc0000 - 0x00007ffdaec8c000 	C:\WINDOWS\SYSTEM32\DNSAPI.dll
0x0000000062600000 - 0x0000000062624000 	C:\Program Files\Java\jdk1.8.0_111\jre\bin\sunec.dll
0x00000000625f0000 - 0x00000000625fb000 	C:\Program Files\Java\jdk1.8.0_111\jre\bin\sunmscapi.dll
0x00007ffdafac0000 - 0x00007ffdafc16000 	C:\WINDOWS\System32\CRYPT32.dll
0x00000000631c0000 - 0x0000000063358000 	C:\Program Files\Java\jdk1.8.0_111\jre\bin\awt.dll
0x00007ffdb19d0000 - 0x00007ffdb1a9d000 	C:\WINDOWS\System32\OLEAUT32.dll
0x00007ffdacbe0000 - 0x00007ffdacc70000 	C:\WINDOWS\SYSTEM32\apphelp.dll
0x00007ffdad680000 - 0x00007ffdad864000 	C:\WINDOWS\SYSTEM32\dbghelp.dll

VM Arguments:
jvm_args: -Djava.awt.headless=true -Djava.security.manager=worker.org.gradle.process.internal.worker.child.BootstrapSecurityManager -Dorg.gradle.native=false -Xmx512m -Dfile.encoding=windows-1252 -Duser.country=AU -Duser.language=en -Duser.variant -ea 
java_command: worker.org.gradle.process.internal.worker.GradleWorkerMain 'Gradle Test Executor 12'
java_class_path (initial): C:\Users\HP\.gradle\caches\6.1.1\workerMain\gradle-worker.jar
Launcher Type: SUN_STANDARD

Environment Variables:
PATH=C:\Program Files\Microsoft MPI\Bin\;C:\Program Files\Java\jdk-14.0.1\bin;C:\WINDOWS\system32;C:\WINDOWS;C:\WINDOWS\System32\Wbem;C:\WINDOWS\System32\WindowsPowerShell\v1.0\;C:\WINDOWS\System32\OpenSSH\;C:\Program Files\Git\cmd;C:\Program Files\Git\mingw64\bin;C:\Program Files\Git\usr\bin;C:\Program Files\Microsoft SQL Server\Client SDK\ODBC\170\Tools\Binn\;C:\Program Files (x86)\Microsoft SQL Server\150\Tools\Binn\;C:\Program Files\Microsoft SQL Server\150\Tools\Binn\;C:\Program Files\Microsoft SQL Server\150\DTS\Binn\;C:\Program Files (x86)\Microsoft SQL Server\150\DTS\Binn\;C:\Program Files\Microsoft SQL Server\Client SDK\ODBC\130\Tools\Binn\;C:\Users\HP\AppData\Roaming\Python\Python39\Scripts;C:\xampp\php;C:\ProgramData\ComposerSetup\bin;C:\Program Files\nodejs\;C:\Program Files\Microsoft SQL Server\130\Tools\Binn\;C:\Program Files (x86)\Microsoft SQL Server\110\DTS\Binn\;C:\Program Files (x86)\Microsoft SQL Server\120\DTS\Binn\;C:\Program Files (x86)\Microsoft SQL Server\130\DTS\Binn\;C:\Program Files (x86)\Microsoft SQL Server\140\DTS\Binn\;C:\Program Files\PuTTY\;D:\Flutter\flutter\bin;C:\Users\HP\AppData\Local\Programs\Microsoft VS Code\bin
USERNAME=HP
OS=Windows_NT
PROCESSOR_IDENTIFIER=AMD64 Family 23 Model 24 Stepping 1, AuthenticAMD



---------------  S Y S T E M  ---------------

OS: Windows 10.0 , 64 bit Build 19041 (10.0.19041.1202)

CPU:total 8 (8 cores per cpu, 1 threads per core) family 23 model 24 stepping 1, cmov, cx8, fxsr, mmx, sse, sse2, sse3, ssse3, sse4.1, sse4.2, popcnt, avx, avx2, aes, clmul, mmxext, 3dnowpref, lzcnt, sse4a, tsc, tscinvbit, tscinv, bmi1

Memory: 4k page, physical 6203584k(370956k free), swap 21407936k(7262072k free)

vm_info: Java HotSpot(TM) 64-Bit Server VM (25.111-b14) for windows-amd64 JRE (1.8.0_111-b14), built on Sep 22 2016 19:24:05 by "java_re" with MS VC++ 10.0 (VS2010)

time: Wed Nov 03 21:53:59 2021
elapsed time: 30 seconds (0d 0h 0m 30s)

