#
# A fatal error has been detected by the Java Runtime Environment:
#
#  EXCEPTION_ACCESS_VIOLATION (0xc0000005) at pc=0x0000000062713608, pid=18720, tid=0x0000000000004d78
#
# JRE version: Java(TM) SE Runtime Environment (8.0_111-b14) (build 1.8.0_111-b14)
# Java VM: Java HotSpot(TM) 64-Bit Server VM (25.111-b14 mixed mode windows-amd64 compressed oops)
# Problematic frame:
# V  [jvm.dll+0x43608]
#
# Failed to write core dump. Minidumps are not enabled by default on client versions of Windows
#
# If you would like to submit a bug report, please visit:
#   http://bugreport.java.com/bugreport/crash.jsp
#

---------------  T H R E A D  ---------------

Current thread (0x0000000016694800):  JavaThread "C1 CompilerThread3" daemon [_thread_in_vm, id=19832, stack(0x0000000017200000,0x0000000017300000)]

siginfo: ExceptionCode=0xc0000005, reading address 0xffffffffffffffff

Registers:
RAX=0x0000000016694800, RBX=0x0000000002e55350, RCX=0x0000000002e55350, RDX=0x0000000002e55350
RSP=0x00000000172fd600, RBP=0x0000000019e1a6e0, RSI=0x0000000002e55350, RDI=0x0000000000000000
R8 =0x3cccc588ffff0013, R9 =0x0000000000000000, R10=0x0000000019e1a910, R11=0x000000001b19d2f0
R12=0x0000000016694800, R13=0x0000000019e1a6e0, R14=0x000000001a90bd80, R15=0x0000000000000000
RIP=0x0000000062713608, EFLAGS=0x0000000000010202

Top of Stack: (sp=0x00000000172fd600)
0x00000000172fd600:   00000000000000b6 00000000172ffbb0
0x00000000172fd610:   0000000000000000 0000000000000077
0x00000000172fd620:   000000001c02c1f8 00000000172ffbb0
0x00000000172fd630:   00000000172fd710 00000000626ffe25
0x00000000172fd640:   00000000000000ea 0000000062713999
0x00000000172fd650:   0000000000000077 0000000000000077
0x00000000172fd660:   0000000000000000 0000000000000000
0x00000000172fd670:   00000000000000b6 0000000017550a70
0x00000000172fd680:   0000000002e09ea0 0000000062711c6b
0x00000000172fd690:   0000000000000000 0000000016694800
0x00000000172fd6a0:   000000001a90cef0 00000000626fce0f
0x00000000172fd6b0:   0000000016694800 0000000062716f80
0x00000000172fd6c0:   0000000016694800 0000000016694800
0x00000000172fd6d0:   0000000017550a70 0000000062af0aeb
0x00000000172fd6e0:   0000000000000000 0000000000000000
0x00000000172fd6f0:   000000001a90cef0 0000000000000000 

Instructions: (pc=0x0000000062713608)
0x00000000627135e8:   00 48 8b da ff 15 fe 7d 59 00 44 0f b6 05 5a d9
0x00000000627135f8:   7a 00 4c 8b e0 45 84 c0 74 39 4c 8b 03 48 8b cb
0x0000000062713608:   41 ff 50 08 84 c0 74 2b 83 7b 08 00 7e 25 0f b6
0x0000000062713618:   83 0e 01 00 00 c0 e8 03 a8 01 74 17 48 8b 03 48 


Register to memory mapping:

RAX=0x0000000016694800 is a thread
RBX=0x0000000002e55350 is an unknown value
RCX=0x0000000002e55350 is an unknown value
RDX=0x0000000002e55350 is an unknown value
RSP=0x00000000172fd600 is pointing into the stack for thread: 0x0000000016694800
RBP=0x0000000019e1a6e0 is an unknown value
RSI=0x0000000002e55350 is an unknown value
RDI=0x0000000000000000 is an unknown value
R8 =0x3cccc588ffff0013 is an unknown value
R9 =0x0000000000000000 is an unknown value
R10=0x0000000019e1a910 is an unknown value
R11=0x000000001b19d2f0 is an unknown value
R12=0x0000000016694800 is a thread
R13=0x0000000019e1a6e0 is an unknown value
R14=0x000000001a90bd80 is an unknown value
R15=0x0000000000000000 is an unknown value


Stack: [0x0000000017200000,0x0000000017300000],  sp=0x00000000172fd600,  free space=1013k
Native frames: (J=compiled Java code, j=interpreted, Vv=VM code, C=native code)
V  [jvm.dll+0x43608]
V  [jvm.dll+0x43999]
V  [jvm.dll+0x41c6b]
V  [jvm.dll+0x420aeb]
V  [jvm.dll+0x41b8da]
V  [jvm.dll+0x41e727]
V  [jvm.dll+0x41eeeb]
V  [jvm.dll+0x41fde6]
V  [jvm.dll+0x420048]
V  [jvm.dll+0x42047b]
V  [jvm.dll+0x41ffd5]
V  [jvm.dll+0x41bd3b]
V  [jvm.dll+0x41e727]
V  [jvm.dll+0x41eeeb]
V  [jvm.dll+0x41fde6]
V  [jvm.dll+0x420048]
V  [jvm.dll+0x42047b]
V  [jvm.dll+0x41ffd5]
V  [jvm.dll+0x41bd3b]
V  [jvm.dll+0x41e727]
V  [jvm.dll+0x41f01d]
V  [jvm.dll+0x41fde6]
V  [jvm.dll+0x420048]
V  [jvm.dll+0x42047b]
V  [jvm.dll+0x41ffd5]
V  [jvm.dll+0x41bd3b]
V  [jvm.dll+0x41e727]
V  [jvm.dll+0x41eeeb]
V  [jvm.dll+0x41fde6]
V  [jvm.dll+0x420048]
V  [jvm.dll+0x42047b]
V  [jvm.dll+0x41ffd5]
V  [jvm.dll+0x41bd3b]
V  [jvm.dll+0x41e727]
V  [jvm.dll+0x41f01d]
V  [jvm.dll+0x41fde6]
V  [jvm.dll+0x420048]
V  [jvm.dll+0x42047b]
V  [jvm.dll+0x41ffd5]
V  [jvm.dll+0x41bd3b]
V  [jvm.dll+0x41e727]
V  [jvm.dll+0x41eeeb]
V  [jvm.dll+0x41fde6]
V  [jvm.dll+0x420048]
V  [jvm.dll+0x41bd3b]
V  [jvm.dll+0x41e727]
V  [jvm.dll+0x41eeeb]
V  [jvm.dll+0x41fde6]
V  [jvm.dll+0x420048]
V  [jvm.dll+0x41bd3b]
V  [jvm.dll+0x41e727]
V  [jvm.dll+0x41f01d]
V  [jvm.dll+0x41f412]
V  [jvm.dll+0x4244f5]
V  [jvm.dll+0x424600]
V  [jvm.dll+0x40ddb8]
V  [jvm.dll+0x40e021]
V  [jvm.dll+0x40e1e2]
V  [jvm.dll+0x40e3b1]
V  [jvm.dll+0x40e5bf]
V  [jvm.dll+0xa5742]
V  [jvm.dll+0xa607f]
V  [jvm.dll+0x244b7f]
V  [jvm.dll+0x29c43a]
C  [msvcr100.dll+0x21d9f]
C  [msvcr100.dll+0x21e3b]
C  [KERNEL32.DLL+0x17034]
C  [ntdll.dll+0x52651]


Current CompileTask:
C1:  94892 6431       3       android.content.res.TypedArray::$$robo$$android_content_res_TypedArray$loadStringValueAt (51 bytes)


---------------  P R O C E S S  ---------------

Java Threads: ( => current thread )
  0x000000001aac1000 JavaThread "SharedPreferencesImpl-load" [_thread_blocked, id=17284, stack(0x000000001dcb0000,0x000000001ddb0000)]
  0x000000001aac2000 JavaThread "Java2D Disposer" daemon [_thread_blocked, id=1820, stack(0x0000000001220000,0x0000000001320000)]
  0x00000000182fd000 JavaThread "SDK 28 Main Thread" [_thread_blocked, id=18820, stack(0x0000000019810000,0x0000000019910000)]
  0x0000000017b02800 JavaThread "/127.0.0.1:57205 to /127.0.0.1:57204 workers Thread 3" [_thread_in_native, id=10896, stack(0x0000000019310000,0x0000000019410000)]
  0x0000000017b4a800 JavaThread "/127.0.0.1:57205 to /127.0.0.1:57204 workers Thread 2" [_thread_blocked, id=19828, stack(0x0000000019210000,0x0000000019310000)]
  0x0000000018156800 JavaThread "Test worker" [_thread_blocked, id=20144, stack(0x0000000018dd0000,0x0000000018ed0000)]
  0x0000000016701000 JavaThread "Service Thread" daemon [_thread_blocked, id=23756, stack(0x0000000017300000,0x0000000017400000)]
=>0x0000000016694800 JavaThread "C1 CompilerThread3" daemon [_thread_in_vm, id=19832, stack(0x0000000017200000,0x0000000017300000)]
  0x000000001665a800 JavaThread "C2 CompilerThread2" daemon [_thread_blocked, id=6220, stack(0x0000000017100000,0x0000000017200000)]
  0x0000000016657800 JavaThread "C2 CompilerThread1" daemon [_thread_blocked, id=23468, stack(0x0000000017000000,0x0000000017100000)]
  0x0000000016656800 JavaThread "C2 CompilerThread0" daemon [_thread_blocked, id=16364, stack(0x0000000016f00000,0x0000000017000000)]
  0x0000000016650000 JavaThread "Attach Listener" daemon [_thread_blocked, id=18612, stack(0x0000000016e00000,0x0000000016f00000)]
  0x000000001664f800 JavaThread "Signal Dispatcher" daemon [_thread_blocked, id=24124, stack(0x0000000016d00000,0x0000000016e00000)]
  0x0000000002ef9000 JavaThread "Finalizer" daemon [_thread_blocked, id=16548, stack(0x00000000169b0000,0x0000000016ab0000)]
  0x0000000002ef6000 JavaThread "Reference Handler" daemon [_thread_blocked, id=20828, stack(0x00000000164b0000,0x00000000165b0000)]
  0x0000000002dfe000 JavaThread "main" [_thread_blocked, id=24336, stack(0x0000000002c30000,0x0000000002d30000)]

Other Threads:
  0x00000000146c9800 VMThread [stack: 0x00000000163b0000,0x00000000164b0000] [id=17308]
  0x0000000016799000 WatcherThread [stack: 0x0000000017400000,0x0000000017500000] [id=19956]

VM state:synchronizing (normal execution)

VM Mutex/Monitor currently owned by a thread:  ([mutex/lock_event])
[0x0000000002dfcf10] Threads_lock - owner thread: 0x00000000146c9800

Heap:
 PSYoungGen      total 141312K, used 89426K [0x00000000f5580000, 0x0000000100000000, 0x0000000100000000)
  eden space 112128K, 59% used [0x00000000f5580000,0x00000000f96b4ab0,0x00000000fc300000)
  from space 29184K, 77% used [0x00000000fe380000,0x00000000ff9a00c0,0x0000000100000000)
  to   space 31232K, 0% used [0x00000000fc300000,0x00000000fc300000,0x00000000fe180000)
 ParOldGen       total 170496K, used 59246K [0x00000000e0000000, 0x00000000ea680000, 0x00000000f5580000)
  object space 170496K, 34% used [0x00000000e0000000,0x00000000e39db8f8,0x00000000ea680000)
 Metaspace       used 61644K, capacity 70887K, committed 71164K, reserved 1110016K
  class space    used 7587K, capacity 10172K, committed 10288K, reserved 1048576K

Card table byte_map: [0x00000000122c0000,0x00000000123d0000] byte_map_base: 0x0000000011bc0000

Marking Bits: (ParMarkBitMap*) 0x0000000062eea6c0
 Begin Bits: [0x0000000012bd0000, 0x00000000133d0000)
 End Bits:   [0x00000000133d0000, 0x0000000013bd0000)

Polling page: 0x0000000001460000

CodeCache: size=245760Kb used=18442Kb max_used=18442Kb free=227318Kb
 bounds [0x0000000002f00000, 0x0000000004120000, 0x0000000011f00000]
 total_blobs=6895 nmethods=5372 adapters=1436
 compilation: enabled

Compilation events (10 events):
Event: 94.680 Thread 0x0000000016694800 nmethod 6423 0x0000000004104010 code [0x00000000041041c0, 0x0000000004104bc8]
Event: 94.680 Thread 0x0000000016694800 6424       3       java.lang.invoke.LambdaForm$DMH/1888146749::invokeSpecial_LJ_L (17 bytes)
Event: 94.681 Thread 0x0000000016694800 nmethod 6424 0x0000000004104e90 code [0x0000000004105020, 0x00000000041053d8]
Event: 94.682 Thread 0x0000000016694800 6426       3       android.util.ArrayMap::put (9 bytes)
Event: 94.689 Thread 0x000000001665a800 6430       4       java.lang.Character::codePointAt (51 bytes)
Event: 94.689 Thread 0x0000000016694800 nmethod 6426 0x0000000004105510 code [0x0000000004105840, 0x0000000004107408]
Event: 94.689 Thread 0x0000000016694800 6427       3       android.util.ArrayMap::$$robo$$android_util_ArrayMap$put (337 bytes)
Event: 94.695 Thread 0x000000001665a800 nmethod 6430 0x000000000410b7d0 code [0x000000000410b920, 0x000000000410ba68]
Event: 94.717 Thread 0x0000000016694800 nmethod 6427 0x000000000410bc50 code [0x000000000410c500, 0x0000000004113098]
Event: 94.717 Thread 0x0000000016694800 6431       3       android.content.res.TypedArray::$$robo$$android_content_res_TypedArray$loadStringValueAt (51 bytes)

GC Heap History (10 events):
Event: 75.015 GC heap before
{Heap before GC invocations=23 (full 3):
 PSYoungGen      total 139776K, used 113893K [0x00000000f5580000, 0x00000000fff80000, 0x0000000100000000)
  eden space 107008K, 100% used [0x00000000f5580000,0x00000000fbe00000,0x00000000fbe00000)
  from space 32768K, 21% used [0x00000000fbe00000,0x00000000fc4b9548,0x00000000fde00000)
  to   space 31744K, 0% used [0x00000000fe080000,0x00000000fe080000,0x00000000fff80000)
 ParOldGen       total 170496K, used 59206K [0x00000000e0000000, 0x00000000ea680000, 0x00000000f5580000)
  object space 170496K, 34% used [0x00000000e0000000,0x00000000e39d18f8,0x00000000ea680000)
 Metaspace       used 53647K, capacity 59627K, committed 59900K, reserved 1101824K
  class space    used 6354K, capacity 8145K, committed 8240K, reserved 1048576K
Event: 75.085 GC heap after
Heap after GC invocations=23 (full 3):
 PSYoungGen      total 138240K, used 8561K [0x00000000f5580000, 0x00000000ffc00000, 0x0000000100000000)
  eden space 110080K, 0% used [0x00000000f5580000,0x00000000f5580000,0x00000000fc100000)
  from space 28160K, 30% used [0x00000000fe080000,0x00000000fe8dc4e8,0x00000000ffc00000)
  to   space 30208K, 0% used [0x00000000fc100000,0x00000000fc100000,0x00000000fde80000)
 ParOldGen       total 170496K, used 59214K [0x00000000e0000000, 0x00000000ea680000, 0x00000000f5580000)
  object space 170496K, 34% used [0x00000000e0000000,0x00000000e39d38f8,0x00000000ea680000)
 Metaspace       used 53647K, capacity 59627K, committed 59900K, reserved 1101824K
  class space    used 6354K, capacity 8145K, committed 8240K, reserved 1048576K
}
Event: 81.677 GC heap before
{Heap before GC invocations=24 (full 3):
 PSYoungGen      total 138240K, used 118641K [0x00000000f5580000, 0x00000000ffc00000, 0x0000000100000000)
  eden space 110080K, 100% used [0x00000000f5580000,0x00000000fc100000,0x00000000fc100000)
  from space 28160K, 30% used [0x00000000fe080000,0x00000000fe8dc4e8,0x00000000ffc00000)
  to   space 30208K, 0% used [0x00000000fc100000,0x00000000fc100000,0x00000000fde80000)
 ParOldGen       total 170496K, used 59214K [0x00000000e0000000, 0x00000000ea680000, 0x00000000f5580000)
  object space 170496K, 34% used [0x00000000e0000000,0x00000000e39d38f8,0x00000000ea680000)
 Metaspace       used 56305K, capacity 62989K, committed 63228K, reserved 1103872K
  class space    used 6727K, capacity 8734K, committed 8752K, reserved 1048576K
Event: 81.746 GC heap after
Heap after GC invocations=24 (full 3):
 PSYoungGen      total 140288K, used 10003K [0x00000000f5580000, 0x00000000fff00000, 0x0000000100000000)
  eden space 110080K, 0% used [0x00000000f5580000,0x00000000f5580000,0x00000000fc100000)
  from space 30208K, 33% used [0x00000000fc100000,0x00000000fcac4e60,0x00000000fde80000)
  to   space 28672K, 0% used [0x00000000fe300000,0x00000000fe300000,0x00000000fff00000)
 ParOldGen       total 170496K, used 59222K [0x00000000e0000000, 0x00000000ea680000, 0x00000000f5580000)
  object space 170496K, 34% used [0x00000000e0000000,0x00000000e39d58f8,0x00000000ea680000)
 Metaspace       used 56305K, capacity 62989K, committed 63228K, reserved 1103872K
  class space    used 6727K, capacity 8734K, committed 8752K, reserved 1048576K
}
Event: 86.775 GC heap before
{Heap before GC invocations=25 (full 3):
 PSYoungGen      total 140288K, used 120083K [0x00000000f5580000, 0x00000000fff00000, 0x0000000100000000)
  eden space 110080K, 100% used [0x00000000f5580000,0x00000000fc100000,0x00000000fc100000)
  from space 30208K, 33% used [0x00000000fc100000,0x00000000fcac4e60,0x00000000fde80000)
  to   space 28672K, 0% used [0x00000000fe300000,0x00000000fe300000,0x00000000fff00000)
 ParOldGen       total 170496K, used 59222K [0x00000000e0000000, 0x00000000ea680000, 0x00000000f5580000)
  object space 170496K, 34% used [0x00000000e0000000,0x00000000e39d58f8,0x00000000ea680000)
 Metaspace       used 60593K, capacity 68997K, committed 69116K, reserved 1107968K
  class space    used 7529K, capacity 9997K, committed 10032K, reserved 1048576K
Event: 86.890 GC heap after
Heap after GC invocations=25 (full 3):
 PSYoungGen      total 142848K, used 14604K [0x00000000f5580000, 0x00000000ffd80000, 0x0000000100000000)
  eden space 115712K, 0% used [0x00000000f5580000,0x00000000f5580000,0x00000000fc680000)
  from space 27136K, 53% used [0x00000000fe300000,0x00000000ff143058,0x00000000ffd80000)
  to   space 28160K, 0% used [0x00000000fc680000,0x00000000fc680000,0x00000000fe200000)
 ParOldGen       total 170496K, used 59230K [0x00000000e0000000, 0x00000000ea680000, 0x00000000f5580000)
  object space 170496K, 34% used [0x00000000e0000000,0x00000000e39d78f8,0x00000000ea680000)
 Metaspace       used 60593K, capacity 68997K, committed 69116K, reserved 1107968K
  class space    used 7529K, capacity 9997K, committed 10032K, reserved 1048576K
}
Event: 90.716 GC heap before
{Heap before GC invocations=26 (full 3):
 PSYoungGen      total 142848K, used 130316K [0x00000000f5580000, 0x00000000ffd80000, 0x0000000100000000)
  eden space 115712K, 100% used [0x00000000f5580000,0x00000000fc680000,0x00000000fc680000)
  from space 27136K, 53% used [0x00000000fe300000,0x00000000ff143058,0x00000000ffd80000)
  to   space 28160K, 0% used [0x00000000fc680000,0x00000000fc680000,0x00000000fe200000)
 ParOldGen       total 170496K, used 59230K [0x00000000e0000000, 0x00000000ea680000, 0x00000000f5580000)
  object space 170496K, 34% used [0x00000000e0000000,0x00000000e39d78f8,0x00000000ea680000)
 Metaspace       used 61116K, capacity 69911K, committed 70012K, reserved 1110016K
  class space    used 7560K, capacity 10090K, committed 10160K, reserved 1048576K
Event: 90.752 GC heap after
Heap after GC invocations=26 (full 3):
 PSYoungGen      total 143872K, used 18742K [0x00000000f5580000, 0x0000000100000000, 0x0000000100000000)
  eden space 115712K, 0% used [0x00000000f5580000,0x00000000f5580000,0x00000000fc680000)
  from space 28160K, 66% used [0x00000000fc680000,0x00000000fd8cda80,0x00000000fe200000)
  to   space 29184K, 0% used [0x00000000fe380000,0x00000000fe380000,0x0000000100000000)
 ParOldGen       total 170496K, used 59238K [0x00000000e0000000, 0x00000000ea680000, 0x00000000f5580000)
  object space 170496K, 34% used [0x00000000e0000000,0x00000000e39d98f8,0x00000000ea680000)
 Metaspace       used 61116K, capacity 69911K, committed 70012K, reserved 1110016K
  class space    used 7560K, capacity 10090K, committed 10160K, reserved 1048576K
}
Event: 93.743 GC heap before
{Heap before GC invocations=27 (full 3):
 PSYoungGen      total 143872K, used 134454K [0x00000000f5580000, 0x0000000100000000, 0x0000000100000000)
  eden space 115712K, 100% used [0x00000000f5580000,0x00000000fc680000,0x00000000fc680000)
  from space 28160K, 66% used [0x00000000fc680000,0x00000000fd8cda80,0x00000000fe200000)
  to   space 29184K, 0% used [0x00000000fe380000,0x00000000fe380000,0x0000000100000000)
 ParOldGen       total 170496K, used 59238K [0x00000000e0000000, 0x00000000ea680000, 0x00000000f5580000)
  object space 170496K, 34% used [0x00000000e0000000,0x00000000e39d98f8,0x00000000ea680000)
 Metaspace       used 61430K, capacity 70557K, committed 70780K, reserved 1110016K
  class space    used 7577K, capacity 10135K, committed 10160K, reserved 1048576K
Event: 93.788 GC heap after
Heap after GC invocations=27 (full 3):
 PSYoungGen      total 141312K, used 22656K [0x00000000f5580000, 0x0000000100000000, 0x0000000100000000)
  eden space 112128K, 0% used [0x00000000f5580000,0x00000000f5580000,0x00000000fc300000)
  from space 29184K, 77% used [0x00000000fe380000,0x00000000ff9a00c0,0x0000000100000000)
  to   space 31232K, 0% used [0x00000000fc300000,0x00000000fc300000,0x00000000fe180000)
 ParOldGen       total 170496K, used 59246K [0x00000000e0000000, 0x00000000ea680000, 0x00000000f5580000)
  object space 170496K, 34% used [0x00000000e0000000,0x00000000e39db8f8,0x00000000ea680000)
 Metaspace       used 61430K, capacity 70557K, committed 70780K, reserved 1110016K
  class space    used 7577K, capacity 10135K, committed 10160K, reserved 1048576K
}

Deoptimization events (10 events):
Event: 86.531 Thread 0x0000000018156800 Uncommon trap: reason=unstable_if action=reinterpret pc=0x000000000361afa8 method=org.robolectric.internal.bytecode.MethodRef.equals(Ljava/lang/Object;)Z @ 2
Event: 86.539 Thread 0x0000000017b4a800 Uncommon trap: reason=unstable_if action=reinterpret pc=0x0000000003b935f8 method=java.lang.Class.argumentTypesToString([Ljava/lang/Class;)Ljava/lang/String; @ 16
Event: 86.609 Thread 0x00000000182fd000 Uncommon trap: reason=unstable_if action=reinterpret pc=0x0000000003138db4 method=org.robolectric.res.android.ResTable_config.isBetterThan(Lorg/robolectric/res/android/ResTable_config;Lorg/robolectric/res/android/ResTable_config;)Z @ 898
Event: 86.907 Thread 0x00000000182fd000 Uncommon trap: reason=unstable_if action=reinterpret pc=0x0000000003a7b9cc method=org.robolectric.res.android.ResTable_config.match(Lorg/robolectric/res/android/ResTable_config;)Z @ 252
Event: 88.219 Thread 0x00000000182fd000 Uncommon trap: reason=bimorphic action=maybe_recompile pc=0x0000000003640c3c method=java.util.Hashtable.put(Ljava/lang/Object;Ljava/lang/Object;)Ljava/lang/Object; @ 18
Event: 88.220 Thread 0x00000000182fd000 Uncommon trap: reason=bimorphic action=maybe_recompile pc=0x0000000003640c3c method=java.util.Hashtable.put(Ljava/lang/Object;Ljava/lang/Object;)Ljava/lang/Object; @ 18
Event: 90.188 Thread 0x00000000182fd000 Uncommon trap: reason=class_check action=maybe_recompile pc=0x00000000035f18d8 method=java.lang.Character.codePointAt(Ljava/lang/CharSequence;I)I @ 2
Event: 90.189 Thread 0x00000000182fd000 Uncommon trap: reason=class_check action=maybe_recompile pc=0x00000000035f18d8 method=java.lang.Character.codePointAt(Ljava/lang/CharSequence;I)I @ 2
Event: 92.364 Thread 0x00000000182fd000 Uncommon trap: reason=unstable_if action=reinterpret pc=0x0000000003926810 method=com.google.common.base.Objects.equal(Ljava/lang/Object;Ljava/lang/Object;)Z @ 2
Event: 92.369 Thread 0x00000000182fd000 Uncommon trap: reason=unstable_if action=reinterpret pc=0x0000000003165860 method=com.google.common.base.Objects.equal(Ljava/lang/Object;Ljava/lang/Object;)Z @ 2

Internal exceptions (10 events):
Event: 84.774 Thread 0x00000000182fd000 Exception <a 'java/lang/AssertionError'> (0x00000000f95a9a60) thrown at [C:\re\workspace\8-2-build-windows-amd64-cygwin\jdk8u111\7883\hotspot\src\share\vm\prims\jni.cpp, line 709]
Event: 85.512 Thread 0x00000000182fd000 Implicit null exception at 0x0000000003ba4e97 to 0x0000000003ba4f6d
Event: 86.338 Thread 0x00000000182fd000 Exception <a 'java/lang/NoSuchMethodError': java.lang.Object.lambda$get$0(Ljava/lang/Object;)V> (0x00000000fb3699b0) thrown at [C:\re\workspace\8-2-build-windows-amd64-cygwin\jdk8u111\7883\hotspot\src\share\vm\interpreter\linkResolver.cpp, line 582]
Event: 86.509 Thread 0x0000000018156800 Exception <a 'java/lang/AssertionError'> (0x00000000f95a9a60) thrown at [C:\re\workspace\8-2-build-windows-amd64-cygwin\jdk8u111\7883\hotspot\src\share\vm\prims\jni.cpp, line 709]
Event: 86.539 Thread 0x0000000017b4a800 Implicit null exception at 0x0000000003b90baf to 0x0000000003b935dd
Event: 86.579 Thread 0x0000000017b4a800 Exception <a 'java/lang/NoSuchMethodError': <clinit>> (0x00000000fbaf4aa0) thrown at [C:\re\workspace\8-2-build-windows-amd64-cygwin\jdk8u111\7883\hotspot\src\share\vm\prims\jni.cpp, line 1613]
Event: 86.912 Thread 0x0000000017b4a800 Exception <a 'java/lang/NoSuchMethodError': <clinit>> (0x00000000f57d29f8) thrown at [C:\re\workspace\8-2-build-windows-amd64-cygwin\jdk8u111\7883\hotspot\src\share\vm\prims\jni.cpp, line 1613]
Event: 86.912 Thread 0x00000000182fd000 Exception <a 'sun/nio/fs/WindowsException'> (0x00000000f56aa640) thrown at [C:\re\workspace\8-2-build-windows-amd64-cygwin\jdk8u111\7883\hotspot\src\share\vm\prims\jni.cpp, line 709]
Event: 90.501 Thread 0x00000000182fd000 Exception <a 'sun/nio/fs/WindowsException'> (0x00000000fbafaf40) thrown at [C:\re\workspace\8-2-build-windows-amd64-cygwin\jdk8u111\7883\hotspot\src\share\vm\prims\jni.cpp, line 709]
Event: 93.241 Thread 0x00000000182fd000 Exception <a 'sun/nio/fs/WindowsException'> (0x00000000fabbc6e0) thrown at [C:\re\workspace\8-2-build-windows-amd64-cygwin\jdk8u111\7883\hotspot\src\share\vm\prims\jni.cpp, line 709]

Events (10 events):
Event: 92.901 loading class org/aplas/mylibrary/TestC1MyData021
Event: 92.901 loading class org/aplas/mylibrary/TestC1MyData021 done
Event: 93.743 Executing VM operation: ParallelGCFailedAllocation
Event: 93.788 Executing VM operation: ParallelGCFailedAllocation done
Event: 93.789 Executing VM operation: RevokeBias
Event: 93.790 Executing VM operation: RevokeBias done
Event: 93.791 Executing VM operation: RevokeBias
Event: 93.791 Executing VM operation: RevokeBias done
Event: 94.725 Thread 0x000000001aac1000 Thread added: 0x000000001aac1000
Event: 94.727 Executing VM operation: RevokeBias


Dynamic libraries:
0x00007ff62e4a0000 - 0x00007ff62e4d7000 	C:\Program Files\Java\jdk1.8.0_111\bin\java.exe
0x00007ffdb2090000 - 0x00007ffdb2285000 	C:\WINDOWS\SYSTEM32\ntdll.dll
0x00007ffdb1180000 - 0x00007ffdb123e000 	C:\WINDOWS\System32\KERNEL32.DLL
0x00007ffdafc20000 - 0x00007ffdafee9000 	C:\WINDOWS\System32\KERNELBASE.dll
0x00007ffdb02f0000 - 0x00007ffdb039c000 	C:\WINDOWS\System32\ADVAPI32.dll
0x00007ffdb1910000 - 0x00007ffdb19ae000 	C:\WINDOWS\System32\msvcrt.dll
0x00007ffdb1390000 - 0x00007ffdb142b000 	C:\WINDOWS\System32\sechost.dll
0x00007ffdb17e0000 - 0x00007ffdb190a000 	C:\WINDOWS\System32\RPCRT4.dll
0x00007ffdb0890000 - 0x00007ffdb0a31000 	C:\WINDOWS\System32\USER32.dll
0x00007ffdaf7b0000 - 0x00007ffdaf7d2000 	C:\WINDOWS\System32\win32u.dll
0x00007ffdb02c0000 - 0x00007ffdb02eb000 	C:\WINDOWS\System32\GDI32.dll
0x00007ffdaff40000 - 0x00007ffdb004b000 	C:\WINDOWS\System32\gdi32full.dll
0x00007ffdaf920000 - 0x00007ffdaf9bd000 	C:\WINDOWS\System32\msvcp_win.dll
0x00007ffdaf9c0000 - 0x00007ffdafac0000 	C:\WINDOWS\System32\ucrtbase.dll
0x00007ffd6dee0000 - 0x00007ffd6e17a000 	C:\WINDOWS\WinSxS\amd64_microsoft.windows.common-controls_6595b64144ccf1df_6.0.19041.1110_none_60b5254171f9507e\COMCTL32.dll
0x00007ffdb1fc0000 - 0x00007ffdb1ff0000 	C:\WINDOWS\System32\IMM32.DLL
0x0000000064950000 - 0x0000000064a22000 	C:\Program Files\Java\jdk1.8.0_111\jre\bin\msvcr100.dll
0x00000000626d0000 - 0x0000000062f6a000 	C:\Program Files\Java\jdk1.8.0_111\jre\bin\server\jvm.dll
0x00007ffdb1f20000 - 0x00007ffdb1f28000 	C:\WINDOWS\System32\PSAPI.DLL
0x00007ffdab1d0000 - 0x00007ffdab1d9000 	C:\WINDOWS\SYSTEM32\WSOCK32.dll
0x00007ffdb1240000 - 0x00007ffdb12ab000 	C:\WINDOWS\System32\WS2_32.dll
0x00007ffd9cb90000 - 0x00007ffd9cbb7000 	C:\WINDOWS\SYSTEM32\WINMM.dll
0x00007ffda8eb0000 - 0x00007ffda8eba000 	C:\WINDOWS\SYSTEM32\VERSION.dll
0x0000000064940000 - 0x000000006494f000 	C:\Program Files\Java\jdk1.8.0_111\jre\bin\verify.dll
0x00000000626a0000 - 0x00000000626c9000 	C:\Program Files\Java\jdk1.8.0_111\jre\bin\java.dll
0x0000000062680000 - 0x0000000062696000 	C:\Program Files\Java\jdk1.8.0_111\jre\bin\zip.dll
0x00007ffdb0a40000 - 0x00007ffdb117f000 	C:\WINDOWS\System32\SHELL32.dll
0x00007ffdad870000 - 0x00007ffdae000000 	C:\WINDOWS\SYSTEM32\windows.storage.dll
0x00007ffdb03a0000 - 0x00007ffdb06f5000 	C:\WINDOWS\System32\combase.dll
0x00007ffdaf130000 - 0x00007ffdaf15c000 	C:\WINDOWS\SYSTEM32\Wldp.dll
0x00007ffdb16b0000 - 0x00007ffdb175d000 	C:\WINDOWS\System32\SHCORE.dll
0x00007ffdb1ff0000 - 0x00007ffdb2045000 	C:\WINDOWS\System32\shlwapi.dll
0x00007ffdaf6f0000 - 0x00007ffdaf70f000 	C:\WINDOWS\SYSTEM32\profapi.dll
0x0000000062660000 - 0x000000006267a000 	C:\Program Files\Java\jdk1.8.0_111\jre\bin\net.dll
0x00007ffdaee90000 - 0x00007ffdaeefa000 	C:\WINDOWS\system32\mswsock.dll
0x0000000062640000 - 0x0000000062651000 	C:\Program Files\Java\jdk1.8.0_111\jre\bin\nio.dll
0x00007ffdaf080000 - 0x00007ffdaf098000 	C:\WINDOWS\SYSTEM32\CRYPTSP.dll
0x00007ffdae810000 - 0x00007ffdae844000 	C:\WINDOWS\system32\rsaenh.dll
0x00007ffdb00b0000 - 0x00007ffdb00d7000 	C:\WINDOWS\System32\bcrypt.dll
0x00007ffdaf670000 - 0x00007ffdaf69e000 	C:\WINDOWS\SYSTEM32\USERENV.dll
0x00007ffdaf7e0000 - 0x00007ffdaf863000 	C:\WINDOWS\System32\bcryptprimitives.dll
0x00007ffdaf0a0000 - 0x00007ffdaf0ac000 	C:\WINDOWS\SYSTEM32\CRYPTBASE.dll
0x00007ffdaeb80000 - 0x00007ffdaebbb000 	C:\WINDOWS\SYSTEM32\IPHLPAPI.DLL
0x00007ffdb0880000 - 0x00007ffdb0888000 	C:\WINDOWS\System32\NSI.dll
0x00007ffdad450000 - 0x00007ffdad467000 	C:\WINDOWS\SYSTEM32\dhcpcsvc6.DLL
0x00007ffdad430000 - 0x00007ffdad44d000 	C:\WINDOWS\SYSTEM32\dhcpcsvc.DLL
0x00007ffdaebc0000 - 0x00007ffdaec8c000 	C:\WINDOWS\SYSTEM32\DNSAPI.dll
0x0000000062600000 - 0x0000000062624000 	C:\Program Files\Java\jdk1.8.0_111\jre\bin\sunec.dll
0x00000000625f0000 - 0x00000000625fb000 	C:\Program Files\Java\jdk1.8.0_111\jre\bin\sunmscapi.dll
0x00007ffdafac0000 - 0x00007ffdafc16000 	C:\WINDOWS\System32\CRYPT32.dll
0x0000000062450000 - 0x00000000625e8000 	C:\Program Files\Java\jdk1.8.0_111\jre\bin\awt.dll
0x00007ffdb19d0000 - 0x00007ffdb1a9d000 	C:\WINDOWS\System32\OLEAUT32.dll
0x00007ffdacbe0000 - 0x00007ffdacc70000 	C:\WINDOWS\SYSTEM32\apphelp.dll
0x00007ffdad680000 - 0x00007ffdad864000 	C:\WINDOWS\SYSTEM32\dbghelp.dll

VM Arguments:
jvm_args: -Djava.awt.headless=true -Djava.security.manager=worker.org.gradle.process.internal.worker.child.BootstrapSecurityManager -Dorg.gradle.native=false -Xmx512m -Dfile.encoding=windows-1252 -Duser.country=AU -Duser.language=en -Duser.variant -ea 
java_command: worker.org.gradle.process.internal.worker.GradleWorkerMain 'Gradle Test Executor 3'
java_class_path (initial): C:\Users\HP\.gradle\caches\6.1.1\workerMain\gradle-worker.jar
Launcher Type: SUN_STANDARD

Environment Variables:
PATH=C:\Program Files\Microsoft MPI\Bin\;C:\Program Files\Java\jdk-14.0.1\bin;C:\WINDOWS\system32;C:\WINDOWS;C:\WINDOWS\System32\Wbem;C:\WINDOWS\System32\WindowsPowerShell\v1.0\;C:\WINDOWS\System32\OpenSSH\;C:\Program Files\Git\cmd;C:\Program Files\Git\mingw64\bin;C:\Program Files\Git\usr\bin;C:\Program Files\Microsoft SQL Server\Client SDK\ODBC\170\Tools\Binn\;C:\Program Files (x86)\Microsoft SQL Server\150\Tools\Binn\;C:\Program Files\Microsoft SQL Server\150\Tools\Binn\;C:\Program Files\Microsoft SQL Server\150\DTS\Binn\;C:\Program Files (x86)\Microsoft SQL Server\150\DTS\Binn\;C:\Program Files\Microsoft SQL Server\Client SDK\ODBC\130\Tools\Binn\;C:\Users\HP\AppData\Roaming\Python\Python39\Scripts;C:\xampp\php;C:\ProgramData\ComposerSetup\bin;C:\Program Files\nodejs\;C:\Program Files\Microsoft SQL Server\130\Tools\Binn\;C:\Program Files (x86)\Microsoft SQL Server\110\DTS\Binn\;C:\Program Files (x86)\Microsoft SQL Server\120\DTS\Binn\;C:\Program Files (x86)\Microsoft SQL Server\130\DTS\Binn\;C:\Program Files (x86)\Microsoft SQL Server\140\DTS\Binn\;C:\Program Files\PuTTY\;D:\Flutter\flutter\bin;C:\Users\HP\AppData\Local\Programs\Microsoft VS Code\bin
USERNAME=HP
OS=Windows_NT
PROCESSOR_IDENTIFIER=AMD64 Family 23 Model 24 Stepping 1, AuthenticAMD



---------------  S Y S T E M  ---------------

OS: Windows 10.0 , 64 bit Build 19041 (10.0.19041.1202)

CPU:total 8 (8 cores per cpu, 1 threads per core) family 23 model 24 stepping 1, cmov, cx8, fxsr, mmx, sse, sse2, sse3, ssse3, sse4.1, sse4.2, popcnt, avx, avx2, aes, clmul, mmxext, 3dnowpref, lzcnt, sse4a, tsc, tscinvbit, tscinv, bmi1

Memory: 4k page, physical 6203584k(350860k free), swap 21407936k(7074392k free)

vm_info: Java HotSpot(TM) 64-Bit Server VM (25.111-b14) for windows-amd64 JRE (1.8.0_111-b14), built on Sep 22 2016 19:24:05 by "java_re" with MS VC++ 10.0 (VS2010)

time: Wed Nov 03 19:55:52 2021
elapsed time: 94 seconds (0d 0h 1m 34s)

