#
# A fatal error has been detected by the Java Runtime Environment:
#
#  EXCEPTION_ACCESS_VIOLATION (0xc0000005) at pc=0x0000000062713608, pid=9584, tid=0x0000000000005874
#
# JRE version: Java(TM) SE Runtime Environment (8.0_111-b14) (build 1.8.0_111-b14)
# Java VM: Java HotSpot(TM) 64-Bit Server VM (25.111-b14 mixed mode windows-amd64 compressed oops)
# Problematic frame:
# V  [jvm.dll+0x43608]
#
# Failed to write core dump. Minidumps are not enabled by default on client versions of Windows
#
# If you would like to submit a bug report, please visit:
#   http://bugreport.java.com/bugreport/crash.jsp
#

---------------  T H R E A D  ---------------

Current thread (0x00000000164a2000):  JavaThread "C1 CompilerThread3" daemon [_thread_in_vm, id=22644, stack(0x0000000017030000,0x0000000017130000)]

siginfo: ExceptionCode=0xc0000005, reading address 0xffffffffffffffff

Registers:
RAX=0x00000000164a2000, RBX=0x0000000002c15620, RCX=0x0000000002c15620, RDX=0x0000000002c15620
RSP=0x000000001712d0d0, RBP=0x00000000164d6260, RSI=0x0000000002c15620, RDI=0x0000000000000000
R8 =0x3cccc588ffff0013, R9 =0x0000000000000000, R10=0x00000000164d6490, R11=0x000000001a920cb0
R12=0x00000000164a2000, R13=0x00000000164d6260, R14=0x000000001b688cc0, R15=0x0000000000000000
RIP=0x0000000062713608, EFLAGS=0x0000000000010202

Top of Stack: (sp=0x000000001712d0d0)
0x000000001712d0d0:   00000000000000b6 000000001712f680
0x000000001712d0e0:   0000000000000000 0000000000000077
0x000000001712d0f0:   000000001bf32548 000000001712f680
0x000000001712d100:   000000001712d1e0 00000000626ffe25
0x000000001712d110:   00000000000000ea 0000000062713999
0x000000001712d120:   0000000000000077 0000000000000077
0x000000001712d130:   0000000000000000 0000000000000000
0x000000001712d140:   00000000000000b6 0000000017ceb8c0
0x000000001712d150:   0000000002bc9ea0 0000000062711c6b
0x000000001712d160:   0000000000000000 00000000164a2000
0x000000001712d170:   000000001b68a480 00000000626fce0f
0x000000001712d180:   00000000164a2000 0000000062716f80
0x000000001712d190:   00000000164a2000 00000000164a2000
0x000000001712d1a0:   0000000017ceb8c0 0000000062af0aeb
0x000000001712d1b0:   0000000000000000 0000000000000000
0x000000001712d1c0:   000000001b68a480 0000000000000000 

Instructions: (pc=0x0000000062713608)
0x00000000627135e8:   00 48 8b da ff 15 fe 7d 59 00 44 0f b6 05 5a d9
0x00000000627135f8:   7a 00 4c 8b e0 45 84 c0 74 39 4c 8b 03 48 8b cb
0x0000000062713608:   41 ff 50 08 84 c0 74 2b 83 7b 08 00 7e 25 0f b6
0x0000000062713618:   83 0e 01 00 00 c0 e8 03 a8 01 74 17 48 8b 03 48 


Register to memory mapping:

RAX=0x00000000164a2000 is a thread
RBX=0x0000000002c15620 is an unknown value
RCX=0x0000000002c15620 is an unknown value
RDX=0x0000000002c15620 is an unknown value
RSP=0x000000001712d0d0 is pointing into the stack for thread: 0x00000000164a2000
RBP=0x00000000164d6260 is an unknown value
RSI=0x0000000002c15620 is an unknown value
RDI=0x0000000000000000 is an unknown value
R8 =0x3cccc588ffff0013 is an unknown value
R9 =0x0000000000000000 is an unknown value
R10=0x00000000164d6490 is an unknown value
R11=0x000000001a920cb0 is an unknown value
R12=0x00000000164a2000 is a thread
R13=0x00000000164d6260 is an unknown value
R14=0x000000001b688cc0 is an unknown value
R15=0x0000000000000000 is an unknown value


Stack: [0x0000000017030000,0x0000000017130000],  sp=0x000000001712d0d0,  free space=1012k
Native frames: (J=compiled Java code, j=interpreted, Vv=VM code, C=native code)
V  [jvm.dll+0x43608]
V  [jvm.dll+0x43999]
V  [jvm.dll+0x41c6b]
V  [jvm.dll+0x420aeb]
V  [jvm.dll+0x41b8da]
V  [jvm.dll+0x41e727]
V  [jvm.dll+0x41eeeb]
V  [jvm.dll+0x41fde6]
V  [jvm.dll+0x420048]
V  [jvm.dll+0x42047b]
V  [jvm.dll+0x41ffd5]
V  [jvm.dll+0x41bd3b]
V  [jvm.dll+0x41e727]
V  [jvm.dll+0x41eeeb]
V  [jvm.dll+0x41fde6]
V  [jvm.dll+0x420048]
V  [jvm.dll+0x42047b]
V  [jvm.dll+0x41ffd5]
V  [jvm.dll+0x41bd3b]
V  [jvm.dll+0x41e727]
V  [jvm.dll+0x41f01d]
V  [jvm.dll+0x41fde6]
V  [jvm.dll+0x420048]
V  [jvm.dll+0x42047b]
V  [jvm.dll+0x41ffd5]
V  [jvm.dll+0x41bd3b]
V  [jvm.dll+0x41e727]
V  [jvm.dll+0x41eeeb]
V  [jvm.dll+0x41fde6]
V  [jvm.dll+0x420048]
V  [jvm.dll+0x42047b]
V  [jvm.dll+0x41ffd5]
V  [jvm.dll+0x41bd3b]
V  [jvm.dll+0x41e727]
V  [jvm.dll+0x41f01d]
V  [jvm.dll+0x41fde6]
V  [jvm.dll+0x420048]
V  [jvm.dll+0x42047b]
V  [jvm.dll+0x41ffd5]
V  [jvm.dll+0x41bd3b]
V  [jvm.dll+0x41e727]
V  [jvm.dll+0x41eeeb]
V  [jvm.dll+0x41fde6]
V  [jvm.dll+0x420048]
V  [jvm.dll+0x41bd3b]
V  [jvm.dll+0x41e727]
V  [jvm.dll+0x41eeeb]
V  [jvm.dll+0x41fde6]
V  [jvm.dll+0x420048]
V  [jvm.dll+0x41bd3b]
V  [jvm.dll+0x41e727]
V  [jvm.dll+0x41f01d]
V  [jvm.dll+0x41f412]
V  [jvm.dll+0x4244f5]
V  [jvm.dll+0x424600]
V  [jvm.dll+0x40ddb8]
V  [jvm.dll+0x40e021]
V  [jvm.dll+0x40e1e2]
V  [jvm.dll+0x40e3b1]
V  [jvm.dll+0x40e5bf]
V  [jvm.dll+0xa5742]
V  [jvm.dll+0xa607f]
V  [jvm.dll+0x244b7f]
V  [jvm.dll+0x29c43a]
C  [msvcr100.dll+0x21d9f]
C  [msvcr100.dll+0x21e3b]
C  [KERNEL32.DLL+0x17034]
C  [ntdll.dll+0x52651]


Current CompileTask:
C1:  32460 6615       3       android.content.res.TypedArray::$$robo$$android_content_res_TypedArray$loadStringValueAt (51 bytes)


---------------  P R O C E S S  ---------------

Java Threads: ( => current thread )
  0x000000001aa4a800 JavaThread "Java2D Disposer" daemon [_thread_blocked, id=21004, stack(0x000000001e780000,0x000000001e880000)]
  0x0000000017f62800 JavaThread "SDK 28 Main Thread" [_thread_in_vm, id=20556, stack(0x0000000019440000,0x0000000019540000)]
  0x0000000017c5f000 JavaThread "/127.0.0.1:61803 to /127.0.0.1:61802 workers Thread 3" [_thread_in_native, id=19892, stack(0x0000000019140000,0x0000000019240000)]
  0x00000000179f9000 JavaThread "/127.0.0.1:61803 to /127.0.0.1:61802 workers Thread 2" [_thread_blocked, id=808, stack(0x0000000019040000,0x0000000019140000)]
  0x0000000017927800 JavaThread "Test worker" [_thread_blocked, id=1392, stack(0x0000000018c00000,0x0000000018d00000)]
  0x00000000164f0800 JavaThread "Service Thread" daemon [_thread_blocked, id=13648, stack(0x0000000017130000,0x0000000017230000)]
=>0x00000000164a2000 JavaThread "C1 CompilerThread3" daemon [_thread_in_vm, id=22644, stack(0x0000000017030000,0x0000000017130000)]
  0x000000001649a800 JavaThread "C2 CompilerThread2" daemon [_thread_blocked, id=18580, stack(0x0000000016f30000,0x0000000017030000)]
  0x0000000016492000 JavaThread "C2 CompilerThread1" daemon [_thread_blocked, id=23448, stack(0x0000000016e30000,0x0000000016f30000)]
  0x0000000016491000 JavaThread "C2 CompilerThread0" daemon [_thread_blocked, id=18440, stack(0x0000000016d30000,0x0000000016e30000)]
  0x000000001648e800 JavaThread "Attach Listener" daemon [_thread_blocked, id=1804, stack(0x0000000016c30000,0x0000000016d30000)]
  0x000000001648d800 JavaThread "Signal Dispatcher" daemon [_thread_blocked, id=22920, stack(0x0000000016b30000,0x0000000016c30000)]
  0x0000000016410800 JavaThread "Finalizer" daemon [_thread_blocked, id=24444, stack(0x00000000167f0000,0x00000000168f0000)]
  0x0000000002cb6000 JavaThread "Reference Handler" daemon [_thread_blocked, id=11304, stack(0x00000000162f0000,0x00000000163f0000)]
  0x0000000002bbe000 JavaThread "main" [_thread_blocked, id=14192, stack(0x0000000002a50000,0x0000000002b50000)]

Other Threads:
  0x000000001452a000 VMThread [stack: 0x00000000161f0000,0x00000000162f0000] [id=2568]
  0x0000000016601000 WatcherThread [stack: 0x0000000017230000,0x0000000017330000] [id=15248]

VM state:not at safepoint (normal execution)

VM Mutex/Monitor currently owned by a thread: None

Heap:
 PSYoungGen      total 147456K, used 83210K [0x00000000f5580000, 0x0000000100000000, 0x0000000100000000)
  eden space 128512K, 50% used [0x00000000f5580000,0x00000000f9443698,0x00000000fd300000)
  from space 18944K, 99% used [0x00000000fed80000,0x00000000fffff418,0x0000000100000000)
  to   space 23040K, 0% used [0x00000000fd300000,0x00000000fd300000,0x00000000fe980000)
 ParOldGen       total 160768K, used 61838K [0x00000000e0000000, 0x00000000e9d00000, 0x00000000f5580000)
  object space 160768K, 38% used [0x00000000e0000000,0x00000000e3c63808,0x00000000e9d00000)
 Metaspace       used 63110K, capacity 72858K, committed 73088K, reserved 1112064K
  class space    used 7905K, capacity 10611K, committed 10624K, reserved 1048576K

Card table byte_map: [0x0000000012080000,0x0000000012190000] byte_map_base: 0x0000000011980000

Marking Bits: (ParMarkBitMap*) 0x0000000062eea6c0
 Begin Bits: [0x0000000012a40000, 0x0000000013240000)
 End Bits:   [0x0000000013240000, 0x0000000013a40000)

Polling page: 0x0000000002b50000

CodeCache: size=245760Kb used=19438Kb max_used=19438Kb free=226321Kb
 bounds [0x0000000002cc0000, 0x0000000003fd0000, 0x0000000011cc0000]
 total_blobs=7110 nmethods=5518 adapters=1505
 compilation: enabled

Compilation events (10 events):
Event: 32.343 Thread 0x00000000164a2000 nmethod 6610 0x0000000003fba8d0 code [0x0000000003fbaa60, 0x0000000003fbaf58]
Event: 32.344 Thread 0x00000000164a2000 6612       3       java.lang.invoke.LambdaForm$MH/1720178726::delegate (19 bytes)
Event: 32.344 Thread 0x00000000164a2000 nmethod 6612 0x0000000003fbb090 code [0x0000000003fbb220, 0x0000000003fbb6c8]
Event: 32.344 Thread 0x00000000164a2000 6611       3       android.content.res.AssetManager::getPooledStringForCookie (9 bytes)
Event: 32.350 Thread 0x00000000164a2000 nmethod 6611 0x0000000003fbb810 code [0x0000000003fbbe00, 0x0000000003fbfbb8]
Event: 32.350 Thread 0x00000000164a2000 6613       3       android.util.SparseArray::valueAt (8 bytes)
Event: 32.355 Thread 0x00000000164a2000 nmethod 6613 0x0000000003fc55d0 code [0x0000000003fc5a40, 0x0000000003fc8578]
Event: 32.355 Thread 0x00000000164a2000 6614       3       android.util.SparseArray::$$robo$$android_util_SparseArray$valueAt (18 bytes)
Event: 32.357 Thread 0x00000000164a2000 nmethod 6614 0x0000000003fcb690 code [0x0000000003fcb920, 0x0000000003fcca58]
Event: 32.375 Thread 0x00000000164a2000 6615       3       android.content.res.TypedArray::$$robo$$android_content_res_TypedArray$loadStringValueAt (51 bytes)

GC Heap History (10 events):
Event: 22.890 GC heap before
{Heap before GC invocations=19 (full 3):
 PSYoungGen      total 157696K, used 145519K [0x00000000f5580000, 0x0000000100000000, 0x0000000100000000)
  eden space 140800K, 100% used [0x00000000f5580000,0x00000000fdf00000,0x00000000fdf00000)
  from space 16896K, 27% used [0x00000000fdf00000,0x00000000fe39bd38,0x00000000fef80000)
  to   space 16896K, 0% used [0x00000000fef80000,0x00000000fef80000,0x0000000100000000)
 ParOldGen       total 160768K, used 59782K [0x00000000e0000000, 0x00000000e9d00000, 0x00000000f5580000)
  object space 160768K, 37% used [0x00000000e0000000,0x00000000e3a618b8,0x00000000e9d00000)
 Metaspace       used 52470K, capacity 58380K, committed 58624K, reserved 1099776K
  class space    used 6278K, capacity 8073K, committed 8192K, reserved 1048576K
Event: 22.902 GC heap after
Heap after GC invocations=19 (full 3):
 PSYoungGen      total 155648K, used 7939K [0x00000000f5580000, 0x00000000ffe00000, 0x0000000100000000)
  eden space 140800K, 0% used [0x00000000f5580000,0x00000000f5580000,0x00000000fdf00000)
  from space 14848K, 53% used [0x00000000fef80000,0x00000000ff740e70,0x00000000ffe00000)
  to   space 15872K, 0% used [0x00000000fdf00000,0x00000000fdf00000,0x00000000fee80000)
 ParOldGen       total 160768K, used 59790K [0x00000000e0000000, 0x00000000e9d00000, 0x00000000f5580000)
  object space 160768K, 37% used [0x00000000e0000000,0x00000000e3a638b8,0x00000000e9d00000)
 Metaspace       used 52470K, capacity 58380K, committed 58624K, reserved 1099776K
  class space    used 6278K, capacity 8073K, committed 8192K, reserved 1048576K
}
Event: 24.644 GC heap before
{Heap before GC invocations=20 (full 3):
 PSYoungGen      total 155648K, used 148739K [0x00000000f5580000, 0x00000000ffe00000, 0x0000000100000000)
  eden space 140800K, 100% used [0x00000000f5580000,0x00000000fdf00000,0x00000000fdf00000)
  from space 14848K, 53% used [0x00000000fef80000,0x00000000ff740e70,0x00000000ffe00000)
  to   space 15872K, 0% used [0x00000000fdf00000,0x00000000fdf00000,0x00000000fee80000)
 ParOldGen       total 160768K, used 59790K [0x00000000e0000000, 0x00000000e9d00000, 0x00000000f5580000)
  object space 160768K, 37% used [0x00000000e0000000,0x00000000e3a638b8,0x00000000e9d00000)
 Metaspace       used 55057K, capacity 61280K, committed 61440K, reserved 1101824K
  class space    used 6541K, capacity 8391K, committed 8448K, reserved 1048576K
Event: 24.666 GC heap after
Heap after GC invocations=20 (full 3):
 PSYoungGen      total 156672K, used 10387K [0x00000000f5580000, 0x0000000100000000, 0x0000000100000000)
  eden space 140800K, 0% used [0x00000000f5580000,0x00000000f5580000,0x00000000fdf00000)
  from space 15872K, 65% used [0x00000000fdf00000,0x00000000fe924c08,0x00000000fee80000)
  to   space 15872K, 0% used [0x00000000ff080000,0x00000000ff080000,0x0000000100000000)
 ParOldGen       total 160768K, used 59798K [0x00000000e0000000, 0x00000000e9d00000, 0x00000000f5580000)
  object space 160768K, 37% used [0x00000000e0000000,0x00000000e3a658b8,0x00000000e9d00000)
 Metaspace       used 55057K, capacity 61280K, committed 61440K, reserved 1101824K
  class space    used 6541K, capacity 8391K, committed 8448K, reserved 1048576K
}
Event: 27.802 GC heap before
{Heap before GC invocations=21 (full 3):
 PSYoungGen      total 156672K, used 151187K [0x00000000f5580000, 0x0000000100000000, 0x0000000100000000)
  eden space 140800K, 100% used [0x00000000f5580000,0x00000000fdf00000,0x00000000fdf00000)
  from space 15872K, 65% used [0x00000000fdf00000,0x00000000fe924c08,0x00000000fee80000)
  to   space 15872K, 0% used [0x00000000ff080000,0x00000000ff080000,0x0000000100000000)
 ParOldGen       total 160768K, used 59798K [0x00000000e0000000, 0x00000000e9d00000, 0x00000000f5580000)
  object space 160768K, 37% used [0x00000000e0000000,0x00000000e3a658b8,0x00000000e9d00000)
 Metaspace       used 59788K, capacity 68530K, committed 68736K, reserved 1107968K
  class space    used 7488K, capacity 10011K, committed 10112K, reserved 1048576K
Event: 27.851 GC heap after
Heap after GC invocations=21 (full 3):
 PSYoungGen      total 154624K, used 15544K [0x00000000f5580000, 0x0000000100000000, 0x0000000100000000)
  eden space 138752K, 0% used [0x00000000f5580000,0x00000000f5580000,0x00000000fdd00000)
  from space 15872K, 97% used [0x00000000ff080000,0x00000000fffae2c8,0x0000000100000000)
  to   space 17920K, 0% used [0x00000000fdd00000,0x00000000fdd00000,0x00000000fee80000)
 ParOldGen       total 160768K, used 59806K [0x00000000e0000000, 0x00000000e9d00000, 0x00000000f5580000)
  object space 160768K, 37% used [0x00000000e0000000,0x00000000e3a678b8,0x00000000e9d00000)
 Metaspace       used 59788K, capacity 68530K, committed 68736K, reserved 1107968K
  class space    used 7488K, capacity 10011K, committed 10112K, reserved 1048576K
}
Event: 29.235 GC heap before
{Heap before GC invocations=22 (full 3):
 PSYoungGen      total 154624K, used 154296K [0x00000000f5580000, 0x0000000100000000, 0x0000000100000000)
  eden space 138752K, 100% used [0x00000000f5580000,0x00000000fdd00000,0x00000000fdd00000)
  from space 15872K, 97% used [0x00000000ff080000,0x00000000fffae2c8,0x0000000100000000)
  to   space 17920K, 0% used [0x00000000fdd00000,0x00000000fdd00000,0x00000000fee80000)
 ParOldGen       total 160768K, used 59806K [0x00000000e0000000, 0x00000000e9d00000, 0x00000000f5580000)
  object space 160768K, 37% used [0x00000000e0000000,0x00000000e3a678b8,0x00000000e9d00000)
 Metaspace       used 61007K, capacity 70186K, committed 70272K, reserved 1110016K
  class space    used 7697K, capacity 10289K, committed 10368K, reserved 1048576K
Event: 29.263 GC heap after
Heap after GC invocations=22 (full 3):
 PSYoungGen      total 155648K, used 16395K [0x00000000f5580000, 0x0000000100000000, 0x0000000100000000)
  eden space 138752K, 0% used [0x00000000f5580000,0x00000000f5580000,0x00000000fdd00000)
  from space 16896K, 97% used [0x00000000fdd00000,0x00000000fed02d28,0x00000000fed80000)
  to   space 18944K, 0% used [0x00000000fed80000,0x00000000fed80000,0x0000000100000000)
 ParOldGen       total 160768K, used 59814K [0x00000000e0000000, 0x00000000e9d00000, 0x00000000f5580000)
  object space 160768K, 37% used [0x00000000e0000000,0x00000000e3a698b8,0x00000000e9d00000)
 Metaspace       used 61007K, capacity 70186K, committed 70272K, reserved 1110016K
  class space    used 7697K, capacity 10289K, committed 10368K, reserved 1048576K
}
Event: 31.402 GC heap before
{Heap before GC invocations=23 (full 3):
 PSYoungGen      total 155648K, used 155147K [0x00000000f5580000, 0x0000000100000000, 0x0000000100000000)
  eden space 138752K, 100% used [0x00000000f5580000,0x00000000fdd00000,0x00000000fdd00000)
  from space 16896K, 97% used [0x00000000fdd00000,0x00000000fed02d28,0x00000000fed80000)
  to   space 18944K, 0% used [0x00000000fed80000,0x00000000fed80000,0x0000000100000000)
 ParOldGen       total 160768K, used 59814K [0x00000000e0000000, 0x00000000e9d00000, 0x00000000f5580000)
  object space 160768K, 37% used [0x00000000e0000000,0x00000000e3a698b8,0x00000000e9d00000)
 Metaspace       used 62923K, capacity 72440K, committed 72576K, reserved 1112064K
  class space    used 7889K, capacity 10583K, committed 10624K, reserved 1048576K
Event: 31.464 GC heap after
Heap after GC invocations=23 (full 3):
 PSYoungGen      total 147456K, used 18941K [0x00000000f5580000, 0x0000000100000000, 0x0000000100000000)
  eden space 128512K, 0% used [0x00000000f5580000,0x00000000f5580000,0x00000000fd300000)
  from space 18944K, 99% used [0x00000000fed80000,0x00000000fffff418,0x0000000100000000)
  to   space 23040K, 0% used [0x00000000fd300000,0x00000000fd300000,0x00000000fe980000)
 ParOldGen       total 160768K, used 61838K [0x00000000e0000000, 0x00000000e9d00000, 0x00000000f5580000)
  object space 160768K, 38% used [0x00000000e0000000,0x00000000e3c63808,0x00000000e9d00000)
 Metaspace       used 62923K, capacity 72440K, committed 72576K, reserved 1112064K
  class space    used 7889K, capacity 10583K, committed 10624K, reserved 1048576K
}

Deoptimization events (10 events):
Event: 30.568 Thread 0x0000000017927800 Uncommon trap: reason=bimorphic action=maybe_recompile pc=0x000000000397692c method=java.util.regex.Pattern$Curly.match0(Ljava/util/regex/Matcher;IILjava/lang/CharSequence;)Z @ 77
Event: 30.568 Thread 0x0000000017927800 Uncommon trap: reason=bimorphic action=maybe_recompile pc=0x000000000397692c method=java.util.regex.Pattern$Curly.match0(Ljava/util/regex/Matcher;IILjava/lang/CharSequence;)Z @ 77
Event: 30.570 Thread 0x0000000017927800 Uncommon trap: reason=unstable_if action=reinterpret pc=0x0000000003a23fc8 method=com.google.common.collect.Iterators.forArray([Ljava/lang/Object;III)Lcom/google/common/collect/UnmodifiableListIterator; @ 32
Event: 30.573 Thread 0x0000000017927800 Uncommon trap: reason=class_check action=maybe_recompile pc=0x000000000358ec24 method=com.google.common.collect.ImmutableSet$RegularSetBuilderImpl.add(Ljava/lang/Object;)Lcom/google/common/collect/ImmutableSet$SetBuilderImpl; @ 6
Event: 30.573 Thread 0x0000000017927800 Uncommon trap: reason=class_check action=maybe_recompile pc=0x000000000358ec24 method=com.google.common.collect.ImmutableSet$RegularSetBuilderImpl.add(Ljava/lang/Object;)Lcom/google/common/collect/ImmutableSet$SetBuilderImpl; @ 6
Event: 30.573 Thread 0x0000000017927800 Uncommon trap: reason=class_check action=maybe_recompile pc=0x000000000358ec24 method=com.google.common.collect.ImmutableSet$RegularSetBuilderImpl.add(Ljava/lang/Object;)Lcom/google/common/collect/ImmutableSet$SetBuilderImpl; @ 6
Event: 30.573 Thread 0x0000000017927800 Uncommon trap: reason=class_check action=maybe_recompile pc=0x000000000358ec24 method=com.google.common.collect.ImmutableSet$RegularSetBuilderImpl.add(Ljava/lang/Object;)Lcom/google/common/collect/ImmutableSet$SetBuilderImpl; @ 6
Event: 30.574 Thread 0x0000000017927800 Uncommon trap: reason=unstable_if action=reinterpret pc=0x000000000330d228 method=org.robolectric.internal.bytecode.MethodRef.equals(Ljava/lang/Object;)Z @ 2
Event: 30.652 Thread 0x0000000017f62800 Uncommon trap: reason=unstable_if action=reinterpret pc=0x0000000003a85134 method=org.robolectric.res.android.ResTable_config.isBetterThan(Lorg/robolectric/res/android/ResTable_config;Lorg/robolectric/res/android/ResTable_config;)Z @ 898
Event: 30.699 Thread 0x0000000017f62800 Uncommon trap: reason=unstable_if action=reinterpret pc=0x0000000002e98bd8 method=org.robolectric.res.android.ResTable_config.match(Lorg/robolectric/res/android/ResTable_config;)Z @ 252

Internal exceptions (10 events):
Event: 19.055 Thread 0x0000000017f62800 Exception <a 'java/lang/NoSuchFieldError': method resolution failed> (0x00000000f7128d28) thrown at [C:\re\workspace\8-2-build-windows-amd64-cygwin\jdk8u111\7883\hotspot\src\share\vm\prims\methodHandles.cpp, line 1146]
Event: 20.355 Thread 0x0000000017f62800 Exception <a 'java/io/FileNotFoundException'> (0x00000000f8075da8) thrown at [C:\re\workspace\8-2-build-windows-amd64-cygwin\jdk8u111\7883\hotspot\src\share\vm\prims\jni.cpp, line 709]
Event: 20.465 Thread 0x0000000017f62800 Implicit null exception at 0x0000000002f37ed5 to 0x0000000002f380b1
Event: 21.920 Thread 0x0000000017f62800 Exception <a 'java/lang/NoSuchMethodError': java.lang.Object.lambda$comparingDouble$8dcf42ea$1(Ljava/util/function/ToDoubleFunction;Ljava/lang/Object;Ljava/lang/Object;)I> (0x00000000f81ffc38) thrown at [C:\re\workspace\8-2-build-windows-amd64-cygwin\jdk8
Event: 25.189 Thread 0x000000001aa4b000 Exception <a 'java/lang/NoSuchFieldError': method resolution failed> (0x00000000f797b628) thrown at [C:\re\workspace\8-2-build-windows-amd64-cygwin\jdk8u111\7883\hotspot\src\share\vm\prims\methodHandles.cpp, line 1146]
Event: 26.279 Thread 0x0000000017f62800 Exception <a 'java/lang/NoSuchFieldError': method resolution failed> (0x00000000fabaccc0) thrown at [C:\re\workspace\8-2-build-windows-amd64-cygwin\jdk8u111\7883\hotspot\src\share\vm\prims\methodHandles.cpp, line 1146]
Event: 26.492 Thread 0x0000000017f62800 Exception <a 'java/lang/NoSuchFieldError': method resolution failed> (0x00000000fb77ec10) thrown at [C:\re\workspace\8-2-build-windows-amd64-cygwin\jdk8u111\7883\hotspot\src\share\vm\prims\methodHandles.cpp, line 1146]
Event: 29.980 Thread 0x0000000017f62800 Implicit null exception at 0x000000000361e457 to 0x000000000361e52d
Event: 30.470 Thread 0x0000000017f62800 Exception <a 'java/lang/NoSuchMethodError': java.lang.Object.lambda$get$0(Ljava/lang/Object;)V> (0x00000000f8cbb460) thrown at [C:\re\workspace\8-2-build-windows-amd64-cygwin\jdk8u111\7883\hotspot\src\share\vm\interpreter\linkResolver.cpp, line 582]
Event: 30.703 Thread 0x0000000017f62800 Exception <a 'sun/nio/fs/WindowsException'> (0x00000000f983da20) thrown at [C:\re\workspace\8-2-build-windows-amd64-cygwin\jdk8u111\7883\hotspot\src\share\vm\prims\jni.cpp, line 709]

Events (10 events):
Event: 31.470 Executing VM operation: RevokeBias
Event: 31.470 Executing VM operation: RevokeBias done
Event: 31.824 Thread 0x000000001aa4d800 Thread added: 0x000000001aa4d800
Event: 31.862 Executing VM operation: RevokeBias
Event: 31.862 Executing VM operation: RevokeBias done
Event: 31.863 Thread 0x000000001aa4d800 Thread exited: 0x000000001aa4d800
Event: 32.043 loading class org/aplas/mylibrary/MainActivity
Event: 32.043 loading class org/aplas/mylibrary/MainActivity done
Event: 32.043 loading class org/aplas/mylibrary/TestC1MyData091
Event: 32.043 loading class org/aplas/mylibrary/TestC1MyData091 done


Dynamic libraries:
0x00007ff62e4a0000 - 0x00007ff62e4d7000 	C:\Program Files\Java\jdk1.8.0_111\bin\java.exe
0x00007ffdb2090000 - 0x00007ffdb2285000 	C:\WINDOWS\SYSTEM32\ntdll.dll
0x00007ffdb1180000 - 0x00007ffdb123e000 	C:\WINDOWS\System32\KERNEL32.DLL
0x00007ffdafc20000 - 0x00007ffdafee9000 	C:\WINDOWS\System32\KERNELBASE.dll
0x00007ffdb02f0000 - 0x00007ffdb039c000 	C:\WINDOWS\System32\ADVAPI32.dll
0x00007ffdb1910000 - 0x00007ffdb19ae000 	C:\WINDOWS\System32\msvcrt.dll
0x00007ffdb1390000 - 0x00007ffdb142b000 	C:\WINDOWS\System32\sechost.dll
0x00007ffdb17e0000 - 0x00007ffdb190a000 	C:\WINDOWS\System32\RPCRT4.dll
0x00007ffdb0890000 - 0x00007ffdb0a31000 	C:\WINDOWS\System32\USER32.dll
0x00007ffdaf7b0000 - 0x00007ffdaf7d2000 	C:\WINDOWS\System32\win32u.dll
0x00007ffdb02c0000 - 0x00007ffdb02eb000 	C:\WINDOWS\System32\GDI32.dll
0x00007ffdaff40000 - 0x00007ffdb004b000 	C:\WINDOWS\System32\gdi32full.dll
0x00007ffdaf920000 - 0x00007ffdaf9bd000 	C:\WINDOWS\System32\msvcp_win.dll
0x00007ffdaf9c0000 - 0x00007ffdafac0000 	C:\WINDOWS\System32\ucrtbase.dll
0x00007ffd6dee0000 - 0x00007ffd6e17a000 	C:\WINDOWS\WinSxS\amd64_microsoft.windows.common-controls_6595b64144ccf1df_6.0.19041.1110_none_60b5254171f9507e\COMCTL32.dll
0x00007ffdb1fc0000 - 0x00007ffdb1ff0000 	C:\WINDOWS\System32\IMM32.DLL
0x0000000064950000 - 0x0000000064a22000 	C:\Program Files\Java\jdk1.8.0_111\jre\bin\msvcr100.dll
0x00000000626d0000 - 0x0000000062f6a000 	C:\Program Files\Java\jdk1.8.0_111\jre\bin\server\jvm.dll
0x00007ffdb1f20000 - 0x00007ffdb1f28000 	C:\WINDOWS\System32\PSAPI.DLL
0x00007ffd9cb90000 - 0x00007ffd9cbb7000 	C:\WINDOWS\SYSTEM32\WINMM.dll
0x00007ffda8eb0000 - 0x00007ffda8eba000 	C:\WINDOWS\SYSTEM32\VERSION.dll
0x00007ffdab1d0000 - 0x00007ffdab1d9000 	C:\WINDOWS\SYSTEM32\WSOCK32.dll
0x00007ffdb1240000 - 0x00007ffdb12ab000 	C:\WINDOWS\System32\WS2_32.dll
0x0000000064940000 - 0x000000006494f000 	C:\Program Files\Java\jdk1.8.0_111\jre\bin\verify.dll
0x00000000626a0000 - 0x00000000626c9000 	C:\Program Files\Java\jdk1.8.0_111\jre\bin\java.dll
0x0000000062680000 - 0x0000000062696000 	C:\Program Files\Java\jdk1.8.0_111\jre\bin\zip.dll
0x00007ffdb0a40000 - 0x00007ffdb117f000 	C:\WINDOWS\System32\SHELL32.dll
0x00007ffdad870000 - 0x00007ffdae000000 	C:\WINDOWS\SYSTEM32\windows.storage.dll
0x00007ffdb03a0000 - 0x00007ffdb06f5000 	C:\WINDOWS\System32\combase.dll
0x00007ffdaf130000 - 0x00007ffdaf15c000 	C:\WINDOWS\SYSTEM32\Wldp.dll
0x00007ffdb16b0000 - 0x00007ffdb175d000 	C:\WINDOWS\System32\SHCORE.dll
0x00007ffdb1ff0000 - 0x00007ffdb2045000 	C:\WINDOWS\System32\shlwapi.dll
0x00007ffdaf6f0000 - 0x00007ffdaf70f000 	C:\WINDOWS\SYSTEM32\profapi.dll
0x0000000062660000 - 0x000000006267a000 	C:\Program Files\Java\jdk1.8.0_111\jre\bin\net.dll
0x00007ffdaee90000 - 0x00007ffdaeefa000 	C:\WINDOWS\system32\mswsock.dll
0x0000000062640000 - 0x0000000062651000 	C:\Program Files\Java\jdk1.8.0_111\jre\bin\nio.dll
0x00007ffdaf080000 - 0x00007ffdaf098000 	C:\WINDOWS\SYSTEM32\CRYPTSP.dll
0x00007ffdae810000 - 0x00007ffdae844000 	C:\WINDOWS\system32\rsaenh.dll
0x00007ffdb00b0000 - 0x00007ffdb00d7000 	C:\WINDOWS\System32\bcrypt.dll
0x00007ffdaf670000 - 0x00007ffdaf69e000 	C:\WINDOWS\SYSTEM32\USERENV.dll
0x00007ffdaf7e0000 - 0x00007ffdaf863000 	C:\WINDOWS\System32\bcryptprimitives.dll
0x00007ffdaf0a0000 - 0x00007ffdaf0ac000 	C:\WINDOWS\SYSTEM32\CRYPTBASE.dll
0x00007ffdaeb80000 - 0x00007ffdaebbb000 	C:\WINDOWS\SYSTEM32\IPHLPAPI.DLL
0x00007ffdb0880000 - 0x00007ffdb0888000 	C:\WINDOWS\System32\NSI.dll
0x00007ffdad450000 - 0x00007ffdad467000 	C:\WINDOWS\SYSTEM32\dhcpcsvc6.DLL
0x00007ffdad430000 - 0x00007ffdad44d000 	C:\WINDOWS\SYSTEM32\dhcpcsvc.DLL
0x00007ffdaebc0000 - 0x00007ffdaec8c000 	C:\WINDOWS\SYSTEM32\DNSAPI.dll
0x0000000062600000 - 0x0000000062624000 	C:\Program Files\Java\jdk1.8.0_111\jre\bin\sunec.dll
0x00000000625f0000 - 0x00000000625fb000 	C:\Program Files\Java\jdk1.8.0_111\jre\bin\sunmscapi.dll
0x00007ffdafac0000 - 0x00007ffdafc16000 	C:\WINDOWS\System32\CRYPT32.dll
0x00000000631c0000 - 0x0000000063358000 	C:\Program Files\Java\jdk1.8.0_111\jre\bin\awt.dll
0x00007ffdb19d0000 - 0x00007ffdb1a9d000 	C:\WINDOWS\System32\OLEAUT32.dll
0x00007ffdacbe0000 - 0x00007ffdacc70000 	C:\WINDOWS\SYSTEM32\apphelp.dll
0x00007ffdad680000 - 0x00007ffdad864000 	C:\WINDOWS\SYSTEM32\dbghelp.dll

VM Arguments:
jvm_args: -Djava.awt.headless=true -Djava.security.manager=worker.org.gradle.process.internal.worker.child.BootstrapSecurityManager -Dorg.gradle.native=false -Xmx512m -Dfile.encoding=windows-1252 -Duser.country=AU -Duser.language=en -Duser.variant -ea 
java_command: worker.org.gradle.process.internal.worker.GradleWorkerMain 'Gradle Test Executor 16'
java_class_path (initial): C:\Users\HP\.gradle\caches\6.1.1\workerMain\gradle-worker.jar
Launcher Type: SUN_STANDARD

Environment Variables:
PATH=C:\Program Files\Microsoft MPI\Bin\;C:\Program Files\Java\jdk-14.0.1\bin;C:\WINDOWS\system32;C:\WINDOWS;C:\WINDOWS\System32\Wbem;C:\WINDOWS\System32\WindowsPowerShell\v1.0\;C:\WINDOWS\System32\OpenSSH\;C:\Program Files\Git\cmd;C:\Program Files\Git\mingw64\bin;C:\Program Files\Git\usr\bin;C:\Program Files\Microsoft SQL Server\Client SDK\ODBC\170\Tools\Binn\;C:\Program Files (x86)\Microsoft SQL Server\150\Tools\Binn\;C:\Program Files\Microsoft SQL Server\150\Tools\Binn\;C:\Program Files\Microsoft SQL Server\150\DTS\Binn\;C:\Program Files (x86)\Microsoft SQL Server\150\DTS\Binn\;C:\Program Files\Microsoft SQL Server\Client SDK\ODBC\130\Tools\Binn\;C:\Users\HP\AppData\Roaming\Python\Python39\Scripts;C:\xampp\php;C:\ProgramData\ComposerSetup\bin;C:\Program Files\nodejs\;C:\Program Files\Microsoft SQL Server\130\Tools\Binn\;C:\Program Files (x86)\Microsoft SQL Server\110\DTS\Binn\;C:\Program Files (x86)\Microsoft SQL Server\120\DTS\Binn\;C:\Program Files (x86)\Microsoft SQL Server\130\DTS\Binn\;C:\Program Files (x86)\Microsoft SQL Server\140\DTS\Binn\;C:\Program Files\PuTTY\;D:\Flutter\flutter\bin;C:\Users\HP\AppData\Local\Programs\Microsoft VS Code\bin
USERNAME=HP
OS=Windows_NT
PROCESSOR_IDENTIFIER=AMD64 Family 23 Model 24 Stepping 1, AuthenticAMD



---------------  S Y S T E M  ---------------

OS: Windows 10.0 , 64 bit Build 19041 (10.0.19041.1202)

CPU:total 8 (8 cores per cpu, 1 threads per core) family 23 model 24 stepping 1, cmov, cx8, fxsr, mmx, sse, sse2, sse3, ssse3, sse4.1, sse4.2, popcnt, avx, avx2, aes, clmul, mmxext, 3dnowpref, lzcnt, sse4a, tsc, tscinvbit, tscinv, bmi1

Memory: 4k page, physical 6203584k(336524k free), swap 21407936k(6861064k free)

vm_info: Java HotSpot(TM) 64-Bit Server VM (25.111-b14) for windows-amd64 JRE (1.8.0_111-b14), built on Sep 22 2016 19:24:05 by "java_re" with MS VC++ 10.0 (VS2010)

time: Wed Nov 03 22:29:01 2021
elapsed time: 32 seconds (0d 0h 0m 32s)

